<?xml version="1.0" encoding="UTF-8"?>
<!-- Generated by org.testng.reporters.JUnitXMLReporter -->
<testsuite hostname="MrdeMacBook-Pro.local" name="test1" tests="47" failures="12" timestamp="11 Oct 2017 09:29:24 GMT" time="2408.928" errors="0">
  <testcase name="@AfterMethod tearDown" time="0.0" classname="com.codoon.test.DrycargoTest">
    <failure type="org.openqa.selenium.remote.SessionNotFoundException" message="A session is either terminated or not started (WARNING: The server did not provide any stacktrace information)
Command duration or timeout: 3 milliseconds
Build info: version: &amp;apos;2.48.2&amp;apos;, revision: &amp;apos;41bccdd10cf2c0560f637404c2d96164b67d9d67&amp;apos;, time: &amp;apos;2015-10-09 13:08:06&amp;apos;
System info: host: &amp;apos;MrdeMacBook-Pro.local&amp;apos;, ip: &amp;apos;192.168.10.123&amp;apos;, os.name: &amp;apos;Mac OS X&amp;apos;, os.arch: &amp;apos;x86_64&amp;apos;, os.version: &amp;apos;10.12.5&amp;apos;, java.version: &amp;apos;1.8.0_131&amp;apos;
Driver info: io.driver.SikuppiumDriver
Capabilities [{appPackage=com.codoon.gps, networkConnectionEnabled=true, recreateChromeDriverSessions=true, warnings={}, databaseEnabled=false, deviceName=125683fc, platform=LINUX, deviceUDID=125683fc, appActivity=.ui.SlideActivity, desired={appPackage=com.codoon.gps, appActivity=.ui.SlideActivity, recreateChromeDriverSessions=true, platformVersion=6.0.1, automationName=Appium, unicodeKeyboard=true, sessionOverride=true, platformName=Android, deviceName=125683fc, resetKeyboard=true, unexpectedAlertBehaviour=accept}, platformVersion=6.0.1, webStorageEnabled=false, locationContextEnabled=false, automationName=Appium, takesScreenshot=true, javascriptEnabled=true, unicodeKeyboard=true, sessionOverride=true, platformName=Android, resetKeyboard=true, unexpectedAlertBehaviour=accept}]
Session ID: 3c066ddf-9efa-4bbe-918a-eb5ba67c131d">
      <![CDATA[org.openqa.selenium.remote.SessionNotFoundException: A session is either terminated or not started (WARNING: The server did not provide any stacktrace information)
Command duration or timeout: 3 milliseconds
Build info: version: '2.48.2', revision: '41bccdd10cf2c0560f637404c2d96164b67d9d67', time: '2015-10-09 13:08:06'
System info: host: 'MrdeMacBook-Pro.local', ip: '192.168.10.123', os.name: 'Mac OS X', os.arch: 'x86_64', os.version: '10.12.5', java.version: '1.8.0_131'
Driver info: io.driver.SikuppiumDriver
Capabilities [{appPackage=com.codoon.gps, networkConnectionEnabled=true, recreateChromeDriverSessions=true, warnings={}, databaseEnabled=false, deviceName=125683fc, platform=LINUX, deviceUDID=125683fc, appActivity=.ui.SlideActivity, desired={appPackage=com.codoon.gps, appActivity=.ui.SlideActivity, recreateChromeDriverSessions=true, platformVersion=6.0.1, automationName=Appium, unicodeKeyboard=true, sessionOverride=true, platformName=Android, deviceName=125683fc, resetKeyboard=true, unexpectedAlertBehaviour=accept}, platformVersion=6.0.1, webStorageEnabled=false, locationContextEnabled=false, automationName=Appium, takesScreenshot=true, javascriptEnabled=true, unicodeKeyboard=true, sessionOverride=true, platformName=Android, resetKeyboard=true, unexpectedAlertBehaviour=accept}]
Session ID: 3c066ddf-9efa-4bbe-918a-eb5ba67c131d
	at org.openqa.selenium.remote.ErrorHandler.createThrowable(ErrorHandler.java:206)
	at org.openqa.selenium.remote.ErrorHandler.throwIfResponseFailed(ErrorHandler.java:164)
	at org.openqa.selenium.remote.RemoteWebDriver.execute(RemoteWebDriver.java:647)
	at io.appium.java_client.AppiumDriver.execute(AppiumDriver.java:180)
	at io.appium.java_client.AppiumDriver.execute(AppiumDriver.java:185)
	at io.appium.java_client.AppiumDriver.getContext(AppiumDriver.java:546)
	at com.codoon.common.util.DeviceHelper.pressBackToHomePage(DeviceHelper.java:406)
	at com.codoon.test.DrycargoTest.tearDown(DrycargoTest.java:42)
... Removed 29 stack frames]]>
    </failure>
  </testcase> <!-- @AfterMethod tearDown -->
  <testcase name="@BeforeMethod setUp" time="0.0" classname="com.codoon.test.DrycargoTest">
    <skipped/>
  </testcase> <!-- @BeforeMethod setUp -->
  <testcase name="@AfterMethod tearDown" time="0.0" classname="com.codoon.test.DrycargoTest">
    <failure type="org.openqa.selenium.remote.SessionNotFoundException" message="A session is either terminated or not started (WARNING: The server did not provide any stacktrace information)
Command duration or timeout: 4 milliseconds
Build info: version: &amp;apos;2.48.2&amp;apos;, revision: &amp;apos;41bccdd10cf2c0560f637404c2d96164b67d9d67&amp;apos;, time: &amp;apos;2015-10-09 13:08:06&amp;apos;
System info: host: &amp;apos;MrdeMacBook-Pro.local&amp;apos;, ip: &amp;apos;192.168.10.123&amp;apos;, os.name: &amp;apos;Mac OS X&amp;apos;, os.arch: &amp;apos;x86_64&amp;apos;, os.version: &amp;apos;10.12.5&amp;apos;, java.version: &amp;apos;1.8.0_131&amp;apos;
Driver info: io.driver.SikuppiumDriver
Capabilities [{appPackage=com.codoon.gps, networkConnectionEnabled=true, recreateChromeDriverSessions=true, warnings={}, databaseEnabled=false, deviceName=125683fc, platform=LINUX, deviceUDID=125683fc, appActivity=.ui.SlideActivity, desired={appPackage=com.codoon.gps, appActivity=.ui.SlideActivity, recreateChromeDriverSessions=true, platformVersion=6.0.1, automationName=Appium, unicodeKeyboard=true, sessionOverride=true, platformName=Android, deviceName=125683fc, resetKeyboard=true, unexpectedAlertBehaviour=accept}, platformVersion=6.0.1, webStorageEnabled=false, locationContextEnabled=false, automationName=Appium, takesScreenshot=true, javascriptEnabled=true, unicodeKeyboard=true, sessionOverride=true, platformName=Android, resetKeyboard=true, unexpectedAlertBehaviour=accept}]
Session ID: 3c066ddf-9efa-4bbe-918a-eb5ba67c131d">
      <![CDATA[org.openqa.selenium.remote.SessionNotFoundException: A session is either terminated or not started (WARNING: The server did not provide any stacktrace information)
Command duration or timeout: 4 milliseconds
Build info: version: '2.48.2', revision: '41bccdd10cf2c0560f637404c2d96164b67d9d67', time: '2015-10-09 13:08:06'
System info: host: 'MrdeMacBook-Pro.local', ip: '192.168.10.123', os.name: 'Mac OS X', os.arch: 'x86_64', os.version: '10.12.5', java.version: '1.8.0_131'
Driver info: io.driver.SikuppiumDriver
Capabilities [{appPackage=com.codoon.gps, networkConnectionEnabled=true, recreateChromeDriverSessions=true, warnings={}, databaseEnabled=false, deviceName=125683fc, platform=LINUX, deviceUDID=125683fc, appActivity=.ui.SlideActivity, desired={appPackage=com.codoon.gps, appActivity=.ui.SlideActivity, recreateChromeDriverSessions=true, platformVersion=6.0.1, automationName=Appium, unicodeKeyboard=true, sessionOverride=true, platformName=Android, deviceName=125683fc, resetKeyboard=true, unexpectedAlertBehaviour=accept}, platformVersion=6.0.1, webStorageEnabled=false, locationContextEnabled=false, automationName=Appium, takesScreenshot=true, javascriptEnabled=true, unicodeKeyboard=true, sessionOverride=true, platformName=Android, resetKeyboard=true, unexpectedAlertBehaviour=accept}]
Session ID: 3c066ddf-9efa-4bbe-918a-eb5ba67c131d
	at org.openqa.selenium.remote.ErrorHandler.createThrowable(ErrorHandler.java:206)
	at org.openqa.selenium.remote.ErrorHandler.throwIfResponseFailed(ErrorHandler.java:164)
	at org.openqa.selenium.remote.RemoteWebDriver.execute(RemoteWebDriver.java:647)
	at io.appium.java_client.AppiumDriver.execute(AppiumDriver.java:180)
	at io.appium.java_client.AppiumDriver.execute(AppiumDriver.java:185)
	at io.appium.java_client.AppiumDriver.getContext(AppiumDriver.java:546)
	at com.codoon.common.util.DeviceHelper.pressBackToHomePage(DeviceHelper.java:406)
	at com.codoon.test.DrycargoTest.tearDown(DrycargoTest.java:42)
... Removed 29 stack frames]]>
    </failure>
  </testcase> <!-- @AfterMethod tearDown -->
  <testcase name="@BeforeMethod setUp" time="0.0" classname="com.codoon.test.DrycargoTest">
    <skipped/>
  </testcase> <!-- @BeforeMethod setUp -->
  <testcase name="@AfterMethod tearDown" time="0.0" classname="com.codoon.test.DrycargoTest">
    <failure type="org.openqa.selenium.remote.SessionNotFoundException" message="A session is either terminated or not started (WARNING: The server did not provide any stacktrace information)
Command duration or timeout: 3 milliseconds
Build info: version: &amp;apos;2.48.2&amp;apos;, revision: &amp;apos;41bccdd10cf2c0560f637404c2d96164b67d9d67&amp;apos;, time: &amp;apos;2015-10-09 13:08:06&amp;apos;
System info: host: &amp;apos;MrdeMacBook-Pro.local&amp;apos;, ip: &amp;apos;192.168.10.123&amp;apos;, os.name: &amp;apos;Mac OS X&amp;apos;, os.arch: &amp;apos;x86_64&amp;apos;, os.version: &amp;apos;10.12.5&amp;apos;, java.version: &amp;apos;1.8.0_131&amp;apos;
Driver info: io.driver.SikuppiumDriver
Capabilities [{appPackage=com.codoon.gps, networkConnectionEnabled=true, recreateChromeDriverSessions=true, warnings={}, databaseEnabled=false, deviceName=125683fc, platform=LINUX, deviceUDID=125683fc, appActivity=.ui.SlideActivity, desired={appPackage=com.codoon.gps, appActivity=.ui.SlideActivity, recreateChromeDriverSessions=true, platformVersion=6.0.1, automationName=Appium, unicodeKeyboard=true, sessionOverride=true, platformName=Android, deviceName=125683fc, resetKeyboard=true, unexpectedAlertBehaviour=accept}, platformVersion=6.0.1, webStorageEnabled=false, locationContextEnabled=false, automationName=Appium, takesScreenshot=true, javascriptEnabled=true, unicodeKeyboard=true, sessionOverride=true, platformName=Android, resetKeyboard=true, unexpectedAlertBehaviour=accept}]
Session ID: 3c066ddf-9efa-4bbe-918a-eb5ba67c131d">
      <![CDATA[org.openqa.selenium.remote.SessionNotFoundException: A session is either terminated or not started (WARNING: The server did not provide any stacktrace information)
Command duration or timeout: 3 milliseconds
Build info: version: '2.48.2', revision: '41bccdd10cf2c0560f637404c2d96164b67d9d67', time: '2015-10-09 13:08:06'
System info: host: 'MrdeMacBook-Pro.local', ip: '192.168.10.123', os.name: 'Mac OS X', os.arch: 'x86_64', os.version: '10.12.5', java.version: '1.8.0_131'
Driver info: io.driver.SikuppiumDriver
Capabilities [{appPackage=com.codoon.gps, networkConnectionEnabled=true, recreateChromeDriverSessions=true, warnings={}, databaseEnabled=false, deviceName=125683fc, platform=LINUX, deviceUDID=125683fc, appActivity=.ui.SlideActivity, desired={appPackage=com.codoon.gps, appActivity=.ui.SlideActivity, recreateChromeDriverSessions=true, platformVersion=6.0.1, automationName=Appium, unicodeKeyboard=true, sessionOverride=true, platformName=Android, deviceName=125683fc, resetKeyboard=true, unexpectedAlertBehaviour=accept}, platformVersion=6.0.1, webStorageEnabled=false, locationContextEnabled=false, automationName=Appium, takesScreenshot=true, javascriptEnabled=true, unicodeKeyboard=true, sessionOverride=true, platformName=Android, resetKeyboard=true, unexpectedAlertBehaviour=accept}]
Session ID: 3c066ddf-9efa-4bbe-918a-eb5ba67c131d
	at org.openqa.selenium.remote.ErrorHandler.createThrowable(ErrorHandler.java:206)
	at org.openqa.selenium.remote.ErrorHandler.throwIfResponseFailed(ErrorHandler.java:164)
	at org.openqa.selenium.remote.RemoteWebDriver.execute(RemoteWebDriver.java:647)
	at io.appium.java_client.AppiumDriver.execute(AppiumDriver.java:180)
	at io.appium.java_client.AppiumDriver.execute(AppiumDriver.java:185)
	at io.appium.java_client.AppiumDriver.getContext(AppiumDriver.java:546)
	at com.codoon.common.util.DeviceHelper.pressBackToHomePage(DeviceHelper.java:406)
	at com.codoon.test.DrycargoTest.tearDown(DrycargoTest.java:42)
... Removed 29 stack frames]]>
    </failure>
  </testcase> <!-- @AfterMethod tearDown -->
  <testcase name="@BeforeMethod setUp" time="0.0" classname="com.codoon.test.DrycargoTest">
    <skipped/>
  </testcase> <!-- @BeforeMethod setUp -->
  <testcase name="@AfterMethod tearDown" time="0.0" classname="com.codoon.test.DrycargoTest">
    <failure type="org.openqa.selenium.remote.SessionNotFoundException" message="A session is either terminated or not started (WARNING: The server did not provide any stacktrace information)
Command duration or timeout: 3 milliseconds
Build info: version: &amp;apos;2.48.2&amp;apos;, revision: &amp;apos;41bccdd10cf2c0560f637404c2d96164b67d9d67&amp;apos;, time: &amp;apos;2015-10-09 13:08:06&amp;apos;
System info: host: &amp;apos;MrdeMacBook-Pro.local&amp;apos;, ip: &amp;apos;192.168.10.123&amp;apos;, os.name: &amp;apos;Mac OS X&amp;apos;, os.arch: &amp;apos;x86_64&amp;apos;, os.version: &amp;apos;10.12.5&amp;apos;, java.version: &amp;apos;1.8.0_131&amp;apos;
Driver info: io.driver.SikuppiumDriver
Capabilities [{appPackage=com.codoon.gps, networkConnectionEnabled=true, recreateChromeDriverSessions=true, warnings={}, databaseEnabled=false, deviceName=125683fc, platform=LINUX, deviceUDID=125683fc, appActivity=.ui.SlideActivity, desired={appPackage=com.codoon.gps, appActivity=.ui.SlideActivity, recreateChromeDriverSessions=true, platformVersion=6.0.1, automationName=Appium, unicodeKeyboard=true, sessionOverride=true, platformName=Android, deviceName=125683fc, resetKeyboard=true, unexpectedAlertBehaviour=accept}, platformVersion=6.0.1, webStorageEnabled=false, locationContextEnabled=false, automationName=Appium, takesScreenshot=true, javascriptEnabled=true, unicodeKeyboard=true, sessionOverride=true, platformName=Android, resetKeyboard=true, unexpectedAlertBehaviour=accept}]
Session ID: 3c066ddf-9efa-4bbe-918a-eb5ba67c131d">
      <![CDATA[org.openqa.selenium.remote.SessionNotFoundException: A session is either terminated or not started (WARNING: The server did not provide any stacktrace information)
Command duration or timeout: 3 milliseconds
Build info: version: '2.48.2', revision: '41bccdd10cf2c0560f637404c2d96164b67d9d67', time: '2015-10-09 13:08:06'
System info: host: 'MrdeMacBook-Pro.local', ip: '192.168.10.123', os.name: 'Mac OS X', os.arch: 'x86_64', os.version: '10.12.5', java.version: '1.8.0_131'
Driver info: io.driver.SikuppiumDriver
Capabilities [{appPackage=com.codoon.gps, networkConnectionEnabled=true, recreateChromeDriverSessions=true, warnings={}, databaseEnabled=false, deviceName=125683fc, platform=LINUX, deviceUDID=125683fc, appActivity=.ui.SlideActivity, desired={appPackage=com.codoon.gps, appActivity=.ui.SlideActivity, recreateChromeDriverSessions=true, platformVersion=6.0.1, automationName=Appium, unicodeKeyboard=true, sessionOverride=true, platformName=Android, deviceName=125683fc, resetKeyboard=true, unexpectedAlertBehaviour=accept}, platformVersion=6.0.1, webStorageEnabled=false, locationContextEnabled=false, automationName=Appium, takesScreenshot=true, javascriptEnabled=true, unicodeKeyboard=true, sessionOverride=true, platformName=Android, resetKeyboard=true, unexpectedAlertBehaviour=accept}]
Session ID: 3c066ddf-9efa-4bbe-918a-eb5ba67c131d
	at org.openqa.selenium.remote.ErrorHandler.createThrowable(ErrorHandler.java:206)
	at org.openqa.selenium.remote.ErrorHandler.throwIfResponseFailed(ErrorHandler.java:164)
	at org.openqa.selenium.remote.RemoteWebDriver.execute(RemoteWebDriver.java:647)
	at io.appium.java_client.AppiumDriver.execute(AppiumDriver.java:180)
	at io.appium.java_client.AppiumDriver.execute(AppiumDriver.java:185)
	at io.appium.java_client.AppiumDriver.getContext(AppiumDriver.java:546)
	at com.codoon.common.util.DeviceHelper.pressBackToHomePage(DeviceHelper.java:406)
	at com.codoon.test.DrycargoTest.tearDown(DrycargoTest.java:42)
... Removed 29 stack frames]]>
    </failure>
  </testcase> <!-- @AfterMethod tearDown -->
  <testcase name="@BeforeMethod setUp" time="0.0" classname="com.codoon.test.DrycargoTest">
    <skipped/>
  </testcase> <!-- @BeforeMethod setUp -->
  <testcase name="@AfterMethod tearDown" time="0.0" classname="com.codoon.test.DrycargoTest">
    <failure type="org.openqa.selenium.remote.SessionNotFoundException" message="A session is either terminated or not started (WARNING: The server did not provide any stacktrace information)
Command duration or timeout: 4 milliseconds
Build info: version: &amp;apos;2.48.2&amp;apos;, revision: &amp;apos;41bccdd10cf2c0560f637404c2d96164b67d9d67&amp;apos;, time: &amp;apos;2015-10-09 13:08:06&amp;apos;
System info: host: &amp;apos;MrdeMacBook-Pro.local&amp;apos;, ip: &amp;apos;192.168.10.123&amp;apos;, os.name: &amp;apos;Mac OS X&amp;apos;, os.arch: &amp;apos;x86_64&amp;apos;, os.version: &amp;apos;10.12.5&amp;apos;, java.version: &amp;apos;1.8.0_131&amp;apos;
Driver info: io.driver.SikuppiumDriver
Capabilities [{appPackage=com.codoon.gps, networkConnectionEnabled=true, recreateChromeDriverSessions=true, warnings={}, databaseEnabled=false, deviceName=125683fc, platform=LINUX, deviceUDID=125683fc, appActivity=.ui.SlideActivity, desired={appPackage=com.codoon.gps, appActivity=.ui.SlideActivity, recreateChromeDriverSessions=true, platformVersion=6.0.1, automationName=Appium, unicodeKeyboard=true, sessionOverride=true, platformName=Android, deviceName=125683fc, resetKeyboard=true, unexpectedAlertBehaviour=accept}, platformVersion=6.0.1, webStorageEnabled=false, locationContextEnabled=false, automationName=Appium, takesScreenshot=true, javascriptEnabled=true, unicodeKeyboard=true, sessionOverride=true, platformName=Android, resetKeyboard=true, unexpectedAlertBehaviour=accept}]
Session ID: 3c066ddf-9efa-4bbe-918a-eb5ba67c131d">
      <![CDATA[org.openqa.selenium.remote.SessionNotFoundException: A session is either terminated or not started (WARNING: The server did not provide any stacktrace information)
Command duration or timeout: 4 milliseconds
Build info: version: '2.48.2', revision: '41bccdd10cf2c0560f637404c2d96164b67d9d67', time: '2015-10-09 13:08:06'
System info: host: 'MrdeMacBook-Pro.local', ip: '192.168.10.123', os.name: 'Mac OS X', os.arch: 'x86_64', os.version: '10.12.5', java.version: '1.8.0_131'
Driver info: io.driver.SikuppiumDriver
Capabilities [{appPackage=com.codoon.gps, networkConnectionEnabled=true, recreateChromeDriverSessions=true, warnings={}, databaseEnabled=false, deviceName=125683fc, platform=LINUX, deviceUDID=125683fc, appActivity=.ui.SlideActivity, desired={appPackage=com.codoon.gps, appActivity=.ui.SlideActivity, recreateChromeDriverSessions=true, platformVersion=6.0.1, automationName=Appium, unicodeKeyboard=true, sessionOverride=true, platformName=Android, deviceName=125683fc, resetKeyboard=true, unexpectedAlertBehaviour=accept}, platformVersion=6.0.1, webStorageEnabled=false, locationContextEnabled=false, automationName=Appium, takesScreenshot=true, javascriptEnabled=true, unicodeKeyboard=true, sessionOverride=true, platformName=Android, resetKeyboard=true, unexpectedAlertBehaviour=accept}]
Session ID: 3c066ddf-9efa-4bbe-918a-eb5ba67c131d
	at org.openqa.selenium.remote.ErrorHandler.createThrowable(ErrorHandler.java:206)
	at org.openqa.selenium.remote.ErrorHandler.throwIfResponseFailed(ErrorHandler.java:164)
	at org.openqa.selenium.remote.RemoteWebDriver.execute(RemoteWebDriver.java:647)
	at io.appium.java_client.AppiumDriver.execute(AppiumDriver.java:180)
	at io.appium.java_client.AppiumDriver.execute(AppiumDriver.java:185)
	at io.appium.java_client.AppiumDriver.getContext(AppiumDriver.java:546)
	at com.codoon.common.util.DeviceHelper.pressBackToHomePage(DeviceHelper.java:406)
	at com.codoon.test.DrycargoTest.tearDown(DrycargoTest.java:42)
... Removed 29 stack frames]]>
    </failure>
  </testcase> <!-- @AfterMethod tearDown -->
  <testcase name="@BeforeMethod setUp" time="0.0" classname="com.codoon.test.DrycargoTest">
    <skipped/>
  </testcase> <!-- @BeforeMethod setUp -->
  <testcase name="@AfterMethod tearDown" time="0.0" classname="com.codoon.test.DrycargoTest">
    <failure type="org.openqa.selenium.remote.SessionNotFoundException" message="A session is either terminated or not started (WARNING: The server did not provide any stacktrace information)
Command duration or timeout: 4 milliseconds
Build info: version: &amp;apos;2.48.2&amp;apos;, revision: &amp;apos;41bccdd10cf2c0560f637404c2d96164b67d9d67&amp;apos;, time: &amp;apos;2015-10-09 13:08:06&amp;apos;
System info: host: &amp;apos;MrdeMacBook-Pro.local&amp;apos;, ip: &amp;apos;192.168.10.123&amp;apos;, os.name: &amp;apos;Mac OS X&amp;apos;, os.arch: &amp;apos;x86_64&amp;apos;, os.version: &amp;apos;10.12.5&amp;apos;, java.version: &amp;apos;1.8.0_131&amp;apos;
Driver info: io.driver.SikuppiumDriver
Capabilities [{appPackage=com.codoon.gps, networkConnectionEnabled=true, recreateChromeDriverSessions=true, warnings={}, databaseEnabled=false, deviceName=125683fc, platform=LINUX, deviceUDID=125683fc, appActivity=.ui.SlideActivity, desired={appPackage=com.codoon.gps, appActivity=.ui.SlideActivity, recreateChromeDriverSessions=true, platformVersion=6.0.1, automationName=Appium, unicodeKeyboard=true, sessionOverride=true, platformName=Android, deviceName=125683fc, resetKeyboard=true, unexpectedAlertBehaviour=accept}, platformVersion=6.0.1, webStorageEnabled=false, locationContextEnabled=false, automationName=Appium, takesScreenshot=true, javascriptEnabled=true, unicodeKeyboard=true, sessionOverride=true, platformName=Android, resetKeyboard=true, unexpectedAlertBehaviour=accept}]
Session ID: 3c066ddf-9efa-4bbe-918a-eb5ba67c131d">
      <![CDATA[org.openqa.selenium.remote.SessionNotFoundException: A session is either terminated or not started (WARNING: The server did not provide any stacktrace information)
Command duration or timeout: 4 milliseconds
Build info: version: '2.48.2', revision: '41bccdd10cf2c0560f637404c2d96164b67d9d67', time: '2015-10-09 13:08:06'
System info: host: 'MrdeMacBook-Pro.local', ip: '192.168.10.123', os.name: 'Mac OS X', os.arch: 'x86_64', os.version: '10.12.5', java.version: '1.8.0_131'
Driver info: io.driver.SikuppiumDriver
Capabilities [{appPackage=com.codoon.gps, networkConnectionEnabled=true, recreateChromeDriverSessions=true, warnings={}, databaseEnabled=false, deviceName=125683fc, platform=LINUX, deviceUDID=125683fc, appActivity=.ui.SlideActivity, desired={appPackage=com.codoon.gps, appActivity=.ui.SlideActivity, recreateChromeDriverSessions=true, platformVersion=6.0.1, automationName=Appium, unicodeKeyboard=true, sessionOverride=true, platformName=Android, deviceName=125683fc, resetKeyboard=true, unexpectedAlertBehaviour=accept}, platformVersion=6.0.1, webStorageEnabled=false, locationContextEnabled=false, automationName=Appium, takesScreenshot=true, javascriptEnabled=true, unicodeKeyboard=true, sessionOverride=true, platformName=Android, resetKeyboard=true, unexpectedAlertBehaviour=accept}]
Session ID: 3c066ddf-9efa-4bbe-918a-eb5ba67c131d
	at org.openqa.selenium.remote.ErrorHandler.createThrowable(ErrorHandler.java:206)
	at org.openqa.selenium.remote.ErrorHandler.throwIfResponseFailed(ErrorHandler.java:164)
	at org.openqa.selenium.remote.RemoteWebDriver.execute(RemoteWebDriver.java:647)
	at io.appium.java_client.AppiumDriver.execute(AppiumDriver.java:180)
	at io.appium.java_client.AppiumDriver.execute(AppiumDriver.java:185)
	at io.appium.java_client.AppiumDriver.getContext(AppiumDriver.java:546)
	at com.codoon.common.util.DeviceHelper.pressBackToHomePage(DeviceHelper.java:406)
	at com.codoon.test.DrycargoTest.tearDown(DrycargoTest.java:42)
... Removed 29 stack frames]]>
    </failure>
  </testcase> <!-- @AfterMethod tearDown -->
  <testcase name="@AfterClass tearDownClass" time="0.0" classname="com.codoon.test.DrycargoTest">
    <failure type="org.openqa.selenium.remote.SessionNotFoundException" message="A session is either terminated or not started (WARNING: The server did not provide any stacktrace information)
Command duration or timeout: 5 milliseconds
Build info: version: &amp;apos;2.48.2&amp;apos;, revision: &amp;apos;41bccdd10cf2c0560f637404c2d96164b67d9d67&amp;apos;, time: &amp;apos;2015-10-09 13:08:06&amp;apos;
System info: host: &amp;apos;MrdeMacBook-Pro.local&amp;apos;, ip: &amp;apos;192.168.10.123&amp;apos;, os.name: &amp;apos;Mac OS X&amp;apos;, os.arch: &amp;apos;x86_64&amp;apos;, os.version: &amp;apos;10.12.5&amp;apos;, java.version: &amp;apos;1.8.0_131&amp;apos;
Driver info: io.driver.SikuppiumDriver
Capabilities [{appPackage=com.codoon.gps, networkConnectionEnabled=true, recreateChromeDriverSessions=true, warnings={}, databaseEnabled=false, deviceName=125683fc, platform=LINUX, deviceUDID=125683fc, appActivity=.ui.SlideActivity, desired={appPackage=com.codoon.gps, appActivity=.ui.SlideActivity, recreateChromeDriverSessions=true, platformVersion=6.0.1, automationName=Appium, unicodeKeyboard=true, sessionOverride=true, platformName=Android, deviceName=125683fc, resetKeyboard=true, unexpectedAlertBehaviour=accept}, platformVersion=6.0.1, webStorageEnabled=false, locationContextEnabled=false, automationName=Appium, takesScreenshot=true, javascriptEnabled=true, unicodeKeyboard=true, sessionOverride=true, platformName=Android, resetKeyboard=true, unexpectedAlertBehaviour=accept}]
Session ID: 3c066ddf-9efa-4bbe-918a-eb5ba67c131d">
      <![CDATA[org.openqa.selenium.remote.SessionNotFoundException: A session is either terminated or not started (WARNING: The server did not provide any stacktrace information)
Command duration or timeout: 5 milliseconds
Build info: version: '2.48.2', revision: '41bccdd10cf2c0560f637404c2d96164b67d9d67', time: '2015-10-09 13:08:06'
System info: host: 'MrdeMacBook-Pro.local', ip: '192.168.10.123', os.name: 'Mac OS X', os.arch: 'x86_64', os.version: '10.12.5', java.version: '1.8.0_131'
Driver info: io.driver.SikuppiumDriver
Capabilities [{appPackage=com.codoon.gps, networkConnectionEnabled=true, recreateChromeDriverSessions=true, warnings={}, databaseEnabled=false, deviceName=125683fc, platform=LINUX, deviceUDID=125683fc, appActivity=.ui.SlideActivity, desired={appPackage=com.codoon.gps, appActivity=.ui.SlideActivity, recreateChromeDriverSessions=true, platformVersion=6.0.1, automationName=Appium, unicodeKeyboard=true, sessionOverride=true, platformName=Android, deviceName=125683fc, resetKeyboard=true, unexpectedAlertBehaviour=accept}, platformVersion=6.0.1, webStorageEnabled=false, locationContextEnabled=false, automationName=Appium, takesScreenshot=true, javascriptEnabled=true, unicodeKeyboard=true, sessionOverride=true, platformName=Android, resetKeyboard=true, unexpectedAlertBehaviour=accept}]
Session ID: 3c066ddf-9efa-4bbe-918a-eb5ba67c131d
	at org.openqa.selenium.remote.ErrorHandler.createThrowable(ErrorHandler.java:206)
	at org.openqa.selenium.remote.ErrorHandler.throwIfResponseFailed(ErrorHandler.java:164)
	at org.openqa.selenium.remote.RemoteWebDriver.execute(RemoteWebDriver.java:647)
	at io.appium.java_client.AppiumDriver.execute(AppiumDriver.java:180)
	at io.appium.java_client.AppiumDriver.execute(AppiumDriver.java:185)
	at org.openqa.selenium.remote.RemoteWebDriver.quit(RemoteWebDriver.java:516)
	at com.codoon.test.BaseTest.tearDownClass(BaseTest.java:65)
... Removed 27 stack frames]]>
    </failure>
  </testcase> <!-- @AfterClass tearDownClass -->
  <testcase name="test001" time="4.051" classname="com.codoon.test.SportCircleTest"/>
  <testcase name="test002" time="3.554" classname="com.codoon.test.SportCircleTest"/>
  <testcase name="test003" time="20.075" classname="com.codoon.test.SportCircleTest"/>
  <testcase name="test004" time="29.963" classname="com.codoon.test.SportCircleTest"/>
  <testcase name="test005" time="9.044" classname="com.codoon.test.SportCircleTest"/>
  <testcase name="test006" time="48.311" classname="com.codoon.test.SportCircleTest"/>
  <testcase name="test007" time="9.339" classname="com.codoon.test.SportCircleTest"/>
  <testcase name="test008" time="39.397" classname="com.codoon.test.SportCircleTest"/>
  <testcase name="test010" time="20.469" classname="com.codoon.test.SportCircleTest"/>
  <testcase name="test011" time="11.049" classname="com.codoon.test.SportCircleTest"/>
  <testcase name="test012" time="11.114" classname="com.codoon.test.SportCircleTest"/>
  <testcase name="test013" time="16.132" classname="com.codoon.test.SportCircleTest"/>
  <testcase name="test014" time="60.555" classname="com.codoon.test.SportCircleTest"/>
  <testcase name="test015" time="60.449" classname="com.codoon.test.SportCircleTest"/>
  <testcase name="test016" time="63.951" classname="com.codoon.test.SportCircleTest"/>
  <testcase name="test017" time="17.14" classname="com.codoon.test.SportCircleTest"/>
  <testcase name="test018" time="17.177" classname="com.codoon.test.SportCircleTest">
    <failure type="org.openqa.selenium.NoSuchElementException" message="Can&amp;apos;t locate an element by this strategy: By.AndroidUIAutomator: text(&amp;quot;推荐用户&amp;quot;)
For documentation on this error, please visit: http://seleniumhq.org/exceptions/no_such_element.html
Build info: version: &amp;apos;2.48.2&amp;apos;, revision: &amp;apos;41bccdd10cf2c0560f637404c2d96164b67d9d67&amp;apos;, time: &amp;apos;2015-10-09 13:08:06&amp;apos;
System info: host: &amp;apos;MrdeMacBook-Pro.local&amp;apos;, ip: &amp;apos;192.168.10.123&amp;apos;, os.name: &amp;apos;Mac OS X&amp;apos;, os.arch: &amp;apos;x86_64&amp;apos;, os.version: &amp;apos;10.12.5&amp;apos;, java.version: &amp;apos;1.8.0_131&amp;apos;
Driver info: driver.version: unknown">
      <![CDATA[org.openqa.selenium.NoSuchElementException: Can't locate an element by this strategy: By.AndroidUIAutomator: text("推荐用户")
For documentation on this error, please visit: http://seleniumhq.org/exceptions/no_such_element.html
Build info: version: '2.48.2', revision: '41bccdd10cf2c0560f637404c2d96164b67d9d67', time: '2015-10-09 13:08:06'
System info: host: 'MrdeMacBook-Pro.local', ip: '192.168.10.123', os.name: 'Mac OS X', os.arch: 'x86_64', os.version: '10.12.5', java.version: '1.8.0_131'
Driver info: driver.version: unknown
	at io.appium.java_client.pagefactory.AppiumElementLocator.findElement(AppiumElementLocator.java:147)
	at io.appium.java_client.pagefactory.ElementInterceptor.intercept(ElementInterceptor.java:26)
	at org.openqa.selenium.remote.RemoteWebElement$$EnhancerByCGLIB$$3e70910a.getLocation(<generated>)
	at com.codoon.common.util.DeviceHelper.moveToHalfScreen(DeviceHelper.java:319)
	at com.codoon.test.SportCircleTest.test018(SportCircleTest.java:368)
... Removed 23 stack frames]]>
    </failure>
  </testcase> <!-- test018 -->
  <testcase name="test018" time="22.125" classname="com.codoon.test.SportCircleTest">
    <failure type="org.openqa.selenium.NoSuchElementException" message="Can&amp;apos;t locate an element by this strategy: By.AndroidUIAutomator: text(&amp;quot;推荐用户&amp;quot;)
For documentation on this error, please visit: http://seleniumhq.org/exceptions/no_such_element.html
Build info: version: &amp;apos;2.48.2&amp;apos;, revision: &amp;apos;41bccdd10cf2c0560f637404c2d96164b67d9d67&amp;apos;, time: &amp;apos;2015-10-09 13:08:06&amp;apos;
System info: host: &amp;apos;MrdeMacBook-Pro.local&amp;apos;, ip: &amp;apos;192.168.10.123&amp;apos;, os.name: &amp;apos;Mac OS X&amp;apos;, os.arch: &amp;apos;x86_64&amp;apos;, os.version: &amp;apos;10.12.5&amp;apos;, java.version: &amp;apos;1.8.0_131&amp;apos;
Driver info: driver.version: unknown">
      <![CDATA[org.openqa.selenium.NoSuchElementException: Can't locate an element by this strategy: By.AndroidUIAutomator: text("推荐用户")
For documentation on this error, please visit: http://seleniumhq.org/exceptions/no_such_element.html
Build info: version: '2.48.2', revision: '41bccdd10cf2c0560f637404c2d96164b67d9d67', time: '2015-10-09 13:08:06'
System info: host: 'MrdeMacBook-Pro.local', ip: '192.168.10.123', os.name: 'Mac OS X', os.arch: 'x86_64', os.version: '10.12.5', java.version: '1.8.0_131'
Driver info: driver.version: unknown
	at io.appium.java_client.pagefactory.AppiumElementLocator.findElement(AppiumElementLocator.java:147)
	at io.appium.java_client.pagefactory.ElementInterceptor.intercept(ElementInterceptor.java:26)
	at org.openqa.selenium.remote.RemoteWebElement$$EnhancerByCGLIB$$3e70910a.getLocation(<generated>)
	at com.codoon.common.util.DeviceHelper.moveToHalfScreen(DeviceHelper.java:319)
	at com.codoon.test.SportCircleTest.test018(SportCircleTest.java:368)
... Removed 23 stack frames]]>
    </failure>
  </testcase> <!-- test018 -->
  <testcase name="test018" time="19.22" classname="com.codoon.test.SportCircleTest">
    <failure type="org.openqa.selenium.NoSuchElementException" message="Can&amp;apos;t locate an element by this strategy: By.AndroidUIAutomator: text(&amp;quot;推荐用户&amp;quot;)
For documentation on this error, please visit: http://seleniumhq.org/exceptions/no_such_element.html
Build info: version: &amp;apos;2.48.2&amp;apos;, revision: &amp;apos;41bccdd10cf2c0560f637404c2d96164b67d9d67&amp;apos;, time: &amp;apos;2015-10-09 13:08:06&amp;apos;
System info: host: &amp;apos;MrdeMacBook-Pro.local&amp;apos;, ip: &amp;apos;192.168.10.123&amp;apos;, os.name: &amp;apos;Mac OS X&amp;apos;, os.arch: &amp;apos;x86_64&amp;apos;, os.version: &amp;apos;10.12.5&amp;apos;, java.version: &amp;apos;1.8.0_131&amp;apos;
Driver info: driver.version: unknown">
      <![CDATA[org.openqa.selenium.NoSuchElementException: Can't locate an element by this strategy: By.AndroidUIAutomator: text("推荐用户")
For documentation on this error, please visit: http://seleniumhq.org/exceptions/no_such_element.html
Build info: version: '2.48.2', revision: '41bccdd10cf2c0560f637404c2d96164b67d9d67', time: '2015-10-09 13:08:06'
System info: host: 'MrdeMacBook-Pro.local', ip: '192.168.10.123', os.name: 'Mac OS X', os.arch: 'x86_64', os.version: '10.12.5', java.version: '1.8.0_131'
Driver info: driver.version: unknown
	at io.appium.java_client.pagefactory.AppiumElementLocator.findElement(AppiumElementLocator.java:147)
	at io.appium.java_client.pagefactory.ElementInterceptor.intercept(ElementInterceptor.java:26)
	at org.openqa.selenium.remote.RemoteWebElement$$EnhancerByCGLIB$$3e70910a.getLocation(<generated>)
	at com.codoon.common.util.DeviceHelper.moveToHalfScreen(DeviceHelper.java:319)
	at com.codoon.test.SportCircleTest.test018(SportCircleTest.java:368)
... Removed 23 stack frames]]>
    </failure>
  </testcase> <!-- test018 -->
  <testcase name="test019" time="42.501" classname="com.codoon.test.SportCircleTest">
    <failure type="org.openqa.selenium.NoSuchElementException" message="Can&amp;apos;t locate an element by this strategy: By.AndroidUIAutomator: text(&amp;quot;推荐用户&amp;quot;)
For documentation on this error, please visit: http://seleniumhq.org/exceptions/no_such_element.html
Build info: version: &amp;apos;2.48.2&amp;apos;, revision: &amp;apos;41bccdd10cf2c0560f637404c2d96164b67d9d67&amp;apos;, time: &amp;apos;2015-10-09 13:08:06&amp;apos;
System info: host: &amp;apos;MrdeMacBook-Pro.local&amp;apos;, ip: &amp;apos;192.168.10.123&amp;apos;, os.name: &amp;apos;Mac OS X&amp;apos;, os.arch: &amp;apos;x86_64&amp;apos;, os.version: &amp;apos;10.12.5&amp;apos;, java.version: &amp;apos;1.8.0_131&amp;apos;
Driver info: driver.version: unknown">
      <![CDATA[org.openqa.selenium.NoSuchElementException: Can't locate an element by this strategy: By.AndroidUIAutomator: text("推荐用户")
For documentation on this error, please visit: http://seleniumhq.org/exceptions/no_such_element.html
Build info: version: '2.48.2', revision: '41bccdd10cf2c0560f637404c2d96164b67d9d67', time: '2015-10-09 13:08:06'
System info: host: 'MrdeMacBook-Pro.local', ip: '192.168.10.123', os.name: 'Mac OS X', os.arch: 'x86_64', os.version: '10.12.5', java.version: '1.8.0_131'
Driver info: driver.version: unknown
	at io.appium.java_client.pagefactory.AppiumElementLocator.findElement(AppiumElementLocator.java:147)
	at io.appium.java_client.pagefactory.ElementInterceptor.intercept(ElementInterceptor.java:26)
	at org.openqa.selenium.remote.RemoteWebElement$$EnhancerByCGLIB$$3e70910a.getLocation(<generated>)
	at com.codoon.common.util.DeviceHelper.moveToHalfScreen(DeviceHelper.java:319)
	at com.codoon.test.SportCircleTest.test019(SportCircleTest.java:385)
... Removed 23 stack frames]]>
    </failure>
  </testcase> <!-- test019 -->
  <testcase name="test019" time="40.715" classname="com.codoon.test.SportCircleTest">
    <failure type="org.openqa.selenium.NoSuchElementException" message="Can&amp;apos;t locate an element by this strategy: By.AndroidUIAutomator: text(&amp;quot;推荐用户&amp;quot;)
For documentation on this error, please visit: http://seleniumhq.org/exceptions/no_such_element.html
Build info: version: &amp;apos;2.48.2&amp;apos;, revision: &amp;apos;41bccdd10cf2c0560f637404c2d96164b67d9d67&amp;apos;, time: &amp;apos;2015-10-09 13:08:06&amp;apos;
System info: host: &amp;apos;MrdeMacBook-Pro.local&amp;apos;, ip: &amp;apos;192.168.10.123&amp;apos;, os.name: &amp;apos;Mac OS X&amp;apos;, os.arch: &amp;apos;x86_64&amp;apos;, os.version: &amp;apos;10.12.5&amp;apos;, java.version: &amp;apos;1.8.0_131&amp;apos;
Driver info: driver.version: unknown">
      <![CDATA[org.openqa.selenium.NoSuchElementException: Can't locate an element by this strategy: By.AndroidUIAutomator: text("推荐用户")
For documentation on this error, please visit: http://seleniumhq.org/exceptions/no_such_element.html
Build info: version: '2.48.2', revision: '41bccdd10cf2c0560f637404c2d96164b67d9d67', time: '2015-10-09 13:08:06'
System info: host: 'MrdeMacBook-Pro.local', ip: '192.168.10.123', os.name: 'Mac OS X', os.arch: 'x86_64', os.version: '10.12.5', java.version: '1.8.0_131'
Driver info: driver.version: unknown
	at io.appium.java_client.pagefactory.AppiumElementLocator.findElement(AppiumElementLocator.java:147)
	at io.appium.java_client.pagefactory.ElementInterceptor.intercept(ElementInterceptor.java:26)
	at org.openqa.selenium.remote.RemoteWebElement$$EnhancerByCGLIB$$3e70910a.getLocation(<generated>)
	at com.codoon.common.util.DeviceHelper.moveToHalfScreen(DeviceHelper.java:319)
	at com.codoon.test.SportCircleTest.test019(SportCircleTest.java:385)
... Removed 23 stack frames]]>
    </failure>
  </testcase> <!-- test019 -->
  <testcase name="test019" time="40.6" classname="com.codoon.test.SportCircleTest">
    <failure type="org.openqa.selenium.NoSuchElementException" message="Can&amp;apos;t locate an element by this strategy: By.AndroidUIAutomator: text(&amp;quot;推荐用户&amp;quot;)
For documentation on this error, please visit: http://seleniumhq.org/exceptions/no_such_element.html
Build info: version: &amp;apos;2.48.2&amp;apos;, revision: &amp;apos;41bccdd10cf2c0560f637404c2d96164b67d9d67&amp;apos;, time: &amp;apos;2015-10-09 13:08:06&amp;apos;
System info: host: &amp;apos;MrdeMacBook-Pro.local&amp;apos;, ip: &amp;apos;192.168.10.123&amp;apos;, os.name: &amp;apos;Mac OS X&amp;apos;, os.arch: &amp;apos;x86_64&amp;apos;, os.version: &amp;apos;10.12.5&amp;apos;, java.version: &amp;apos;1.8.0_131&amp;apos;
Driver info: driver.version: unknown">
      <![CDATA[org.openqa.selenium.NoSuchElementException: Can't locate an element by this strategy: By.AndroidUIAutomator: text("推荐用户")
For documentation on this error, please visit: http://seleniumhq.org/exceptions/no_such_element.html
Build info: version: '2.48.2', revision: '41bccdd10cf2c0560f637404c2d96164b67d9d67', time: '2015-10-09 13:08:06'
System info: host: 'MrdeMacBook-Pro.local', ip: '192.168.10.123', os.name: 'Mac OS X', os.arch: 'x86_64', os.version: '10.12.5', java.version: '1.8.0_131'
Driver info: driver.version: unknown
	at io.appium.java_client.pagefactory.AppiumElementLocator.findElement(AppiumElementLocator.java:147)
	at io.appium.java_client.pagefactory.ElementInterceptor.intercept(ElementInterceptor.java:26)
	at org.openqa.selenium.remote.RemoteWebElement$$EnhancerByCGLIB$$3e70910a.getLocation(<generated>)
	at com.codoon.common.util.DeviceHelper.moveToHalfScreen(DeviceHelper.java:319)
	at com.codoon.test.SportCircleTest.test019(SportCircleTest.java:385)
... Removed 23 stack frames]]>
    </failure>
  </testcase> <!-- test019 -->
  <testcase name="test020" time="491.771" classname="com.codoon.test.SportCircleTest">
    <failure type="org.openqa.selenium.WebDriverException" message="An unknown server-side error occurred while processing the command. (WARNING: The server did not provide any stacktrace information)
Command duration or timeout: 1.58 seconds
Build info: version: &amp;apos;2.48.2&amp;apos;, revision: &amp;apos;41bccdd10cf2c0560f637404c2d96164b67d9d67&amp;apos;, time: &amp;apos;2015-10-09 13:08:06&amp;apos;
System info: host: &amp;apos;MrdeMacBook-Pro.local&amp;apos;, ip: &amp;apos;192.168.10.123&amp;apos;, os.name: &amp;apos;Mac OS X&amp;apos;, os.arch: &amp;apos;x86_64&amp;apos;, os.version: &amp;apos;10.12.5&amp;apos;, java.version: &amp;apos;1.8.0_131&amp;apos;
Driver info: io.driver.SikuppiumDriver
Capabilities [{appPackage=com.codoon.gps, networkConnectionEnabled=true, recreateChromeDriverSessions=true, warnings={}, databaseEnabled=false, deviceName=125683fc, platform=LINUX, deviceUDID=125683fc, appActivity=.ui.SlideActivity, desired={appPackage=com.codoon.gps, appActivity=.ui.SlideActivity, recreateChromeDriverSessions=true, platformVersion=6.0.1, automationName=Appium, unicodeKeyboard=true, sessionOverride=true, platformName=Android, deviceName=125683fc, resetKeyboard=true, unexpectedAlertBehaviour=accept}, platformVersion=6.0.1, webStorageEnabled=false, locationContextEnabled=false, automationName=Appium, takesScreenshot=true, javascriptEnabled=true, unicodeKeyboard=true, sessionOverride=true, platformName=Android, resetKeyboard=true, unexpectedAlertBehaviour=accept}]
Session ID: b1eb96d5-df88-46d6-82a0-53f52ec81965">
      <![CDATA[org.openqa.selenium.WebDriverException: An unknown server-side error occurred while processing the command. (WARNING: The server did not provide any stacktrace information)
Command duration or timeout: 1.58 seconds
Build info: version: '2.48.2', revision: '41bccdd10cf2c0560f637404c2d96164b67d9d67', time: '2015-10-09 13:08:06'
System info: host: 'MrdeMacBook-Pro.local', ip: '192.168.10.123', os.name: 'Mac OS X', os.arch: 'x86_64', os.version: '10.12.5', java.version: '1.8.0_131'
Driver info: io.driver.SikuppiumDriver
Capabilities [{appPackage=com.codoon.gps, networkConnectionEnabled=true, recreateChromeDriverSessions=true, warnings={}, databaseEnabled=false, deviceName=125683fc, platform=LINUX, deviceUDID=125683fc, appActivity=.ui.SlideActivity, desired={appPackage=com.codoon.gps, appActivity=.ui.SlideActivity, recreateChromeDriverSessions=true, platformVersion=6.0.1, automationName=Appium, unicodeKeyboard=true, sessionOverride=true, platformName=Android, deviceName=125683fc, resetKeyboard=true, unexpectedAlertBehaviour=accept}, platformVersion=6.0.1, webStorageEnabled=false, locationContextEnabled=false, automationName=Appium, takesScreenshot=true, javascriptEnabled=true, unicodeKeyboard=true, sessionOverride=true, platformName=Android, resetKeyboard=true, unexpectedAlertBehaviour=accept}]
Session ID: b1eb96d5-df88-46d6-82a0-53f52ec81965
	at org.openqa.selenium.remote.ErrorHandler.createThrowable(ErrorHandler.java:206)
	at org.openqa.selenium.remote.ErrorHandler.throwIfResponseFailed(ErrorHandler.java:158)
	at org.openqa.selenium.remote.RemoteWebDriver.execute(RemoteWebDriver.java:647)
	at io.appium.java_client.AppiumDriver.execute(AppiumDriver.java:180)
	at io.appium.java_client.AppiumDriver.performTouchAction(AppiumDriver.java:293)
	at io.appium.java_client.TouchAction.perform(TouchAction.java:301)
	at io.appium.java_client.AppiumDriver.swipe(AppiumDriver.java:348)
	at com.codoon.common.util.DeviceHelper.swipeUp(DeviceHelper.java:118)
	at com.codoon.common.util.DeviceHelper.searchBy(DeviceHelper.java:566)
	at com.codoon.test.SportCircleTest.test020(SportCircleTest.java:403)
... Removed 27 stack frames]]>
    </failure>
  </testcase> <!-- test020 -->
  <testcase name="test020" time="29.239" classname="com.codoon.test.SportCircleTest"/>
  <testcase name="test021" time="163.395" classname="com.codoon.test.SportCircleTest"/>
  <testcase name="test022" time="32.512" classname="com.codoon.test.SportCircleTest"/>
  <testcase name="test023" time="35.217" classname="com.codoon.test.SportCircleTest">
    <failure type="org.openqa.selenium.NoSuchElementException" message="Can&amp;apos;t locate an element by this strategy: By.id: com.codoon.gps:id/tv_comment_count
For documentation on this error, please visit: http://seleniumhq.org/exceptions/no_such_element.html
Build info: version: &amp;apos;2.48.2&amp;apos;, revision: &amp;apos;41bccdd10cf2c0560f637404c2d96164b67d9d67&amp;apos;, time: &amp;apos;2015-10-09 13:08:06&amp;apos;
System info: host: &amp;apos;MrdeMacBook-Pro.local&amp;apos;, ip: &amp;apos;192.168.10.123&amp;apos;, os.name: &amp;apos;Mac OS X&amp;apos;, os.arch: &amp;apos;x86_64&amp;apos;, os.version: &amp;apos;10.12.5&amp;apos;, java.version: &amp;apos;1.8.0_131&amp;apos;
Driver info: driver.version: unknown">
      <![CDATA[org.openqa.selenium.NoSuchElementException: Can't locate an element by this strategy: By.id: com.codoon.gps:id/tv_comment_count
For documentation on this error, please visit: http://seleniumhq.org/exceptions/no_such_element.html
Build info: version: '2.48.2', revision: '41bccdd10cf2c0560f637404c2d96164b67d9d67', time: '2015-10-09 13:08:06'
System info: host: 'MrdeMacBook-Pro.local', ip: '192.168.10.123', os.name: 'Mac OS X', os.arch: 'x86_64', os.version: '10.12.5', java.version: '1.8.0_131'
Driver info: driver.version: unknown
	at io.appium.java_client.pagefactory.AppiumElementLocator.findElement(AppiumElementLocator.java:147)
	at io.appium.java_client.pagefactory.ElementInterceptor.intercept(ElementInterceptor.java:26)
	at org.openqa.selenium.remote.RemoteWebElement$$EnhancerByCGLIB$$3e70910a.click(<generated>)
	at com.codoon.common.model.SportcirclePage.feedComment(SportcirclePage.java:389)
	at com.codoon.test.SportCircleTest.test023(SportCircleTest.java:462)
... Removed 23 stack frames]]>
    </failure>
  </testcase> <!-- test023 -->
  <testcase name="test023" time="41.202" classname="com.codoon.test.SportCircleTest"/>
  <testcase name="test024" time="26.081" classname="com.codoon.test.SportCircleTest">
    <failure type="org.openqa.selenium.NoSuchElementException" message="Can&amp;apos;t locate an element by this strategy: By.id: com.codoon.gps:id/btn_collect
For documentation on this error, please visit: http://seleniumhq.org/exceptions/no_such_element.html
Build info: version: &amp;apos;2.48.2&amp;apos;, revision: &amp;apos;41bccdd10cf2c0560f637404c2d96164b67d9d67&amp;apos;, time: &amp;apos;2015-10-09 13:08:06&amp;apos;
System info: host: &amp;apos;MrdeMacBook-Pro.local&amp;apos;, ip: &amp;apos;192.168.10.123&amp;apos;, os.name: &amp;apos;Mac OS X&amp;apos;, os.arch: &amp;apos;x86_64&amp;apos;, os.version: &amp;apos;10.12.5&amp;apos;, java.version: &amp;apos;1.8.0_131&amp;apos;
Driver info: driver.version: unknown">
      <![CDATA[org.openqa.selenium.NoSuchElementException: Can't locate an element by this strategy: By.id: com.codoon.gps:id/btn_collect
For documentation on this error, please visit: http://seleniumhq.org/exceptions/no_such_element.html
Build info: version: '2.48.2', revision: '41bccdd10cf2c0560f637404c2d96164b67d9d67', time: '2015-10-09 13:08:06'
System info: host: 'MrdeMacBook-Pro.local', ip: '192.168.10.123', os.name: 'Mac OS X', os.arch: 'x86_64', os.version: '10.12.5', java.version: '1.8.0_131'
Driver info: driver.version: unknown
	at io.appium.java_client.pagefactory.AppiumElementLocator.findElement(AppiumElementLocator.java:147)
	at io.appium.java_client.pagefactory.ElementInterceptor.intercept(ElementInterceptor.java:26)
	at org.openqa.selenium.remote.RemoteWebElement$$EnhancerByCGLIB$$3e70910a.click(<generated>)
	at com.codoon.test.SportCircleTest.test024(SportCircleTest.java:481)
... Removed 23 stack frames]]>
    </failure>
  </testcase> <!-- test024 -->
  <testcase name="test024" time="50.892" classname="com.codoon.test.SportCircleTest">
    <failure type="java.lang.AssertionError" message="feed收藏 失败 expected [true] but found [false]">
      <![CDATA[java.lang.AssertionError: feed收藏 失败 expected [true] but found [false]
	at com.codoon.test.SportCircleTest.test024(SportCircleTest.java:483)
... Removed 26 stack frames]]>
    </failure>
  </testcase> <!-- test024 -->
  <testcase name="test024" time="35.827" classname="com.codoon.test.SportCircleTest"/>
  <testcase name="test025" time="19.488" classname="com.codoon.test.SportCircleTest">
    <failure type="org.openqa.selenium.NoSuchElementException" message="Can&amp;apos;t locate an element by this strategy: By.id: com.codoon.gps:id/btn_more
For documentation on this error, please visit: http://seleniumhq.org/exceptions/no_such_element.html
Build info: version: &amp;apos;2.48.2&amp;apos;, revision: &amp;apos;41bccdd10cf2c0560f637404c2d96164b67d9d67&amp;apos;, time: &amp;apos;2015-10-09 13:08:06&amp;apos;
System info: host: &amp;apos;MrdeMacBook-Pro.local&amp;apos;, ip: &amp;apos;192.168.10.123&amp;apos;, os.name: &amp;apos;Mac OS X&amp;apos;, os.arch: &amp;apos;x86_64&amp;apos;, os.version: &amp;apos;10.12.5&amp;apos;, java.version: &amp;apos;1.8.0_131&amp;apos;
Driver info: driver.version: unknown">
      <![CDATA[org.openqa.selenium.NoSuchElementException: Can't locate an element by this strategy: By.id: com.codoon.gps:id/btn_more
For documentation on this error, please visit: http://seleniumhq.org/exceptions/no_such_element.html
Build info: version: '2.48.2', revision: '41bccdd10cf2c0560f637404c2d96164b67d9d67', time: '2015-10-09 13:08:06'
System info: host: 'MrdeMacBook-Pro.local', ip: '192.168.10.123', os.name: 'Mac OS X', os.arch: 'x86_64', os.version: '10.12.5', java.version: '1.8.0_131'
Driver info: driver.version: unknown
	at io.appium.java_client.pagefactory.AppiumElementLocator.findElement(AppiumElementLocator.java:147)
	at io.appium.java_client.pagefactory.ElementInterceptor.intercept(ElementInterceptor.java:26)
	at org.openqa.selenium.remote.RemoteWebElement$$EnhancerByCGLIB$$3e70910a.click(<generated>)
	at com.codoon.test.SportCircleTest.test025(SportCircleTest.java:502)
... Removed 23 stack frames]]>
    </failure>
  </testcase> <!-- test025 -->
  <testcase name="test025" time="14.683" classname="com.codoon.test.SportCircleTest"/>
  <testcase name="test026" time="41.989" classname="com.codoon.test.SportCircleTest"/>
  <testcase name="test001" time="24.563" classname="com.codoon.test.DrycargoTest"/>
  <testcase name="test002" time="20.29" classname="com.codoon.test.DrycargoTest"/>
  <testcase name="test003" time="41.738" classname="com.codoon.test.DrycargoTest"/>
  <testcase name="test004" time="4.318" classname="com.codoon.test.DrycargoTest"/>
  <testcase name="test005" time="53.583" classname="com.codoon.test.DrycargoTest"/>
  <testcase name="test006" time="62.736" classname="com.codoon.test.DrycargoTest"/>
  <testcase name="test007" time="9.836" classname="com.codoon.test.DrycargoTest"/>
  <testcase name="test008" time="225.62" classname="com.codoon.test.DrycargoTest">
    <failure type="org.openqa.selenium.WebDriverException" message="An unknown server-side error occurred while processing the command. Original error: UiAUtomator shut down unexpectedly (WARNING: The server did not provide any stacktrace information)
Command duration or timeout: 528 milliseconds
Build info: version: &amp;apos;2.48.2&amp;apos;, revision: &amp;apos;41bccdd10cf2c0560f637404c2d96164b67d9d67&amp;apos;, time: &amp;apos;2015-10-09 13:08:06&amp;apos;
System info: host: &amp;apos;MrdeMacBook-Pro.local&amp;apos;, ip: &amp;apos;192.168.10.123&amp;apos;, os.name: &amp;apos;Mac OS X&amp;apos;, os.arch: &amp;apos;x86_64&amp;apos;, os.version: &amp;apos;10.12.5&amp;apos;, java.version: &amp;apos;1.8.0_131&amp;apos;
Driver info: io.driver.SikuppiumDriver
Capabilities [{appPackage=com.codoon.gps, networkConnectionEnabled=true, recreateChromeDriverSessions=true, warnings={}, databaseEnabled=false, deviceName=125683fc, platform=LINUX, deviceUDID=125683fc, appActivity=.ui.SlideActivity, desired={appPackage=com.codoon.gps, appActivity=.ui.SlideActivity, recreateChromeDriverSessions=true, platformVersion=6.0.1, automationName=Appium, unicodeKeyboard=true, sessionOverride=true, platformName=Android, deviceName=125683fc, resetKeyboard=true, unexpectedAlertBehaviour=accept}, platformVersion=6.0.1, webStorageEnabled=false, locationContextEnabled=false, automationName=Appium, takesScreenshot=true, javascriptEnabled=true, unicodeKeyboard=true, sessionOverride=true, platformName=Android, resetKeyboard=true, unexpectedAlertBehaviour=accept}]
Session ID: 3c066ddf-9efa-4bbe-918a-eb5ba67c131d
*** Element info: {Using=-android uiautomator, value=text(&amp;quot;健身饮食&amp;quot;)}">
      <![CDATA[org.openqa.selenium.WebDriverException: An unknown server-side error occurred while processing the command. Original error: UiAUtomator shut down unexpectedly (WARNING: The server did not provide any stacktrace information)
Command duration or timeout: 528 milliseconds
Build info: version: '2.48.2', revision: '41bccdd10cf2c0560f637404c2d96164b67d9d67', time: '2015-10-09 13:08:06'
System info: host: 'MrdeMacBook-Pro.local', ip: '192.168.10.123', os.name: 'Mac OS X', os.arch: 'x86_64', os.version: '10.12.5', java.version: '1.8.0_131'
Driver info: io.driver.SikuppiumDriver
Capabilities [{appPackage=com.codoon.gps, networkConnectionEnabled=true, recreateChromeDriverSessions=true, warnings={}, databaseEnabled=false, deviceName=125683fc, platform=LINUX, deviceUDID=125683fc, appActivity=.ui.SlideActivity, desired={appPackage=com.codoon.gps, appActivity=.ui.SlideActivity, recreateChromeDriverSessions=true, platformVersion=6.0.1, automationName=Appium, unicodeKeyboard=true, sessionOverride=true, platformName=Android, deviceName=125683fc, resetKeyboard=true, unexpectedAlertBehaviour=accept}, platformVersion=6.0.1, webStorageEnabled=false, locationContextEnabled=false, automationName=Appium, takesScreenshot=true, javascriptEnabled=true, unicodeKeyboard=true, sessionOverride=true, platformName=Android, resetKeyboard=true, unexpectedAlertBehaviour=accept}]
Session ID: 3c066ddf-9efa-4bbe-918a-eb5ba67c131d
*** Element info: {Using=-android uiautomator, value=text("健身饮食")}
	at org.openqa.selenium.remote.ErrorHandler.createThrowable(ErrorHandler.java:206)
	at org.openqa.selenium.remote.ErrorHandler.throwIfResponseFailed(ErrorHandler.java:158)
	at org.openqa.selenium.remote.RemoteWebDriver.execute(RemoteWebDriver.java:647)
	at io.appium.java_client.AppiumDriver.execute(AppiumDriver.java:180)
	at org.openqa.selenium.remote.RemoteWebDriver.findElement(RemoteWebDriver.java:353)
	at io.appium.java_client.android.AndroidDriver.findElementByAndroidUIAutomator(AndroidDriver.java:255)
	at io.appium.java_client.MobileBy$ByAndroidUIAutomator.findElement(MobileBy.java:78)
	at org.openqa.selenium.remote.RemoteWebDriver.findElement(RemoteWebDriver.java:345)
	at com.codoon.common.util.DeviceHelper.findElementsToDown(DeviceHelper.java:866)
	at com.codoon.common.model.DrycargoPage.articleCardForwardingByTag(DrycargoPage.java:244)
	at com.codoon.test.DrycargoTest.test008(DrycargoTest.java:169)
... Removed 27 stack frames]]>
    </failure>
  </testcase> <!-- test008 -->
  <testcase name="test008" time="0.0" classname="com.codoon.test.DrycargoTest">
    <skipped/>
  </testcase> <!-- test008 -->
  <testcase name="test009" time="0.0" classname="com.codoon.test.DrycargoTest">
    <skipped/>
  </testcase> <!-- test009 -->
  <testcase name="test010" time="0.0" classname="com.codoon.test.DrycargoTest">
    <skipped/>
  </testcase> <!-- test010 -->
  <testcase name="test011" time="0.0" classname="com.codoon.test.DrycargoTest">
    <skipped/>
  </testcase> <!-- test011 -->
  <testcase name="test012" time="0.0" classname="com.codoon.test.DrycargoTest">
    <skipped/>
  </testcase> <!-- test012 -->
</testsuite> <!-- test1 -->
