<html>
<head>
<title>TestNG:  test1</title>
<link href="../testng.css" rel="stylesheet" type="text/css" />
<link href="../my-testng.css" rel="stylesheet" type="text/css" />

<style type="text/css">
.log { display: none;} 
.stack-trace { display: none;} 
</style>
<script type="text/javascript">
<!--
function flip(e) {
  current = e.style.display;
  if (current == 'block') {
    e.style.display = 'none';
    return 0;
  }
  else {
    e.style.display = 'block';
    return 1;
  }
}

function toggleBox(szDivId, elem, msg1, msg2)
{
  var res = -1;  if (document.getElementById) {
    res = flip(document.getElementById(szDivId));
  }
  else if (document.all) {
    // this is the way old msie versions work
    res = flip(document.all[szDivId]);
  }
  if(elem) {
    if(res == 0) elem.innerHTML = msg1; else elem.innerHTML = msg2;
  }

}

function toggleAllBoxes() {
  if (document.getElementsByTagName) {
    d = document.getElementsByTagName('div');
    for (i = 0; i < d.length; i++) {
      if (d[i].className == 'log') {
        flip(d[i]);
      }
    }
  }
}

// -->
</script>

</head>
<body>
<h2 align='center'>test1</h2><table border='1' align="center">
<tr>
<td>Tests passed/Failed/Skipped:</td><td>30/5/5</td>
</tr><tr>
<td>Started on:</td><td>Wed Oct 11 16:49:15 CST 2017</td>
</tr>
<tr><td>Total time:</td><td>2408 seconds (2408928 ms)</td>
</tr><tr>
<td>Included groups:</td><td>All .* </td>
</tr><tr>
<td>Excluded groups:</td><td></td>
</tr>
</table><p/>
<small><i>(Hover the method name to see the test class name)</i></small><p/>
<table width='100%' border='1' class='invocation-failed'>
<tr><td colspan='4' align='center'><b>FAILED CONFIGURATIONS</b></td></tr>
<tr><td><b>Test method</b></td>
<td width="30%"><b>Exception</b></td>
<td width="10%"><b>Time (seconds)</b></td>
<td><b>Instance</b></td>
</tr>
<tr>
<td title='com.codoon.test.DrycargoTest.tearDown()'><b>tearDown</b><br>Test class: com.codoon.test.DrycargoTest</td>
<td><div><pre>org.openqa.selenium.remote.SessionNotFoundException: A session is either terminated or not started (WARNING: The server did not provide any stacktrace information)
Command duration or timeout: 3 milliseconds
Build info: version: &apos;2.48.2&apos;, revision: &apos;41bccdd10cf2c0560f637404c2d96164b67d9d67&apos;, time: &apos;2015-10-09 13:08:06&apos;
System info: host: &apos;MrdeMacBook-Pro.local&apos;, ip: &apos;192.168.10.123&apos;, os.name: &apos;Mac OS X&apos;, os.arch: &apos;x86_64&apos;, os.version: &apos;10.12.5&apos;, java.version: &apos;1.8.0_131&apos;
Driver info: io.driver.SikuppiumDriver
Capabilities [{appPackage=com.codoon.gps, networkConnectionEnabled=true, recreateChromeDriverSessions=true, warnings={}, databaseEnabled=false, deviceName=125683fc, platform=LINUX, deviceUDID=125683fc, appActivity=.ui.SlideActivity, desired={appPackage=com.codoon.gps, appActivity=.ui.SlideActivity, recreateChromeDriverSessions=true, platformVersion=6.0.1, automationName=Appium, unicodeKeyboard=true, sessionOverride=true, platformName=Android, deviceName=125683fc, resetKeyboard=true, unexpectedAlertBehaviour=accept}, platformVersion=6.0.1, webStorageEnabled=false, locationContextEnabled=false, automationName=Appium, takesScreenshot=true, javascriptEnabled=true, unicodeKeyboard=true, sessionOverride=true, platformName=Android, resetKeyboard=true, unexpectedAlertBehaviour=accept}]
Session ID: 3c066ddf-9efa-4bbe-918a-eb5ba67c131d
	at org.openqa.selenium.remote.ErrorHandler.createThrowable(ErrorHandler.java:206)
	at org.openqa.selenium.remote.ErrorHandler.throwIfResponseFailed(ErrorHandler.java:164)
	at org.openqa.selenium.remote.RemoteWebDriver.execute(RemoteWebDriver.java:647)
	at io.appium.java_client.AppiumDriver.execute(AppiumDriver.java:180)
	at io.appium.java_client.AppiumDriver.execute(AppiumDriver.java:185)
	at io.appium.java_client.AppiumDriver.getContext(AppiumDriver.java:546)
	at com.codoon.common.util.DeviceHelper.pressBackToHomePage(DeviceHelper.java:406)
	at com.codoon.test.DrycargoTest.tearDown(DrycargoTest.java:42)
... Removed 29 stack frames</pre></div><a href='#' onClick='toggleBox("stack-trace434610528", this, "Click to show all stack frames", "Click to hide stack frames")'>Click to show all stack frames</a>
<div class='stack-trace' id='stack-trace434610528'><pre>org.openqa.selenium.remote.SessionNotFoundException: A session is either terminated or not started (WARNING: The server did not provide any stacktrace information)
Command duration or timeout: 3 milliseconds
Build info: version: &apos;2.48.2&apos;, revision: &apos;41bccdd10cf2c0560f637404c2d96164b67d9d67&apos;, time: &apos;2015-10-09 13:08:06&apos;
System info: host: &apos;MrdeMacBook-Pro.local&apos;, ip: &apos;192.168.10.123&apos;, os.name: &apos;Mac OS X&apos;, os.arch: &apos;x86_64&apos;, os.version: &apos;10.12.5&apos;, java.version: &apos;1.8.0_131&apos;
Driver info: io.driver.SikuppiumDriver
Capabilities [{appPackage=com.codoon.gps, networkConnectionEnabled=true, recreateChromeDriverSessions=true, warnings={}, databaseEnabled=false, deviceName=125683fc, platform=LINUX, deviceUDID=125683fc, appActivity=.ui.SlideActivity, desired={appPackage=com.codoon.gps, appActivity=.ui.SlideActivity, recreateChromeDriverSessions=true, platformVersion=6.0.1, automationName=Appium, unicodeKeyboard=true, sessionOverride=true, platformName=Android, deviceName=125683fc, resetKeyboard=true, unexpectedAlertBehaviour=accept}, platformVersion=6.0.1, webStorageEnabled=false, locationContextEnabled=false, automationName=Appium, takesScreenshot=true, javascriptEnabled=true, unicodeKeyboard=true, sessionOverride=true, platformName=Android, resetKeyboard=true, unexpectedAlertBehaviour=accept}]
Session ID: 3c066ddf-9efa-4bbe-918a-eb5ba67c131d
	at sun.reflect.NativeConstructorAccessorImpl.newInstance0(Native Method)
	at sun.reflect.NativeConstructorAccessorImpl.newInstance(NativeConstructorAccessorImpl.java:62)
	at sun.reflect.DelegatingConstructorAccessorImpl.newInstance(DelegatingConstructorAccessorImpl.java:45)
	at java.lang.reflect.Constructor.newInstance(Constructor.java:423)
	at org.openqa.selenium.remote.ErrorHandler.createThrowable(ErrorHandler.java:206)
	at org.openqa.selenium.remote.ErrorHandler.throwIfResponseFailed(ErrorHandler.java:164)
	at org.openqa.selenium.remote.RemoteWebDriver.execute(RemoteWebDriver.java:647)
	at io.appium.java_client.AppiumDriver.execute(AppiumDriver.java:180)
	at io.appium.java_client.AppiumDriver.execute(AppiumDriver.java:185)
	at io.appium.java_client.AppiumDriver.getContext(AppiumDriver.java:546)
	at com.codoon.common.util.DeviceHelper.pressBackToHomePage(DeviceHelper.java:406)
	at com.codoon.test.DrycargoTest.tearDown(DrycargoTest.java:42)
	at sun.reflect.NativeMethodAccessorImpl.invoke0(Native Method)
	at sun.reflect.NativeMethodAccessorImpl.invoke(NativeMethodAccessorImpl.java:62)
	at sun.reflect.DelegatingMethodAccessorImpl.invoke(DelegatingMethodAccessorImpl.java:43)
	at java.lang.reflect.Method.invoke(Method.java:498)
	at org.testng.internal.MethodInvocationHelper.invokeMethod(MethodInvocationHelper.java:85)
	at org.testng.internal.Invoker.invokeConfigurationMethod(Invoker.java:517)
	at org.testng.internal.Invoker.invokeConfigurations(Invoker.java:213)
	at org.testng.internal.Invoker.invokeMethod(Invoker.java:732)
	at org.testng.internal.Invoker.invokeTestMethod(Invoker.java:845)
	at org.testng.internal.Invoker.invokeTestMethods(Invoker.java:1153)
	at org.testng.internal.TestMethodWorker.invokeTestMethods(TestMethodWorker.java:125)
	at org.testng.internal.TestMethodWorker.run(TestMethodWorker.java:108)
	at org.testng.TestRunner.privateRun(TestRunner.java:771)
	at org.testng.TestRunner.run(TestRunner.java:621)
	at org.testng.SuiteRunner.runTest(SuiteRunner.java:357)
	at org.testng.SuiteRunner.runSequentially(SuiteRunner.java:352)
	at org.testng.SuiteRunner.privateRun(SuiteRunner.java:310)
	at org.testng.SuiteRunner.run(SuiteRunner.java:259)
	at org.testng.SuiteRunnerWorker.runSuite(SuiteRunnerWorker.java:52)
	at org.testng.SuiteRunnerWorker.run(SuiteRunnerWorker.java:86)
	at org.testng.TestNG.runSuitesSequentially(TestNG.java:1199)
	at org.testng.TestNG.runSuitesLocally(TestNG.java:1124)
	at org.testng.TestNG.run(TestNG.java:1032)
	at org.testng.TestNG.privateMain(TestNG.java:1339)
	at org.testng.TestNG.main(TestNG.java:1308)
</pre></div></td>
<td>0</td>
<td>com.codoon.test.DrycargoTest@2a2d45ba</td></tr>
<tr>
<td title='com.codoon.test.DrycargoTest.tearDown()'><b>tearDown</b><br>Test class: com.codoon.test.DrycargoTest</td>
<td><div><pre>org.openqa.selenium.remote.SessionNotFoundException: A session is either terminated or not started (WARNING: The server did not provide any stacktrace information)
Command duration or timeout: 4 milliseconds
Build info: version: &apos;2.48.2&apos;, revision: &apos;41bccdd10cf2c0560f637404c2d96164b67d9d67&apos;, time: &apos;2015-10-09 13:08:06&apos;
System info: host: &apos;MrdeMacBook-Pro.local&apos;, ip: &apos;192.168.10.123&apos;, os.name: &apos;Mac OS X&apos;, os.arch: &apos;x86_64&apos;, os.version: &apos;10.12.5&apos;, java.version: &apos;1.8.0_131&apos;
Driver info: io.driver.SikuppiumDriver
Capabilities [{appPackage=com.codoon.gps, networkConnectionEnabled=true, recreateChromeDriverSessions=true, warnings={}, databaseEnabled=false, deviceName=125683fc, platform=LINUX, deviceUDID=125683fc, appActivity=.ui.SlideActivity, desired={appPackage=com.codoon.gps, appActivity=.ui.SlideActivity, recreateChromeDriverSessions=true, platformVersion=6.0.1, automationName=Appium, unicodeKeyboard=true, sessionOverride=true, platformName=Android, deviceName=125683fc, resetKeyboard=true, unexpectedAlertBehaviour=accept}, platformVersion=6.0.1, webStorageEnabled=false, locationContextEnabled=false, automationName=Appium, takesScreenshot=true, javascriptEnabled=true, unicodeKeyboard=true, sessionOverride=true, platformName=Android, resetKeyboard=true, unexpectedAlertBehaviour=accept}]
Session ID: 3c066ddf-9efa-4bbe-918a-eb5ba67c131d
	at org.openqa.selenium.remote.ErrorHandler.createThrowable(ErrorHandler.java:206)
	at org.openqa.selenium.remote.ErrorHandler.throwIfResponseFailed(ErrorHandler.java:164)
	at org.openqa.selenium.remote.RemoteWebDriver.execute(RemoteWebDriver.java:647)
	at io.appium.java_client.AppiumDriver.execute(AppiumDriver.java:180)
	at io.appium.java_client.AppiumDriver.execute(AppiumDriver.java:185)
	at io.appium.java_client.AppiumDriver.getContext(AppiumDriver.java:546)
	at com.codoon.common.util.DeviceHelper.pressBackToHomePage(DeviceHelper.java:406)
	at com.codoon.test.DrycargoTest.tearDown(DrycargoTest.java:42)
... Removed 29 stack frames</pre></div><a href='#' onClick='toggleBox("stack-trace380812044", this, "Click to show all stack frames", "Click to hide stack frames")'>Click to show all stack frames</a>
<div class='stack-trace' id='stack-trace380812044'><pre>org.openqa.selenium.remote.SessionNotFoundException: A session is either terminated or not started (WARNING: The server did not provide any stacktrace information)
Command duration or timeout: 4 milliseconds
Build info: version: &apos;2.48.2&apos;, revision: &apos;41bccdd10cf2c0560f637404c2d96164b67d9d67&apos;, time: &apos;2015-10-09 13:08:06&apos;
System info: host: &apos;MrdeMacBook-Pro.local&apos;, ip: &apos;192.168.10.123&apos;, os.name: &apos;Mac OS X&apos;, os.arch: &apos;x86_64&apos;, os.version: &apos;10.12.5&apos;, java.version: &apos;1.8.0_131&apos;
Driver info: io.driver.SikuppiumDriver
Capabilities [{appPackage=com.codoon.gps, networkConnectionEnabled=true, recreateChromeDriverSessions=true, warnings={}, databaseEnabled=false, deviceName=125683fc, platform=LINUX, deviceUDID=125683fc, appActivity=.ui.SlideActivity, desired={appPackage=com.codoon.gps, appActivity=.ui.SlideActivity, recreateChromeDriverSessions=true, platformVersion=6.0.1, automationName=Appium, unicodeKeyboard=true, sessionOverride=true, platformName=Android, deviceName=125683fc, resetKeyboard=true, unexpectedAlertBehaviour=accept}, platformVersion=6.0.1, webStorageEnabled=false, locationContextEnabled=false, automationName=Appium, takesScreenshot=true, javascriptEnabled=true, unicodeKeyboard=true, sessionOverride=true, platformName=Android, resetKeyboard=true, unexpectedAlertBehaviour=accept}]
Session ID: 3c066ddf-9efa-4bbe-918a-eb5ba67c131d
	at sun.reflect.NativeConstructorAccessorImpl.newInstance0(Native Method)
	at sun.reflect.NativeConstructorAccessorImpl.newInstance(NativeConstructorAccessorImpl.java:62)
	at sun.reflect.DelegatingConstructorAccessorImpl.newInstance(DelegatingConstructorAccessorImpl.java:45)
	at java.lang.reflect.Constructor.newInstance(Constructor.java:423)
	at org.openqa.selenium.remote.ErrorHandler.createThrowable(ErrorHandler.java:206)
	at org.openqa.selenium.remote.ErrorHandler.throwIfResponseFailed(ErrorHandler.java:164)
	at org.openqa.selenium.remote.RemoteWebDriver.execute(RemoteWebDriver.java:647)
	at io.appium.java_client.AppiumDriver.execute(AppiumDriver.java:180)
	at io.appium.java_client.AppiumDriver.execute(AppiumDriver.java:185)
	at io.appium.java_client.AppiumDriver.getContext(AppiumDriver.java:546)
	at com.codoon.common.util.DeviceHelper.pressBackToHomePage(DeviceHelper.java:406)
	at com.codoon.test.DrycargoTest.tearDown(DrycargoTest.java:42)
	at sun.reflect.NativeMethodAccessorImpl.invoke0(Native Method)
	at sun.reflect.NativeMethodAccessorImpl.invoke(NativeMethodAccessorImpl.java:62)
	at sun.reflect.DelegatingMethodAccessorImpl.invoke(DelegatingMethodAccessorImpl.java:43)
	at java.lang.reflect.Method.invoke(Method.java:498)
	at org.testng.internal.MethodInvocationHelper.invokeMethod(MethodInvocationHelper.java:85)
	at org.testng.internal.Invoker.invokeConfigurationMethod(Invoker.java:517)
	at org.testng.internal.Invoker.invokeConfigurations(Invoker.java:213)
	at org.testng.internal.Invoker.invokeMethod(Invoker.java:732)
	at org.testng.internal.Invoker.retryFailed(Invoker.java:991)
	at org.testng.internal.Invoker.invokeTestMethods(Invoker.java:1171)
	at org.testng.internal.TestMethodWorker.invokeTestMethods(TestMethodWorker.java:125)
	at org.testng.internal.TestMethodWorker.run(TestMethodWorker.java:108)
	at org.testng.TestRunner.privateRun(TestRunner.java:771)
	at org.testng.TestRunner.run(TestRunner.java:621)
	at org.testng.SuiteRunner.runTest(SuiteRunner.java:357)
	at org.testng.SuiteRunner.runSequentially(SuiteRunner.java:352)
	at org.testng.SuiteRunner.privateRun(SuiteRunner.java:310)
	at org.testng.SuiteRunner.run(SuiteRunner.java:259)
	at org.testng.SuiteRunnerWorker.runSuite(SuiteRunnerWorker.java:52)
	at org.testng.SuiteRunnerWorker.run(SuiteRunnerWorker.java:86)
	at org.testng.TestNG.runSuitesSequentially(TestNG.java:1199)
	at org.testng.TestNG.runSuitesLocally(TestNG.java:1124)
	at org.testng.TestNG.run(TestNG.java:1032)
	at org.testng.TestNG.privateMain(TestNG.java:1339)
	at org.testng.TestNG.main(TestNG.java:1308)
</pre></div></td>
<td>0</td>
<td>com.codoon.test.DrycargoTest@2a2d45ba</td></tr>
<tr>
<td title='com.codoon.test.DrycargoTest.tearDown()'><b>tearDown</b><br>Test class: com.codoon.test.DrycargoTest</td>
<td><div><pre>org.openqa.selenium.remote.SessionNotFoundException: A session is either terminated or not started (WARNING: The server did not provide any stacktrace information)
Command duration or timeout: 3 milliseconds
Build info: version: &apos;2.48.2&apos;, revision: &apos;41bccdd10cf2c0560f637404c2d96164b67d9d67&apos;, time: &apos;2015-10-09 13:08:06&apos;
System info: host: &apos;MrdeMacBook-Pro.local&apos;, ip: &apos;192.168.10.123&apos;, os.name: &apos;Mac OS X&apos;, os.arch: &apos;x86_64&apos;, os.version: &apos;10.12.5&apos;, java.version: &apos;1.8.0_131&apos;
Driver info: io.driver.SikuppiumDriver
Capabilities [{appPackage=com.codoon.gps, networkConnectionEnabled=true, recreateChromeDriverSessions=true, warnings={}, databaseEnabled=false, deviceName=125683fc, platform=LINUX, deviceUDID=125683fc, appActivity=.ui.SlideActivity, desired={appPackage=com.codoon.gps, appActivity=.ui.SlideActivity, recreateChromeDriverSessions=true, platformVersion=6.0.1, automationName=Appium, unicodeKeyboard=true, sessionOverride=true, platformName=Android, deviceName=125683fc, resetKeyboard=true, unexpectedAlertBehaviour=accept}, platformVersion=6.0.1, webStorageEnabled=false, locationContextEnabled=false, automationName=Appium, takesScreenshot=true, javascriptEnabled=true, unicodeKeyboard=true, sessionOverride=true, platformName=Android, resetKeyboard=true, unexpectedAlertBehaviour=accept}]
Session ID: 3c066ddf-9efa-4bbe-918a-eb5ba67c131d
	at org.openqa.selenium.remote.ErrorHandler.createThrowable(ErrorHandler.java:206)
	at org.openqa.selenium.remote.ErrorHandler.throwIfResponseFailed(ErrorHandler.java:164)
	at org.openqa.selenium.remote.RemoteWebDriver.execute(RemoteWebDriver.java:647)
	at io.appium.java_client.AppiumDriver.execute(AppiumDriver.java:180)
	at io.appium.java_client.AppiumDriver.execute(AppiumDriver.java:185)
	at io.appium.java_client.AppiumDriver.getContext(AppiumDriver.java:546)
	at com.codoon.common.util.DeviceHelper.pressBackToHomePage(DeviceHelper.java:406)
	at com.codoon.test.DrycargoTest.tearDown(DrycargoTest.java:42)
... Removed 29 stack frames</pre></div><a href='#' onClick='toggleBox("stack-trace208684473", this, "Click to show all stack frames", "Click to hide stack frames")'>Click to show all stack frames</a>
<div class='stack-trace' id='stack-trace208684473'><pre>org.openqa.selenium.remote.SessionNotFoundException: A session is either terminated or not started (WARNING: The server did not provide any stacktrace information)
Command duration or timeout: 3 milliseconds
Build info: version: &apos;2.48.2&apos;, revision: &apos;41bccdd10cf2c0560f637404c2d96164b67d9d67&apos;, time: &apos;2015-10-09 13:08:06&apos;
System info: host: &apos;MrdeMacBook-Pro.local&apos;, ip: &apos;192.168.10.123&apos;, os.name: &apos;Mac OS X&apos;, os.arch: &apos;x86_64&apos;, os.version: &apos;10.12.5&apos;, java.version: &apos;1.8.0_131&apos;
Driver info: io.driver.SikuppiumDriver
Capabilities [{appPackage=com.codoon.gps, networkConnectionEnabled=true, recreateChromeDriverSessions=true, warnings={}, databaseEnabled=false, deviceName=125683fc, platform=LINUX, deviceUDID=125683fc, appActivity=.ui.SlideActivity, desired={appPackage=com.codoon.gps, appActivity=.ui.SlideActivity, recreateChromeDriverSessions=true, platformVersion=6.0.1, automationName=Appium, unicodeKeyboard=true, sessionOverride=true, platformName=Android, deviceName=125683fc, resetKeyboard=true, unexpectedAlertBehaviour=accept}, platformVersion=6.0.1, webStorageEnabled=false, locationContextEnabled=false, automationName=Appium, takesScreenshot=true, javascriptEnabled=true, unicodeKeyboard=true, sessionOverride=true, platformName=Android, resetKeyboard=true, unexpectedAlertBehaviour=accept}]
Session ID: 3c066ddf-9efa-4bbe-918a-eb5ba67c131d
	at sun.reflect.NativeConstructorAccessorImpl.newInstance0(Native Method)
	at sun.reflect.NativeConstructorAccessorImpl.newInstance(NativeConstructorAccessorImpl.java:62)
	at sun.reflect.DelegatingConstructorAccessorImpl.newInstance(DelegatingConstructorAccessorImpl.java:45)
	at java.lang.reflect.Constructor.newInstance(Constructor.java:423)
	at org.openqa.selenium.remote.ErrorHandler.createThrowable(ErrorHandler.java:206)
	at org.openqa.selenium.remote.ErrorHandler.throwIfResponseFailed(ErrorHandler.java:164)
	at org.openqa.selenium.remote.RemoteWebDriver.execute(RemoteWebDriver.java:647)
	at io.appium.java_client.AppiumDriver.execute(AppiumDriver.java:180)
	at io.appium.java_client.AppiumDriver.execute(AppiumDriver.java:185)
	at io.appium.java_client.AppiumDriver.getContext(AppiumDriver.java:546)
	at com.codoon.common.util.DeviceHelper.pressBackToHomePage(DeviceHelper.java:406)
	at com.codoon.test.DrycargoTest.tearDown(DrycargoTest.java:42)
	at sun.reflect.NativeMethodAccessorImpl.invoke0(Native Method)
	at sun.reflect.NativeMethodAccessorImpl.invoke(NativeMethodAccessorImpl.java:62)
	at sun.reflect.DelegatingMethodAccessorImpl.invoke(DelegatingMethodAccessorImpl.java:43)
	at java.lang.reflect.Method.invoke(Method.java:498)
	at org.testng.internal.MethodInvocationHelper.invokeMethod(MethodInvocationHelper.java:85)
	at org.testng.internal.Invoker.invokeConfigurationMethod(Invoker.java:517)
	at org.testng.internal.Invoker.invokeConfigurations(Invoker.java:213)
	at org.testng.internal.Invoker.invokeMethod(Invoker.java:732)
	at org.testng.internal.Invoker.invokeTestMethod(Invoker.java:845)
	at org.testng.internal.Invoker.invokeTestMethods(Invoker.java:1153)
	at org.testng.internal.TestMethodWorker.invokeTestMethods(TestMethodWorker.java:125)
	at org.testng.internal.TestMethodWorker.run(TestMethodWorker.java:108)
	at org.testng.TestRunner.privateRun(TestRunner.java:771)
	at org.testng.TestRunner.run(TestRunner.java:621)
	at org.testng.SuiteRunner.runTest(SuiteRunner.java:357)
	at org.testng.SuiteRunner.runSequentially(SuiteRunner.java:352)
	at org.testng.SuiteRunner.privateRun(SuiteRunner.java:310)
	at org.testng.SuiteRunner.run(SuiteRunner.java:259)
	at org.testng.SuiteRunnerWorker.runSuite(SuiteRunnerWorker.java:52)
	at org.testng.SuiteRunnerWorker.run(SuiteRunnerWorker.java:86)
	at org.testng.TestNG.runSuitesSequentially(TestNG.java:1199)
	at org.testng.TestNG.runSuitesLocally(TestNG.java:1124)
	at org.testng.TestNG.run(TestNG.java:1032)
	at org.testng.TestNG.privateMain(TestNG.java:1339)
	at org.testng.TestNG.main(TestNG.java:1308)
</pre></div></td>
<td>0</td>
<td>com.codoon.test.DrycargoTest@2a2d45ba</td></tr>
<tr>
<td title='com.codoon.test.DrycargoTest.tearDown()'><b>tearDown</b><br>Test class: com.codoon.test.DrycargoTest</td>
<td><div><pre>org.openqa.selenium.remote.SessionNotFoundException: A session is either terminated or not started (WARNING: The server did not provide any stacktrace information)
Command duration or timeout: 3 milliseconds
Build info: version: &apos;2.48.2&apos;, revision: &apos;41bccdd10cf2c0560f637404c2d96164b67d9d67&apos;, time: &apos;2015-10-09 13:08:06&apos;
System info: host: &apos;MrdeMacBook-Pro.local&apos;, ip: &apos;192.168.10.123&apos;, os.name: &apos;Mac OS X&apos;, os.arch: &apos;x86_64&apos;, os.version: &apos;10.12.5&apos;, java.version: &apos;1.8.0_131&apos;
Driver info: io.driver.SikuppiumDriver
Capabilities [{appPackage=com.codoon.gps, networkConnectionEnabled=true, recreateChromeDriverSessions=true, warnings={}, databaseEnabled=false, deviceName=125683fc, platform=LINUX, deviceUDID=125683fc, appActivity=.ui.SlideActivity, desired={appPackage=com.codoon.gps, appActivity=.ui.SlideActivity, recreateChromeDriverSessions=true, platformVersion=6.0.1, automationName=Appium, unicodeKeyboard=true, sessionOverride=true, platformName=Android, deviceName=125683fc, resetKeyboard=true, unexpectedAlertBehaviour=accept}, platformVersion=6.0.1, webStorageEnabled=false, locationContextEnabled=false, automationName=Appium, takesScreenshot=true, javascriptEnabled=true, unicodeKeyboard=true, sessionOverride=true, platformName=Android, resetKeyboard=true, unexpectedAlertBehaviour=accept}]
Session ID: 3c066ddf-9efa-4bbe-918a-eb5ba67c131d
	at org.openqa.selenium.remote.ErrorHandler.createThrowable(ErrorHandler.java:206)
	at org.openqa.selenium.remote.ErrorHandler.throwIfResponseFailed(ErrorHandler.java:164)
	at org.openqa.selenium.remote.RemoteWebDriver.execute(RemoteWebDriver.java:647)
	at io.appium.java_client.AppiumDriver.execute(AppiumDriver.java:180)
	at io.appium.java_client.AppiumDriver.execute(AppiumDriver.java:185)
	at io.appium.java_client.AppiumDriver.getContext(AppiumDriver.java:546)
	at com.codoon.common.util.DeviceHelper.pressBackToHomePage(DeviceHelper.java:406)
	at com.codoon.test.DrycargoTest.tearDown(DrycargoTest.java:42)
... Removed 29 stack frames</pre></div><a href='#' onClick='toggleBox("stack-trace817686795", this, "Click to show all stack frames", "Click to hide stack frames")'>Click to show all stack frames</a>
<div class='stack-trace' id='stack-trace817686795'><pre>org.openqa.selenium.remote.SessionNotFoundException: A session is either terminated or not started (WARNING: The server did not provide any stacktrace information)
Command duration or timeout: 3 milliseconds
Build info: version: &apos;2.48.2&apos;, revision: &apos;41bccdd10cf2c0560f637404c2d96164b67d9d67&apos;, time: &apos;2015-10-09 13:08:06&apos;
System info: host: &apos;MrdeMacBook-Pro.local&apos;, ip: &apos;192.168.10.123&apos;, os.name: &apos;Mac OS X&apos;, os.arch: &apos;x86_64&apos;, os.version: &apos;10.12.5&apos;, java.version: &apos;1.8.0_131&apos;
Driver info: io.driver.SikuppiumDriver
Capabilities [{appPackage=com.codoon.gps, networkConnectionEnabled=true, recreateChromeDriverSessions=true, warnings={}, databaseEnabled=false, deviceName=125683fc, platform=LINUX, deviceUDID=125683fc, appActivity=.ui.SlideActivity, desired={appPackage=com.codoon.gps, appActivity=.ui.SlideActivity, recreateChromeDriverSessions=true, platformVersion=6.0.1, automationName=Appium, unicodeKeyboard=true, sessionOverride=true, platformName=Android, deviceName=125683fc, resetKeyboard=true, unexpectedAlertBehaviour=accept}, platformVersion=6.0.1, webStorageEnabled=false, locationContextEnabled=false, automationName=Appium, takesScreenshot=true, javascriptEnabled=true, unicodeKeyboard=true, sessionOverride=true, platformName=Android, resetKeyboard=true, unexpectedAlertBehaviour=accept}]
Session ID: 3c066ddf-9efa-4bbe-918a-eb5ba67c131d
	at sun.reflect.NativeConstructorAccessorImpl.newInstance0(Native Method)
	at sun.reflect.NativeConstructorAccessorImpl.newInstance(NativeConstructorAccessorImpl.java:62)
	at sun.reflect.DelegatingConstructorAccessorImpl.newInstance(DelegatingConstructorAccessorImpl.java:45)
	at java.lang.reflect.Constructor.newInstance(Constructor.java:423)
	at org.openqa.selenium.remote.ErrorHandler.createThrowable(ErrorHandler.java:206)
	at org.openqa.selenium.remote.ErrorHandler.throwIfResponseFailed(ErrorHandler.java:164)
	at org.openqa.selenium.remote.RemoteWebDriver.execute(RemoteWebDriver.java:647)
	at io.appium.java_client.AppiumDriver.execute(AppiumDriver.java:180)
	at io.appium.java_client.AppiumDriver.execute(AppiumDriver.java:185)
	at io.appium.java_client.AppiumDriver.getContext(AppiumDriver.java:546)
	at com.codoon.common.util.DeviceHelper.pressBackToHomePage(DeviceHelper.java:406)
	at com.codoon.test.DrycargoTest.tearDown(DrycargoTest.java:42)
	at sun.reflect.NativeMethodAccessorImpl.invoke0(Native Method)
	at sun.reflect.NativeMethodAccessorImpl.invoke(NativeMethodAccessorImpl.java:62)
	at sun.reflect.DelegatingMethodAccessorImpl.invoke(DelegatingMethodAccessorImpl.java:43)
	at java.lang.reflect.Method.invoke(Method.java:498)
	at org.testng.internal.MethodInvocationHelper.invokeMethod(MethodInvocationHelper.java:85)
	at org.testng.internal.Invoker.invokeConfigurationMethod(Invoker.java:517)
	at org.testng.internal.Invoker.invokeConfigurations(Invoker.java:213)
	at org.testng.internal.Invoker.invokeMethod(Invoker.java:732)
	at org.testng.internal.Invoker.invokeTestMethod(Invoker.java:845)
	at org.testng.internal.Invoker.invokeTestMethods(Invoker.java:1153)
	at org.testng.internal.TestMethodWorker.invokeTestMethods(TestMethodWorker.java:125)
	at org.testng.internal.TestMethodWorker.run(TestMethodWorker.java:108)
	at org.testng.TestRunner.privateRun(TestRunner.java:771)
	at org.testng.TestRunner.run(TestRunner.java:621)
	at org.testng.SuiteRunner.runTest(SuiteRunner.java:357)
	at org.testng.SuiteRunner.runSequentially(SuiteRunner.java:352)
	at org.testng.SuiteRunner.privateRun(SuiteRunner.java:310)
	at org.testng.SuiteRunner.run(SuiteRunner.java:259)
	at org.testng.SuiteRunnerWorker.runSuite(SuiteRunnerWorker.java:52)
	at org.testng.SuiteRunnerWorker.run(SuiteRunnerWorker.java:86)
	at org.testng.TestNG.runSuitesSequentially(TestNG.java:1199)
	at org.testng.TestNG.runSuitesLocally(TestNG.java:1124)
	at org.testng.TestNG.run(TestNG.java:1032)
	at org.testng.TestNG.privateMain(TestNG.java:1339)
	at org.testng.TestNG.main(TestNG.java:1308)
</pre></div></td>
<td>0</td>
<td>com.codoon.test.DrycargoTest@2a2d45ba</td></tr>
<tr>
<td title='com.codoon.test.DrycargoTest.tearDown()'><b>tearDown</b><br>Test class: com.codoon.test.DrycargoTest</td>
<td><div><pre>org.openqa.selenium.remote.SessionNotFoundException: A session is either terminated or not started (WARNING: The server did not provide any stacktrace information)
Command duration or timeout: 4 milliseconds
Build info: version: &apos;2.48.2&apos;, revision: &apos;41bccdd10cf2c0560f637404c2d96164b67d9d67&apos;, time: &apos;2015-10-09 13:08:06&apos;
System info: host: &apos;MrdeMacBook-Pro.local&apos;, ip: &apos;192.168.10.123&apos;, os.name: &apos;Mac OS X&apos;, os.arch: &apos;x86_64&apos;, os.version: &apos;10.12.5&apos;, java.version: &apos;1.8.0_131&apos;
Driver info: io.driver.SikuppiumDriver
Capabilities [{appPackage=com.codoon.gps, networkConnectionEnabled=true, recreateChromeDriverSessions=true, warnings={}, databaseEnabled=false, deviceName=125683fc, platform=LINUX, deviceUDID=125683fc, appActivity=.ui.SlideActivity, desired={appPackage=com.codoon.gps, appActivity=.ui.SlideActivity, recreateChromeDriverSessions=true, platformVersion=6.0.1, automationName=Appium, unicodeKeyboard=true, sessionOverride=true, platformName=Android, deviceName=125683fc, resetKeyboard=true, unexpectedAlertBehaviour=accept}, platformVersion=6.0.1, webStorageEnabled=false, locationContextEnabled=false, automationName=Appium, takesScreenshot=true, javascriptEnabled=true, unicodeKeyboard=true, sessionOverride=true, platformName=Android, resetKeyboard=true, unexpectedAlertBehaviour=accept}]
Session ID: 3c066ddf-9efa-4bbe-918a-eb5ba67c131d
	at org.openqa.selenium.remote.ErrorHandler.createThrowable(ErrorHandler.java:206)
	at org.openqa.selenium.remote.ErrorHandler.throwIfResponseFailed(ErrorHandler.java:164)
	at org.openqa.selenium.remote.RemoteWebDriver.execute(RemoteWebDriver.java:647)
	at io.appium.java_client.AppiumDriver.execute(AppiumDriver.java:180)
	at io.appium.java_client.AppiumDriver.execute(AppiumDriver.java:185)
	at io.appium.java_client.AppiumDriver.getContext(AppiumDriver.java:546)
	at com.codoon.common.util.DeviceHelper.pressBackToHomePage(DeviceHelper.java:406)
	at com.codoon.test.DrycargoTest.tearDown(DrycargoTest.java:42)
... Removed 29 stack frames</pre></div><a href='#' onClick='toggleBox("stack-trace611643685", this, "Click to show all stack frames", "Click to hide stack frames")'>Click to show all stack frames</a>
<div class='stack-trace' id='stack-trace611643685'><pre>org.openqa.selenium.remote.SessionNotFoundException: A session is either terminated or not started (WARNING: The server did not provide any stacktrace information)
Command duration or timeout: 4 milliseconds
Build info: version: &apos;2.48.2&apos;, revision: &apos;41bccdd10cf2c0560f637404c2d96164b67d9d67&apos;, time: &apos;2015-10-09 13:08:06&apos;
System info: host: &apos;MrdeMacBook-Pro.local&apos;, ip: &apos;192.168.10.123&apos;, os.name: &apos;Mac OS X&apos;, os.arch: &apos;x86_64&apos;, os.version: &apos;10.12.5&apos;, java.version: &apos;1.8.0_131&apos;
Driver info: io.driver.SikuppiumDriver
Capabilities [{appPackage=com.codoon.gps, networkConnectionEnabled=true, recreateChromeDriverSessions=true, warnings={}, databaseEnabled=false, deviceName=125683fc, platform=LINUX, deviceUDID=125683fc, appActivity=.ui.SlideActivity, desired={appPackage=com.codoon.gps, appActivity=.ui.SlideActivity, recreateChromeDriverSessions=true, platformVersion=6.0.1, automationName=Appium, unicodeKeyboard=true, sessionOverride=true, platformName=Android, deviceName=125683fc, resetKeyboard=true, unexpectedAlertBehaviour=accept}, platformVersion=6.0.1, webStorageEnabled=false, locationContextEnabled=false, automationName=Appium, takesScreenshot=true, javascriptEnabled=true, unicodeKeyboard=true, sessionOverride=true, platformName=Android, resetKeyboard=true, unexpectedAlertBehaviour=accept}]
Session ID: 3c066ddf-9efa-4bbe-918a-eb5ba67c131d
	at sun.reflect.NativeConstructorAccessorImpl.newInstance0(Native Method)
	at sun.reflect.NativeConstructorAccessorImpl.newInstance(NativeConstructorAccessorImpl.java:62)
	at sun.reflect.DelegatingConstructorAccessorImpl.newInstance(DelegatingConstructorAccessorImpl.java:45)
	at java.lang.reflect.Constructor.newInstance(Constructor.java:423)
	at org.openqa.selenium.remote.ErrorHandler.createThrowable(ErrorHandler.java:206)
	at org.openqa.selenium.remote.ErrorHandler.throwIfResponseFailed(ErrorHandler.java:164)
	at org.openqa.selenium.remote.RemoteWebDriver.execute(RemoteWebDriver.java:647)
	at io.appium.java_client.AppiumDriver.execute(AppiumDriver.java:180)
	at io.appium.java_client.AppiumDriver.execute(AppiumDriver.java:185)
	at io.appium.java_client.AppiumDriver.getContext(AppiumDriver.java:546)
	at com.codoon.common.util.DeviceHelper.pressBackToHomePage(DeviceHelper.java:406)
	at com.codoon.test.DrycargoTest.tearDown(DrycargoTest.java:42)
	at sun.reflect.NativeMethodAccessorImpl.invoke0(Native Method)
	at sun.reflect.NativeMethodAccessorImpl.invoke(NativeMethodAccessorImpl.java:62)
	at sun.reflect.DelegatingMethodAccessorImpl.invoke(DelegatingMethodAccessorImpl.java:43)
	at java.lang.reflect.Method.invoke(Method.java:498)
	at org.testng.internal.MethodInvocationHelper.invokeMethod(MethodInvocationHelper.java:85)
	at org.testng.internal.Invoker.invokeConfigurationMethod(Invoker.java:517)
	at org.testng.internal.Invoker.invokeConfigurations(Invoker.java:213)
	at org.testng.internal.Invoker.invokeMethod(Invoker.java:732)
	at org.testng.internal.Invoker.invokeTestMethod(Invoker.java:845)
	at org.testng.internal.Invoker.invokeTestMethods(Invoker.java:1153)
	at org.testng.internal.TestMethodWorker.invokeTestMethods(TestMethodWorker.java:125)
	at org.testng.internal.TestMethodWorker.run(TestMethodWorker.java:108)
	at org.testng.TestRunner.privateRun(TestRunner.java:771)
	at org.testng.TestRunner.run(TestRunner.java:621)
	at org.testng.SuiteRunner.runTest(SuiteRunner.java:357)
	at org.testng.SuiteRunner.runSequentially(SuiteRunner.java:352)
	at org.testng.SuiteRunner.privateRun(SuiteRunner.java:310)
	at org.testng.SuiteRunner.run(SuiteRunner.java:259)
	at org.testng.SuiteRunnerWorker.runSuite(SuiteRunnerWorker.java:52)
	at org.testng.SuiteRunnerWorker.run(SuiteRunnerWorker.java:86)
	at org.testng.TestNG.runSuitesSequentially(TestNG.java:1199)
	at org.testng.TestNG.runSuitesLocally(TestNG.java:1124)
	at org.testng.TestNG.run(TestNG.java:1032)
	at org.testng.TestNG.privateMain(TestNG.java:1339)
	at org.testng.TestNG.main(TestNG.java:1308)
</pre></div></td>
<td>0</td>
<td>com.codoon.test.DrycargoTest@2a2d45ba</td></tr>
<tr>
<td title='com.codoon.test.DrycargoTest.tearDown()'><b>tearDown</b><br>Test class: com.codoon.test.DrycargoTest</td>
<td><div><pre>org.openqa.selenium.remote.SessionNotFoundException: A session is either terminated or not started (WARNING: The server did not provide any stacktrace information)
Command duration or timeout: 4 milliseconds
Build info: version: &apos;2.48.2&apos;, revision: &apos;41bccdd10cf2c0560f637404c2d96164b67d9d67&apos;, time: &apos;2015-10-09 13:08:06&apos;
System info: host: &apos;MrdeMacBook-Pro.local&apos;, ip: &apos;192.168.10.123&apos;, os.name: &apos;Mac OS X&apos;, os.arch: &apos;x86_64&apos;, os.version: &apos;10.12.5&apos;, java.version: &apos;1.8.0_131&apos;
Driver info: io.driver.SikuppiumDriver
Capabilities [{appPackage=com.codoon.gps, networkConnectionEnabled=true, recreateChromeDriverSessions=true, warnings={}, databaseEnabled=false, deviceName=125683fc, platform=LINUX, deviceUDID=125683fc, appActivity=.ui.SlideActivity, desired={appPackage=com.codoon.gps, appActivity=.ui.SlideActivity, recreateChromeDriverSessions=true, platformVersion=6.0.1, automationName=Appium, unicodeKeyboard=true, sessionOverride=true, platformName=Android, deviceName=125683fc, resetKeyboard=true, unexpectedAlertBehaviour=accept}, platformVersion=6.0.1, webStorageEnabled=false, locationContextEnabled=false, automationName=Appium, takesScreenshot=true, javascriptEnabled=true, unicodeKeyboard=true, sessionOverride=true, platformName=Android, resetKeyboard=true, unexpectedAlertBehaviour=accept}]
Session ID: 3c066ddf-9efa-4bbe-918a-eb5ba67c131d
	at org.openqa.selenium.remote.ErrorHandler.createThrowable(ErrorHandler.java:206)
	at org.openqa.selenium.remote.ErrorHandler.throwIfResponseFailed(ErrorHandler.java:164)
	at org.openqa.selenium.remote.RemoteWebDriver.execute(RemoteWebDriver.java:647)
	at io.appium.java_client.AppiumDriver.execute(AppiumDriver.java:180)
	at io.appium.java_client.AppiumDriver.execute(AppiumDriver.java:185)
	at io.appium.java_client.AppiumDriver.getContext(AppiumDriver.java:546)
	at com.codoon.common.util.DeviceHelper.pressBackToHomePage(DeviceHelper.java:406)
	at com.codoon.test.DrycargoTest.tearDown(DrycargoTest.java:42)
... Removed 29 stack frames</pre></div><a href='#' onClick='toggleBox("stack-trace91323447", this, "Click to show all stack frames", "Click to hide stack frames")'>Click to show all stack frames</a>
<div class='stack-trace' id='stack-trace91323447'><pre>org.openqa.selenium.remote.SessionNotFoundException: A session is either terminated or not started (WARNING: The server did not provide any stacktrace information)
Command duration or timeout: 4 milliseconds
Build info: version: &apos;2.48.2&apos;, revision: &apos;41bccdd10cf2c0560f637404c2d96164b67d9d67&apos;, time: &apos;2015-10-09 13:08:06&apos;
System info: host: &apos;MrdeMacBook-Pro.local&apos;, ip: &apos;192.168.10.123&apos;, os.name: &apos;Mac OS X&apos;, os.arch: &apos;x86_64&apos;, os.version: &apos;10.12.5&apos;, java.version: &apos;1.8.0_131&apos;
Driver info: io.driver.SikuppiumDriver
Capabilities [{appPackage=com.codoon.gps, networkConnectionEnabled=true, recreateChromeDriverSessions=true, warnings={}, databaseEnabled=false, deviceName=125683fc, platform=LINUX, deviceUDID=125683fc, appActivity=.ui.SlideActivity, desired={appPackage=com.codoon.gps, appActivity=.ui.SlideActivity, recreateChromeDriverSessions=true, platformVersion=6.0.1, automationName=Appium, unicodeKeyboard=true, sessionOverride=true, platformName=Android, deviceName=125683fc, resetKeyboard=true, unexpectedAlertBehaviour=accept}, platformVersion=6.0.1, webStorageEnabled=false, locationContextEnabled=false, automationName=Appium, takesScreenshot=true, javascriptEnabled=true, unicodeKeyboard=true, sessionOverride=true, platformName=Android, resetKeyboard=true, unexpectedAlertBehaviour=accept}]
Session ID: 3c066ddf-9efa-4bbe-918a-eb5ba67c131d
	at sun.reflect.NativeConstructorAccessorImpl.newInstance0(Native Method)
	at sun.reflect.NativeConstructorAccessorImpl.newInstance(NativeConstructorAccessorImpl.java:62)
	at sun.reflect.DelegatingConstructorAccessorImpl.newInstance(DelegatingConstructorAccessorImpl.java:45)
	at java.lang.reflect.Constructor.newInstance(Constructor.java:423)
	at org.openqa.selenium.remote.ErrorHandler.createThrowable(ErrorHandler.java:206)
	at org.openqa.selenium.remote.ErrorHandler.throwIfResponseFailed(ErrorHandler.java:164)
	at org.openqa.selenium.remote.RemoteWebDriver.execute(RemoteWebDriver.java:647)
	at io.appium.java_client.AppiumDriver.execute(AppiumDriver.java:180)
	at io.appium.java_client.AppiumDriver.execute(AppiumDriver.java:185)
	at io.appium.java_client.AppiumDriver.getContext(AppiumDriver.java:546)
	at com.codoon.common.util.DeviceHelper.pressBackToHomePage(DeviceHelper.java:406)
	at com.codoon.test.DrycargoTest.tearDown(DrycargoTest.java:42)
	at sun.reflect.NativeMethodAccessorImpl.invoke0(Native Method)
	at sun.reflect.NativeMethodAccessorImpl.invoke(NativeMethodAccessorImpl.java:62)
	at sun.reflect.DelegatingMethodAccessorImpl.invoke(DelegatingMethodAccessorImpl.java:43)
	at java.lang.reflect.Method.invoke(Method.java:498)
	at org.testng.internal.MethodInvocationHelper.invokeMethod(MethodInvocationHelper.java:85)
	at org.testng.internal.Invoker.invokeConfigurationMethod(Invoker.java:517)
	at org.testng.internal.Invoker.invokeConfigurations(Invoker.java:213)
	at org.testng.internal.Invoker.invokeMethod(Invoker.java:732)
	at org.testng.internal.Invoker.invokeTestMethod(Invoker.java:845)
	at org.testng.internal.Invoker.invokeTestMethods(Invoker.java:1153)
	at org.testng.internal.TestMethodWorker.invokeTestMethods(TestMethodWorker.java:125)
	at org.testng.internal.TestMethodWorker.run(TestMethodWorker.java:108)
	at org.testng.TestRunner.privateRun(TestRunner.java:771)
	at org.testng.TestRunner.run(TestRunner.java:621)
	at org.testng.SuiteRunner.runTest(SuiteRunner.java:357)
	at org.testng.SuiteRunner.runSequentially(SuiteRunner.java:352)
	at org.testng.SuiteRunner.privateRun(SuiteRunner.java:310)
	at org.testng.SuiteRunner.run(SuiteRunner.java:259)
	at org.testng.SuiteRunnerWorker.runSuite(SuiteRunnerWorker.java:52)
	at org.testng.SuiteRunnerWorker.run(SuiteRunnerWorker.java:86)
	at org.testng.TestNG.runSuitesSequentially(TestNG.java:1199)
	at org.testng.TestNG.runSuitesLocally(TestNG.java:1124)
	at org.testng.TestNG.run(TestNG.java:1032)
	at org.testng.TestNG.privateMain(TestNG.java:1339)
	at org.testng.TestNG.main(TestNG.java:1308)
</pre></div></td>
<td>0</td>
<td>com.codoon.test.DrycargoTest@2a2d45ba</td></tr>
<tr>
<td title='com.codoon.test.DrycargoTest.tearDownClass()'><b>tearDownClass</b><br>Test class: com.codoon.test.DrycargoTest</td>
<td><div><pre>org.openqa.selenium.remote.SessionNotFoundException: A session is either terminated or not started (WARNING: The server did not provide any stacktrace information)
Command duration or timeout: 5 milliseconds
Build info: version: &apos;2.48.2&apos;, revision: &apos;41bccdd10cf2c0560f637404c2d96164b67d9d67&apos;, time: &apos;2015-10-09 13:08:06&apos;
System info: host: &apos;MrdeMacBook-Pro.local&apos;, ip: &apos;192.168.10.123&apos;, os.name: &apos;Mac OS X&apos;, os.arch: &apos;x86_64&apos;, os.version: &apos;10.12.5&apos;, java.version: &apos;1.8.0_131&apos;
Driver info: io.driver.SikuppiumDriver
Capabilities [{appPackage=com.codoon.gps, networkConnectionEnabled=true, recreateChromeDriverSessions=true, warnings={}, databaseEnabled=false, deviceName=125683fc, platform=LINUX, deviceUDID=125683fc, appActivity=.ui.SlideActivity, desired={appPackage=com.codoon.gps, appActivity=.ui.SlideActivity, recreateChromeDriverSessions=true, platformVersion=6.0.1, automationName=Appium, unicodeKeyboard=true, sessionOverride=true, platformName=Android, deviceName=125683fc, resetKeyboard=true, unexpectedAlertBehaviour=accept}, platformVersion=6.0.1, webStorageEnabled=false, locationContextEnabled=false, automationName=Appium, takesScreenshot=true, javascriptEnabled=true, unicodeKeyboard=true, sessionOverride=true, platformName=Android, resetKeyboard=true, unexpectedAlertBehaviour=accept}]
Session ID: 3c066ddf-9efa-4bbe-918a-eb5ba67c131d
	at org.openqa.selenium.remote.ErrorHandler.createThrowable(ErrorHandler.java:206)
	at org.openqa.selenium.remote.ErrorHandler.throwIfResponseFailed(ErrorHandler.java:164)
	at org.openqa.selenium.remote.RemoteWebDriver.execute(RemoteWebDriver.java:647)
	at io.appium.java_client.AppiumDriver.execute(AppiumDriver.java:180)
	at io.appium.java_client.AppiumDriver.execute(AppiumDriver.java:185)
	at org.openqa.selenium.remote.RemoteWebDriver.quit(RemoteWebDriver.java:516)
	at com.codoon.test.BaseTest.tearDownClass(BaseTest.java:65)
... Removed 27 stack frames</pre></div><a href='#' onClick='toggleBox("stack-trace110053477", this, "Click to show all stack frames", "Click to hide stack frames")'>Click to show all stack frames</a>
<div class='stack-trace' id='stack-trace110053477'><pre>org.openqa.selenium.remote.SessionNotFoundException: A session is either terminated or not started (WARNING: The server did not provide any stacktrace information)
Command duration or timeout: 5 milliseconds
Build info: version: &apos;2.48.2&apos;, revision: &apos;41bccdd10cf2c0560f637404c2d96164b67d9d67&apos;, time: &apos;2015-10-09 13:08:06&apos;
System info: host: &apos;MrdeMacBook-Pro.local&apos;, ip: &apos;192.168.10.123&apos;, os.name: &apos;Mac OS X&apos;, os.arch: &apos;x86_64&apos;, os.version: &apos;10.12.5&apos;, java.version: &apos;1.8.0_131&apos;
Driver info: io.driver.SikuppiumDriver
Capabilities [{appPackage=com.codoon.gps, networkConnectionEnabled=true, recreateChromeDriverSessions=true, warnings={}, databaseEnabled=false, deviceName=125683fc, platform=LINUX, deviceUDID=125683fc, appActivity=.ui.SlideActivity, desired={appPackage=com.codoon.gps, appActivity=.ui.SlideActivity, recreateChromeDriverSessions=true, platformVersion=6.0.1, automationName=Appium, unicodeKeyboard=true, sessionOverride=true, platformName=Android, deviceName=125683fc, resetKeyboard=true, unexpectedAlertBehaviour=accept}, platformVersion=6.0.1, webStorageEnabled=false, locationContextEnabled=false, automationName=Appium, takesScreenshot=true, javascriptEnabled=true, unicodeKeyboard=true, sessionOverride=true, platformName=Android, resetKeyboard=true, unexpectedAlertBehaviour=accept}]
Session ID: 3c066ddf-9efa-4bbe-918a-eb5ba67c131d
	at sun.reflect.NativeConstructorAccessorImpl.newInstance0(Native Method)
	at sun.reflect.NativeConstructorAccessorImpl.newInstance(NativeConstructorAccessorImpl.java:62)
	at sun.reflect.DelegatingConstructorAccessorImpl.newInstance(DelegatingConstructorAccessorImpl.java:45)
	at java.lang.reflect.Constructor.newInstance(Constructor.java:423)
	at org.openqa.selenium.remote.ErrorHandler.createThrowable(ErrorHandler.java:206)
	at org.openqa.selenium.remote.ErrorHandler.throwIfResponseFailed(ErrorHandler.java:164)
	at org.openqa.selenium.remote.RemoteWebDriver.execute(RemoteWebDriver.java:647)
	at io.appium.java_client.AppiumDriver.execute(AppiumDriver.java:180)
	at io.appium.java_client.AppiumDriver.execute(AppiumDriver.java:185)
	at org.openqa.selenium.remote.RemoteWebDriver.quit(RemoteWebDriver.java:516)
	at com.codoon.test.BaseTest.tearDownClass(BaseTest.java:65)
	at sun.reflect.NativeMethodAccessorImpl.invoke0(Native Method)
	at sun.reflect.NativeMethodAccessorImpl.invoke(NativeMethodAccessorImpl.java:62)
	at sun.reflect.DelegatingMethodAccessorImpl.invoke(DelegatingMethodAccessorImpl.java:43)
	at java.lang.reflect.Method.invoke(Method.java:498)
	at org.testng.internal.MethodInvocationHelper.invokeMethod(MethodInvocationHelper.java:85)
	at org.testng.internal.Invoker.invokeConfigurationMethod(Invoker.java:517)
	at org.testng.internal.Invoker.invokeConfigurations(Invoker.java:213)
	at org.testng.internal.Invoker.invokeConfigurations(Invoker.java:140)
	at org.testng.internal.TestMethodWorker.invokeAfterClassMethods(TestMethodWorker.java:220)
	at org.testng.internal.TestMethodWorker.run(TestMethodWorker.java:111)
	at org.testng.TestRunner.privateRun(TestRunner.java:771)
	at org.testng.TestRunner.run(TestRunner.java:621)
	at org.testng.SuiteRunner.runTest(SuiteRunner.java:357)
	at org.testng.SuiteRunner.runSequentially(SuiteRunner.java:352)
	at org.testng.SuiteRunner.privateRun(SuiteRunner.java:310)
	at org.testng.SuiteRunner.run(SuiteRunner.java:259)
	at org.testng.SuiteRunnerWorker.runSuite(SuiteRunnerWorker.java:52)
	at org.testng.SuiteRunnerWorker.run(SuiteRunnerWorker.java:86)
	at org.testng.TestNG.runSuitesSequentially(TestNG.java:1199)
	at org.testng.TestNG.runSuitesLocally(TestNG.java:1124)
	at org.testng.TestNG.run(TestNG.java:1032)
	at org.testng.TestNG.privateMain(TestNG.java:1339)
	at org.testng.TestNG.main(TestNG.java:1308)
</pre></div></td>
<td>0</td>
<td>com.codoon.test.DrycargoTest@2a2d45ba</td></tr>
</table><p>
<table width='100%' border='1' class='invocation-skipped'>
<tr><td colspan='4' align='center'><b>SKIPPED CONFIGURATIONS</b></td></tr>
<tr><td><b>Test method</b></td>
<td width="30%"><b>Exception</b></td>
<td width="10%"><b>Time (seconds)</b></td>
<td><b>Instance</b></td>
</tr>
<tr>
<td title='com.codoon.test.DrycargoTest.setUp()'><b>setUp</b><br>Test class: com.codoon.test.DrycargoTest</td>
<td></td>
<td>0</td>
<td>com.codoon.test.DrycargoTest@2a2d45ba</td></tr>
<tr>
<td title='com.codoon.test.DrycargoTest.setUp()'><b>setUp</b><br>Test class: com.codoon.test.DrycargoTest</td>
<td></td>
<td>0</td>
<td>com.codoon.test.DrycargoTest@2a2d45ba</td></tr>
<tr>
<td title='com.codoon.test.DrycargoTest.setUp()'><b>setUp</b><br>Test class: com.codoon.test.DrycargoTest</td>
<td></td>
<td>0</td>
<td>com.codoon.test.DrycargoTest@2a2d45ba</td></tr>
<tr>
<td title='com.codoon.test.DrycargoTest.setUp()'><b>setUp</b><br>Test class: com.codoon.test.DrycargoTest</td>
<td></td>
<td>0</td>
<td>com.codoon.test.DrycargoTest@2a2d45ba</td></tr>
<tr>
<td title='com.codoon.test.DrycargoTest.setUp()'><b>setUp</b><br>Test class: com.codoon.test.DrycargoTest</td>
<td></td>
<td>0</td>
<td>com.codoon.test.DrycargoTest@2a2d45ba</td></tr>
</table><p>
<table width='100%' border='1' class='invocation-failed'>
<tr><td colspan='4' align='center'><b>FAILED TESTS</b></td></tr>
<tr><td><b>Test method</b></td>
<td width="30%"><b>Exception</b></td>
<td width="10%"><b>Time (seconds)</b></td>
<td><b>Instance</b></td>
</tr>
<tr>
<td title='com.codoon.test.DrycargoTest.test008()'><b>test008</b><br>Test class: com.codoon.test.DrycargoTest<br/>
<a href="#Output-1581267786" onClick='toggleBox("Output-1581267786", this, "Show output", "Hide output");'>Show output</a>

<a href="#Output-1581267786" onClick="toggleAllBoxes();">Show all outputs</a>
<div class='log' id="Output-1581267786">
RunCount=1<br/>
</div>
</td>
<td><div><pre>org.openqa.selenium.WebDriverException: An unknown server-side error occurred while processing the command. Original error: UiAUtomator shut down unexpectedly (WARNING: The server did not provide any stacktrace information)
Command duration or timeout: 528 milliseconds
Build info: version: &apos;2.48.2&apos;, revision: &apos;41bccdd10cf2c0560f637404c2d96164b67d9d67&apos;, time: &apos;2015-10-09 13:08:06&apos;
System info: host: &apos;MrdeMacBook-Pro.local&apos;, ip: &apos;192.168.10.123&apos;, os.name: &apos;Mac OS X&apos;, os.arch: &apos;x86_64&apos;, os.version: &apos;10.12.5&apos;, java.version: &apos;1.8.0_131&apos;
Driver info: io.driver.SikuppiumDriver
Capabilities [{appPackage=com.codoon.gps, networkConnectionEnabled=true, recreateChromeDriverSessions=true, warnings={}, databaseEnabled=false, deviceName=125683fc, platform=LINUX, deviceUDID=125683fc, appActivity=.ui.SlideActivity, desired={appPackage=com.codoon.gps, appActivity=.ui.SlideActivity, recreateChromeDriverSessions=true, platformVersion=6.0.1, automationName=Appium, unicodeKeyboard=true, sessionOverride=true, platformName=Android, deviceName=125683fc, resetKeyboard=true, unexpectedAlertBehaviour=accept}, platformVersion=6.0.1, webStorageEnabled=false, locationContextEnabled=false, automationName=Appium, takesScreenshot=true, javascriptEnabled=true, unicodeKeyboard=true, sessionOverride=true, platformName=Android, resetKeyboard=true, unexpectedAlertBehaviour=accept}]
Session ID: 3c066ddf-9efa-4bbe-918a-eb5ba67c131d
*** Element info: {Using=-android uiautomator, value=text(&quot;&quot;)}
	at org.openqa.selenium.remote.ErrorHandler.createThrowable(ErrorHandler.java:206)
	at org.openqa.selenium.remote.ErrorHandler.throwIfResponseFailed(ErrorHandler.java:158)
	at org.openqa.selenium.remote.RemoteWebDriver.execute(RemoteWebDriver.java:647)
	at io.appium.java_client.AppiumDriver.execute(AppiumDriver.java:180)
	at org.openqa.selenium.remote.RemoteWebDriver.findElement(RemoteWebDriver.java:353)
	at io.appium.java_client.android.AndroidDriver.findElementByAndroidUIAutomator(AndroidDriver.java:255)
	at io.appium.java_client.MobileBy$ByAndroidUIAutomator.findElement(MobileBy.java:78)
	at org.openqa.selenium.remote.RemoteWebDriver.findElement(RemoteWebDriver.java:345)
	at com.codoon.common.util.DeviceHelper.findElementsToDown(DeviceHelper.java:866)
	at com.codoon.common.model.DrycargoPage.articleCardForwardingByTag(DrycargoPage.java:244)
	at com.codoon.test.DrycargoTest.test008(DrycargoTest.java:169)
... Removed 27 stack frames</pre></div><a href='#' onClick='toggleBox("stack-trace1581267786", this, "Click to show all stack frames", "Click to hide stack frames")'>Click to show all stack frames</a>
<div class='stack-trace' id='stack-trace1581267786'><pre>org.openqa.selenium.WebDriverException: An unknown server-side error occurred while processing the command. Original error: UiAUtomator shut down unexpectedly (WARNING: The server did not provide any stacktrace information)
Command duration or timeout: 528 milliseconds
Build info: version: &apos;2.48.2&apos;, revision: &apos;41bccdd10cf2c0560f637404c2d96164b67d9d67&apos;, time: &apos;2015-10-09 13:08:06&apos;
System info: host: &apos;MrdeMacBook-Pro.local&apos;, ip: &apos;192.168.10.123&apos;, os.name: &apos;Mac OS X&apos;, os.arch: &apos;x86_64&apos;, os.version: &apos;10.12.5&apos;, java.version: &apos;1.8.0_131&apos;
Driver info: io.driver.SikuppiumDriver
Capabilities [{appPackage=com.codoon.gps, networkConnectionEnabled=true, recreateChromeDriverSessions=true, warnings={}, databaseEnabled=false, deviceName=125683fc, platform=LINUX, deviceUDID=125683fc, appActivity=.ui.SlideActivity, desired={appPackage=com.codoon.gps, appActivity=.ui.SlideActivity, recreateChromeDriverSessions=true, platformVersion=6.0.1, automationName=Appium, unicodeKeyboard=true, sessionOverride=true, platformName=Android, deviceName=125683fc, resetKeyboard=true, unexpectedAlertBehaviour=accept}, platformVersion=6.0.1, webStorageEnabled=false, locationContextEnabled=false, automationName=Appium, takesScreenshot=true, javascriptEnabled=true, unicodeKeyboard=true, sessionOverride=true, platformName=Android, resetKeyboard=true, unexpectedAlertBehaviour=accept}]
Session ID: 3c066ddf-9efa-4bbe-918a-eb5ba67c131d
*** Element info: {Using=-android uiautomator, value=text(&quot;&quot;)}
	at sun.reflect.NativeConstructorAccessorImpl.newInstance0(Native Method)
	at sun.reflect.NativeConstructorAccessorImpl.newInstance(NativeConstructorAccessorImpl.java:62)
	at sun.reflect.DelegatingConstructorAccessorImpl.newInstance(DelegatingConstructorAccessorImpl.java:45)
	at java.lang.reflect.Constructor.newInstance(Constructor.java:423)
	at org.openqa.selenium.remote.ErrorHandler.createThrowable(ErrorHandler.java:206)
	at org.openqa.selenium.remote.ErrorHandler.throwIfResponseFailed(ErrorHandler.java:158)
	at org.openqa.selenium.remote.RemoteWebDriver.execute(RemoteWebDriver.java:647)
	at io.appium.java_client.AppiumDriver.execute(AppiumDriver.java:180)
	at org.openqa.selenium.remote.RemoteWebDriver.findElement(RemoteWebDriver.java:353)
	at io.appium.java_client.android.AndroidDriver.findElementByAndroidUIAutomator(AndroidDriver.java:255)
	at io.appium.java_client.MobileBy$ByAndroidUIAutomator.findElement(MobileBy.java:78)
	at org.openqa.selenium.remote.RemoteWebDriver.findElement(RemoteWebDriver.java:345)
	at com.codoon.common.util.DeviceHelper.findElementsToDown(DeviceHelper.java:866)
	at com.codoon.common.model.DrycargoPage.articleCardForwardingByTag(DrycargoPage.java:244)
	at com.codoon.test.DrycargoTest.test008(DrycargoTest.java:169)
	at sun.reflect.NativeMethodAccessorImpl.invoke0(Native Method)
	at sun.reflect.NativeMethodAccessorImpl.invoke(NativeMethodAccessorImpl.java:62)
	at sun.reflect.DelegatingMethodAccessorImpl.invoke(DelegatingMethodAccessorImpl.java:43)
	at java.lang.reflect.Method.invoke(Method.java:498)
	at org.testng.internal.MethodInvocationHelper.invokeMethod(MethodInvocationHelper.java:85)
	at org.testng.internal.Invoker.invokeMethod(Invoker.java:659)
	at org.testng.internal.Invoker.invokeTestMethod(Invoker.java:845)
	at org.testng.internal.Invoker.invokeTestMethods(Invoker.java:1153)
	at org.testng.internal.TestMethodWorker.invokeTestMethods(TestMethodWorker.java:125)
	at org.testng.internal.TestMethodWorker.run(TestMethodWorker.java:108)
	at org.testng.TestRunner.privateRun(TestRunner.java:771)
	at org.testng.TestRunner.run(TestRunner.java:621)
	at org.testng.SuiteRunner.runTest(SuiteRunner.java:357)
	at org.testng.SuiteRunner.runSequentially(SuiteRunner.java:352)
	at org.testng.SuiteRunner.privateRun(SuiteRunner.java:310)
	at org.testng.SuiteRunner.run(SuiteRunner.java:259)
	at org.testng.SuiteRunnerWorker.runSuite(SuiteRunnerWorker.java:52)
	at org.testng.SuiteRunnerWorker.run(SuiteRunnerWorker.java:86)
	at org.testng.TestNG.runSuitesSequentially(TestNG.java:1199)
	at org.testng.TestNG.runSuitesLocally(TestNG.java:1124)
	at org.testng.TestNG.run(TestNG.java:1032)
	at org.testng.TestNG.privateMain(TestNG.java:1339)
	at org.testng.TestNG.main(TestNG.java:1308)
</pre></div></td>
<td>225</td>
<td>com.codoon.test.DrycargoTest@2a2d45ba</td></tr>
<tr>
<td title='com.codoon.test.SportCircleTest.test018()'><b>test018</b><br>Test class: com.codoon.test.SportCircleTest<br/>
<a href="#Output-659590237" onClick='toggleBox("Output-659590237", this, "Show output", "Hide output");'>Show output</a>

<a href="#Output-659590237" onClick="toggleAllBoxes();">Show all outputs</a>
<div class='log' id="Output-659590237">
RunCount=1<br/>
</div>
</td>
<td><div><pre>org.openqa.selenium.NoSuchElementException: Can&apos;t locate an element by this strategy: By.AndroidUIAutomator: text(&quot;&quot;)
For documentation on this error, please visit: http://seleniumhq.org/exceptions/no_such_element.html
Build info: version: &apos;2.48.2&apos;, revision: &apos;41bccdd10cf2c0560f637404c2d96164b67d9d67&apos;, time: &apos;2015-10-09 13:08:06&apos;
System info: host: &apos;MrdeMacBook-Pro.local&apos;, ip: &apos;192.168.10.123&apos;, os.name: &apos;Mac OS X&apos;, os.arch: &apos;x86_64&apos;, os.version: &apos;10.12.5&apos;, java.version: &apos;1.8.0_131&apos;
Driver info: driver.version: unknown
	at io.appium.java_client.pagefactory.AppiumElementLocator.findElement(AppiumElementLocator.java:147)
	at io.appium.java_client.pagefactory.ElementInterceptor.intercept(ElementInterceptor.java:26)
	at org.openqa.selenium.remote.RemoteWebElement$$EnhancerByCGLIB$$3e70910a.getLocation(&lt;generated&gt;)
	at com.codoon.common.util.DeviceHelper.moveToHalfScreen(DeviceHelper.java:319)
	at com.codoon.test.SportCircleTest.test018(SportCircleTest.java:368)
... Removed 23 stack frames</pre></div><a href='#' onClick='toggleBox("stack-trace659590237", this, "Click to show all stack frames", "Click to hide stack frames")'>Click to show all stack frames</a>
<div class='stack-trace' id='stack-trace659590237'><pre>org.openqa.selenium.NoSuchElementException: Can&apos;t locate an element by this strategy: By.AndroidUIAutomator: text(&quot;&quot;)
For documentation on this error, please visit: http://seleniumhq.org/exceptions/no_such_element.html
Build info: version: &apos;2.48.2&apos;, revision: &apos;41bccdd10cf2c0560f637404c2d96164b67d9d67&apos;, time: &apos;2015-10-09 13:08:06&apos;
System info: host: &apos;MrdeMacBook-Pro.local&apos;, ip: &apos;192.168.10.123&apos;, os.name: &apos;Mac OS X&apos;, os.arch: &apos;x86_64&apos;, os.version: &apos;10.12.5&apos;, java.version: &apos;1.8.0_131&apos;
Driver info: driver.version: unknown
	at io.appium.java_client.pagefactory.AppiumElementLocator.findElement(AppiumElementLocator.java:147)
	at io.appium.java_client.pagefactory.ElementInterceptor.intercept(ElementInterceptor.java:26)
	at org.openqa.selenium.remote.RemoteWebElement$$EnhancerByCGLIB$$3e70910a.getLocation(&lt;generated&gt;)
	at com.codoon.common.util.DeviceHelper.moveToHalfScreen(DeviceHelper.java:319)
	at com.codoon.test.SportCircleTest.test018(SportCircleTest.java:368)
	at sun.reflect.NativeMethodAccessorImpl.invoke0(Native Method)
	at sun.reflect.NativeMethodAccessorImpl.invoke(NativeMethodAccessorImpl.java:62)
	at sun.reflect.DelegatingMethodAccessorImpl.invoke(DelegatingMethodAccessorImpl.java:43)
	at java.lang.reflect.Method.invoke(Method.java:498)
	at org.testng.internal.MethodInvocationHelper.invokeMethod(MethodInvocationHelper.java:85)
	at org.testng.internal.Invoker.invokeMethod(Invoker.java:659)
	at org.testng.internal.Invoker.invokeTestMethod(Invoker.java:845)
	at org.testng.internal.Invoker.invokeTestMethods(Invoker.java:1153)
	at org.testng.internal.TestMethodWorker.invokeTestMethods(TestMethodWorker.java:125)
	at org.testng.internal.TestMethodWorker.run(TestMethodWorker.java:108)
	at org.testng.TestRunner.privateRun(TestRunner.java:771)
	at org.testng.TestRunner.run(TestRunner.java:621)
	at org.testng.SuiteRunner.runTest(SuiteRunner.java:357)
	at org.testng.SuiteRunner.runSequentially(SuiteRunner.java:352)
	at org.testng.SuiteRunner.privateRun(SuiteRunner.java:310)
	at org.testng.SuiteRunner.run(SuiteRunner.java:259)
	at org.testng.SuiteRunnerWorker.runSuite(SuiteRunnerWorker.java:52)
	at org.testng.SuiteRunnerWorker.run(SuiteRunnerWorker.java:86)
	at org.testng.TestNG.runSuitesSequentially(TestNG.java:1199)
	at org.testng.TestNG.runSuitesLocally(TestNG.java:1124)
	at org.testng.TestNG.run(TestNG.java:1032)
	at org.testng.TestNG.privateMain(TestNG.java:1339)
	at org.testng.TestNG.main(TestNG.java:1308)
</pre></div></td>
<td>17</td>
<td>com.codoon.test.SportCircleTest@7f9a81e8</td></tr>
<tr>
<td title='com.codoon.test.SportCircleTest.test018()'><b>test018</b><br>Test class: com.codoon.test.SportCircleTest<br/>
<a href="#Output-1037854997" onClick='toggleBox("Output-1037854997", this, "Show output", "Hide output");'>Show output</a>

<a href="#Output-1037854997" onClick="toggleAllBoxes();">Show all outputs</a>
<div class='log' id="Output-1037854997">
RunCount=2<br/>
</div>
</td>
<td><div><pre>org.openqa.selenium.NoSuchElementException: Can&apos;t locate an element by this strategy: By.AndroidUIAutomator: text(&quot;&quot;)
For documentation on this error, please visit: http://seleniumhq.org/exceptions/no_such_element.html
Build info: version: &apos;2.48.2&apos;, revision: &apos;41bccdd10cf2c0560f637404c2d96164b67d9d67&apos;, time: &apos;2015-10-09 13:08:06&apos;
System info: host: &apos;MrdeMacBook-Pro.local&apos;, ip: &apos;192.168.10.123&apos;, os.name: &apos;Mac OS X&apos;, os.arch: &apos;x86_64&apos;, os.version: &apos;10.12.5&apos;, java.version: &apos;1.8.0_131&apos;
Driver info: driver.version: unknown
	at io.appium.java_client.pagefactory.AppiumElementLocator.findElement(AppiumElementLocator.java:147)
	at io.appium.java_client.pagefactory.ElementInterceptor.intercept(ElementInterceptor.java:26)
	at org.openqa.selenium.remote.RemoteWebElement$$EnhancerByCGLIB$$3e70910a.getLocation(&lt;generated&gt;)
	at com.codoon.common.util.DeviceHelper.moveToHalfScreen(DeviceHelper.java:319)
	at com.codoon.test.SportCircleTest.test018(SportCircleTest.java:368)
... Removed 23 stack frames</pre></div><a href='#' onClick='toggleBox("stack-trace1037854997", this, "Click to show all stack frames", "Click to hide stack frames")'>Click to show all stack frames</a>
<div class='stack-trace' id='stack-trace1037854997'><pre>org.openqa.selenium.NoSuchElementException: Can&apos;t locate an element by this strategy: By.AndroidUIAutomator: text(&quot;&quot;)
For documentation on this error, please visit: http://seleniumhq.org/exceptions/no_such_element.html
Build info: version: &apos;2.48.2&apos;, revision: &apos;41bccdd10cf2c0560f637404c2d96164b67d9d67&apos;, time: &apos;2015-10-09 13:08:06&apos;
System info: host: &apos;MrdeMacBook-Pro.local&apos;, ip: &apos;192.168.10.123&apos;, os.name: &apos;Mac OS X&apos;, os.arch: &apos;x86_64&apos;, os.version: &apos;10.12.5&apos;, java.version: &apos;1.8.0_131&apos;
Driver info: driver.version: unknown
	at io.appium.java_client.pagefactory.AppiumElementLocator.findElement(AppiumElementLocator.java:147)
	at io.appium.java_client.pagefactory.ElementInterceptor.intercept(ElementInterceptor.java:26)
	at org.openqa.selenium.remote.RemoteWebElement$$EnhancerByCGLIB$$3e70910a.getLocation(&lt;generated&gt;)
	at com.codoon.common.util.DeviceHelper.moveToHalfScreen(DeviceHelper.java:319)
	at com.codoon.test.SportCircleTest.test018(SportCircleTest.java:368)
	at sun.reflect.NativeMethodAccessorImpl.invoke0(Native Method)
	at sun.reflect.NativeMethodAccessorImpl.invoke(NativeMethodAccessorImpl.java:62)
	at sun.reflect.DelegatingMethodAccessorImpl.invoke(DelegatingMethodAccessorImpl.java:43)
	at java.lang.reflect.Method.invoke(Method.java:498)
	at org.testng.internal.MethodInvocationHelper.invokeMethod(MethodInvocationHelper.java:85)
	at org.testng.internal.Invoker.invokeMethod(Invoker.java:659)
	at org.testng.internal.Invoker.retryFailed(Invoker.java:991)
	at org.testng.internal.Invoker.invokeTestMethods(Invoker.java:1171)
	at org.testng.internal.TestMethodWorker.invokeTestMethods(TestMethodWorker.java:125)
	at org.testng.internal.TestMethodWorker.run(TestMethodWorker.java:108)
	at org.testng.TestRunner.privateRun(TestRunner.java:771)
	at org.testng.TestRunner.run(TestRunner.java:621)
	at org.testng.SuiteRunner.runTest(SuiteRunner.java:357)
	at org.testng.SuiteRunner.runSequentially(SuiteRunner.java:352)
	at org.testng.SuiteRunner.privateRun(SuiteRunner.java:310)
	at org.testng.SuiteRunner.run(SuiteRunner.java:259)
	at org.testng.SuiteRunnerWorker.runSuite(SuiteRunnerWorker.java:52)
	at org.testng.SuiteRunnerWorker.run(SuiteRunnerWorker.java:86)
	at org.testng.TestNG.runSuitesSequentially(TestNG.java:1199)
	at org.testng.TestNG.runSuitesLocally(TestNG.java:1124)
	at org.testng.TestNG.run(TestNG.java:1032)
	at org.testng.TestNG.privateMain(TestNG.java:1339)
	at org.testng.TestNG.main(TestNG.java:1308)
</pre></div></td>
<td>22</td>
<td>com.codoon.test.SportCircleTest@7f9a81e8</td></tr>
<tr>
<td title='com.codoon.test.SportCircleTest.test018()'><b>test018</b><br>Test class: com.codoon.test.SportCircleTest</td>
<td><div><pre>org.openqa.selenium.NoSuchElementException: Can&apos;t locate an element by this strategy: By.AndroidUIAutomator: text(&quot;&quot;)
For documentation on this error, please visit: http://seleniumhq.org/exceptions/no_such_element.html
Build info: version: &apos;2.48.2&apos;, revision: &apos;41bccdd10cf2c0560f637404c2d96164b67d9d67&apos;, time: &apos;2015-10-09 13:08:06&apos;
System info: host: &apos;MrdeMacBook-Pro.local&apos;, ip: &apos;192.168.10.123&apos;, os.name: &apos;Mac OS X&apos;, os.arch: &apos;x86_64&apos;, os.version: &apos;10.12.5&apos;, java.version: &apos;1.8.0_131&apos;
Driver info: driver.version: unknown
	at io.appium.java_client.pagefactory.AppiumElementLocator.findElement(AppiumElementLocator.java:147)
	at io.appium.java_client.pagefactory.ElementInterceptor.intercept(ElementInterceptor.java:26)
	at org.openqa.selenium.remote.RemoteWebElement$$EnhancerByCGLIB$$3e70910a.getLocation(&lt;generated&gt;)
	at com.codoon.common.util.DeviceHelper.moveToHalfScreen(DeviceHelper.java:319)
	at com.codoon.test.SportCircleTest.test018(SportCircleTest.java:368)
... Removed 23 stack frames</pre></div><a href='#' onClick='toggleBox("stack-trace511832416", this, "Click to show all stack frames", "Click to hide stack frames")'>Click to show all stack frames</a>
<div class='stack-trace' id='stack-trace511832416'><pre>org.openqa.selenium.NoSuchElementException: Can&apos;t locate an element by this strategy: By.AndroidUIAutomator: text(&quot;&quot;)
For documentation on this error, please visit: http://seleniumhq.org/exceptions/no_such_element.html
Build info: version: &apos;2.48.2&apos;, revision: &apos;41bccdd10cf2c0560f637404c2d96164b67d9d67&apos;, time: &apos;2015-10-09 13:08:06&apos;
System info: host: &apos;MrdeMacBook-Pro.local&apos;, ip: &apos;192.168.10.123&apos;, os.name: &apos;Mac OS X&apos;, os.arch: &apos;x86_64&apos;, os.version: &apos;10.12.5&apos;, java.version: &apos;1.8.0_131&apos;
Driver info: driver.version: unknown
	at io.appium.java_client.pagefactory.AppiumElementLocator.findElement(AppiumElementLocator.java:147)
	at io.appium.java_client.pagefactory.ElementInterceptor.intercept(ElementInterceptor.java:26)
	at org.openqa.selenium.remote.RemoteWebElement$$EnhancerByCGLIB$$3e70910a.getLocation(&lt;generated&gt;)
	at com.codoon.common.util.DeviceHelper.moveToHalfScreen(DeviceHelper.java:319)
	at com.codoon.test.SportCircleTest.test018(SportCircleTest.java:368)
	at sun.reflect.NativeMethodAccessorImpl.invoke0(Native Method)
	at sun.reflect.NativeMethodAccessorImpl.invoke(NativeMethodAccessorImpl.java:62)
	at sun.reflect.DelegatingMethodAccessorImpl.invoke(DelegatingMethodAccessorImpl.java:43)
	at java.lang.reflect.Method.invoke(Method.java:498)
	at org.testng.internal.MethodInvocationHelper.invokeMethod(MethodInvocationHelper.java:85)
	at org.testng.internal.Invoker.invokeMethod(Invoker.java:659)
	at org.testng.internal.Invoker.retryFailed(Invoker.java:991)
	at org.testng.internal.Invoker.invokeTestMethods(Invoker.java:1171)
	at org.testng.internal.TestMethodWorker.invokeTestMethods(TestMethodWorker.java:125)
	at org.testng.internal.TestMethodWorker.run(TestMethodWorker.java:108)
	at org.testng.TestRunner.privateRun(TestRunner.java:771)
	at org.testng.TestRunner.run(TestRunner.java:621)
	at org.testng.SuiteRunner.runTest(SuiteRunner.java:357)
	at org.testng.SuiteRunner.runSequentially(SuiteRunner.java:352)
	at org.testng.SuiteRunner.privateRun(SuiteRunner.java:310)
	at org.testng.SuiteRunner.run(SuiteRunner.java:259)
	at org.testng.SuiteRunnerWorker.runSuite(SuiteRunnerWorker.java:52)
	at org.testng.SuiteRunnerWorker.run(SuiteRunnerWorker.java:86)
	at org.testng.TestNG.runSuitesSequentially(TestNG.java:1199)
	at org.testng.TestNG.runSuitesLocally(TestNG.java:1124)
	at org.testng.TestNG.run(TestNG.java:1032)
	at org.testng.TestNG.privateMain(TestNG.java:1339)
	at org.testng.TestNG.main(TestNG.java:1308)
</pre></div></td>
<td>19</td>
<td>com.codoon.test.SportCircleTest@7f9a81e8</td></tr>
<tr>
<td title='com.codoon.test.SportCircleTest.test019()'><b>test019</b><br>Test class: com.codoon.test.SportCircleTest<br/>
<a href="#Output-170949260" onClick='toggleBox("Output-170949260", this, "Show output", "Hide output");'>Show output</a>

<a href="#Output-170949260" onClick="toggleAllBoxes();">Show all outputs</a>
<div class='log' id="Output-170949260">
RunCount=1<br/>
</div>
</td>
<td><div><pre>org.openqa.selenium.NoSuchElementException: Can&apos;t locate an element by this strategy: By.AndroidUIAutomator: text(&quot;&quot;)
For documentation on this error, please visit: http://seleniumhq.org/exceptions/no_such_element.html
Build info: version: &apos;2.48.2&apos;, revision: &apos;41bccdd10cf2c0560f637404c2d96164b67d9d67&apos;, time: &apos;2015-10-09 13:08:06&apos;
System info: host: &apos;MrdeMacBook-Pro.local&apos;, ip: &apos;192.168.10.123&apos;, os.name: &apos;Mac OS X&apos;, os.arch: &apos;x86_64&apos;, os.version: &apos;10.12.5&apos;, java.version: &apos;1.8.0_131&apos;
Driver info: driver.version: unknown
	at io.appium.java_client.pagefactory.AppiumElementLocator.findElement(AppiumElementLocator.java:147)
	at io.appium.java_client.pagefactory.ElementInterceptor.intercept(ElementInterceptor.java:26)
	at org.openqa.selenium.remote.RemoteWebElement$$EnhancerByCGLIB$$3e70910a.getLocation(&lt;generated&gt;)
	at com.codoon.common.util.DeviceHelper.moveToHalfScreen(DeviceHelper.java:319)
	at com.codoon.test.SportCircleTest.test019(SportCircleTest.java:385)
... Removed 23 stack frames</pre></div><a href='#' onClick='toggleBox("stack-trace170949260", this, "Click to show all stack frames", "Click to hide stack frames")'>Click to show all stack frames</a>
<div class='stack-trace' id='stack-trace170949260'><pre>org.openqa.selenium.NoSuchElementException: Can&apos;t locate an element by this strategy: By.AndroidUIAutomator: text(&quot;&quot;)
For documentation on this error, please visit: http://seleniumhq.org/exceptions/no_such_element.html
Build info: version: &apos;2.48.2&apos;, revision: &apos;41bccdd10cf2c0560f637404c2d96164b67d9d67&apos;, time: &apos;2015-10-09 13:08:06&apos;
System info: host: &apos;MrdeMacBook-Pro.local&apos;, ip: &apos;192.168.10.123&apos;, os.name: &apos;Mac OS X&apos;, os.arch: &apos;x86_64&apos;, os.version: &apos;10.12.5&apos;, java.version: &apos;1.8.0_131&apos;
Driver info: driver.version: unknown
	at io.appium.java_client.pagefactory.AppiumElementLocator.findElement(AppiumElementLocator.java:147)
	at io.appium.java_client.pagefactory.ElementInterceptor.intercept(ElementInterceptor.java:26)
	at org.openqa.selenium.remote.RemoteWebElement$$EnhancerByCGLIB$$3e70910a.getLocation(&lt;generated&gt;)
	at com.codoon.common.util.DeviceHelper.moveToHalfScreen(DeviceHelper.java:319)
	at com.codoon.test.SportCircleTest.test019(SportCircleTest.java:385)
	at sun.reflect.NativeMethodAccessorImpl.invoke0(Native Method)
	at sun.reflect.NativeMethodAccessorImpl.invoke(NativeMethodAccessorImpl.java:62)
	at sun.reflect.DelegatingMethodAccessorImpl.invoke(DelegatingMethodAccessorImpl.java:43)
	at java.lang.reflect.Method.invoke(Method.java:498)
	at org.testng.internal.MethodInvocationHelper.invokeMethod(MethodInvocationHelper.java:85)
	at org.testng.internal.Invoker.invokeMethod(Invoker.java:659)
	at org.testng.internal.Invoker.invokeTestMethod(Invoker.java:845)
	at org.testng.internal.Invoker.invokeTestMethods(Invoker.java:1153)
	at org.testng.internal.TestMethodWorker.invokeTestMethods(TestMethodWorker.java:125)
	at org.testng.internal.TestMethodWorker.run(TestMethodWorker.java:108)
	at org.testng.TestRunner.privateRun(TestRunner.java:771)
	at org.testng.TestRunner.run(TestRunner.java:621)
	at org.testng.SuiteRunner.runTest(SuiteRunner.java:357)
	at org.testng.SuiteRunner.runSequentially(SuiteRunner.java:352)
	at org.testng.SuiteRunner.privateRun(SuiteRunner.java:310)
	at org.testng.SuiteRunner.run(SuiteRunner.java:259)
	at org.testng.SuiteRunnerWorker.runSuite(SuiteRunnerWorker.java:52)
	at org.testng.SuiteRunnerWorker.run(SuiteRunnerWorker.java:86)
	at org.testng.TestNG.runSuitesSequentially(TestNG.java:1199)
	at org.testng.TestNG.runSuitesLocally(TestNG.java:1124)
	at org.testng.TestNG.run(TestNG.java:1032)
	at org.testng.TestNG.privateMain(TestNG.java:1339)
	at org.testng.TestNG.main(TestNG.java:1308)
</pre></div></td>
<td>42</td>
<td>com.codoon.test.SportCircleTest@7f9a81e8</td></tr>
<tr>
<td title='com.codoon.test.SportCircleTest.test019()'><b>test019</b><br>Test class: com.codoon.test.SportCircleTest<br/>
<a href="#Output-1703696921" onClick='toggleBox("Output-1703696921", this, "Show output", "Hide output");'>Show output</a>

<a href="#Output-1703696921" onClick="toggleAllBoxes();">Show all outputs</a>
<div class='log' id="Output-1703696921">
RunCount=2<br/>
</div>
</td>
<td><div><pre>org.openqa.selenium.NoSuchElementException: Can&apos;t locate an element by this strategy: By.AndroidUIAutomator: text(&quot;&quot;)
For documentation on this error, please visit: http://seleniumhq.org/exceptions/no_such_element.html
Build info: version: &apos;2.48.2&apos;, revision: &apos;41bccdd10cf2c0560f637404c2d96164b67d9d67&apos;, time: &apos;2015-10-09 13:08:06&apos;
System info: host: &apos;MrdeMacBook-Pro.local&apos;, ip: &apos;192.168.10.123&apos;, os.name: &apos;Mac OS X&apos;, os.arch: &apos;x86_64&apos;, os.version: &apos;10.12.5&apos;, java.version: &apos;1.8.0_131&apos;
Driver info: driver.version: unknown
	at io.appium.java_client.pagefactory.AppiumElementLocator.findElement(AppiumElementLocator.java:147)
	at io.appium.java_client.pagefactory.ElementInterceptor.intercept(ElementInterceptor.java:26)
	at org.openqa.selenium.remote.RemoteWebElement$$EnhancerByCGLIB$$3e70910a.getLocation(&lt;generated&gt;)
	at com.codoon.common.util.DeviceHelper.moveToHalfScreen(DeviceHelper.java:319)
	at com.codoon.test.SportCircleTest.test019(SportCircleTest.java:385)
... Removed 23 stack frames</pre></div><a href='#' onClick='toggleBox("stack-trace1703696921", this, "Click to show all stack frames", "Click to hide stack frames")'>Click to show all stack frames</a>
<div class='stack-trace' id='stack-trace1703696921'><pre>org.openqa.selenium.NoSuchElementException: Can&apos;t locate an element by this strategy: By.AndroidUIAutomator: text(&quot;&quot;)
For documentation on this error, please visit: http://seleniumhq.org/exceptions/no_such_element.html
Build info: version: &apos;2.48.2&apos;, revision: &apos;41bccdd10cf2c0560f637404c2d96164b67d9d67&apos;, time: &apos;2015-10-09 13:08:06&apos;
System info: host: &apos;MrdeMacBook-Pro.local&apos;, ip: &apos;192.168.10.123&apos;, os.name: &apos;Mac OS X&apos;, os.arch: &apos;x86_64&apos;, os.version: &apos;10.12.5&apos;, java.version: &apos;1.8.0_131&apos;
Driver info: driver.version: unknown
	at io.appium.java_client.pagefactory.AppiumElementLocator.findElement(AppiumElementLocator.java:147)
	at io.appium.java_client.pagefactory.ElementInterceptor.intercept(ElementInterceptor.java:26)
	at org.openqa.selenium.remote.RemoteWebElement$$EnhancerByCGLIB$$3e70910a.getLocation(&lt;generated&gt;)
	at com.codoon.common.util.DeviceHelper.moveToHalfScreen(DeviceHelper.java:319)
	at com.codoon.test.SportCircleTest.test019(SportCircleTest.java:385)
	at sun.reflect.NativeMethodAccessorImpl.invoke0(Native Method)
	at sun.reflect.NativeMethodAccessorImpl.invoke(NativeMethodAccessorImpl.java:62)
	at sun.reflect.DelegatingMethodAccessorImpl.invoke(DelegatingMethodAccessorImpl.java:43)
	at java.lang.reflect.Method.invoke(Method.java:498)
	at org.testng.internal.MethodInvocationHelper.invokeMethod(MethodInvocationHelper.java:85)
	at org.testng.internal.Invoker.invokeMethod(Invoker.java:659)
	at org.testng.internal.Invoker.retryFailed(Invoker.java:991)
	at org.testng.internal.Invoker.invokeTestMethods(Invoker.java:1171)
	at org.testng.internal.TestMethodWorker.invokeTestMethods(TestMethodWorker.java:125)
	at org.testng.internal.TestMethodWorker.run(TestMethodWorker.java:108)
	at org.testng.TestRunner.privateRun(TestRunner.java:771)
	at org.testng.TestRunner.run(TestRunner.java:621)
	at org.testng.SuiteRunner.runTest(SuiteRunner.java:357)
	at org.testng.SuiteRunner.runSequentially(SuiteRunner.java:352)
	at org.testng.SuiteRunner.privateRun(SuiteRunner.java:310)
	at org.testng.SuiteRunner.run(SuiteRunner.java:259)
	at org.testng.SuiteRunnerWorker.runSuite(SuiteRunnerWorker.java:52)
	at org.testng.SuiteRunnerWorker.run(SuiteRunnerWorker.java:86)
	at org.testng.TestNG.runSuitesSequentially(TestNG.java:1199)
	at org.testng.TestNG.runSuitesLocally(TestNG.java:1124)
	at org.testng.TestNG.run(TestNG.java:1032)
	at org.testng.TestNG.privateMain(TestNG.java:1339)
	at org.testng.TestNG.main(TestNG.java:1308)
</pre></div></td>
<td>40</td>
<td>com.codoon.test.SportCircleTest@7f9a81e8</td></tr>
<tr>
<td title='com.codoon.test.SportCircleTest.test019()'><b>test019</b><br>Test class: com.codoon.test.SportCircleTest</td>
<td><div><pre>org.openqa.selenium.NoSuchElementException: Can&apos;t locate an element by this strategy: By.AndroidUIAutomator: text(&quot;&quot;)
For documentation on this error, please visit: http://seleniumhq.org/exceptions/no_such_element.html
Build info: version: &apos;2.48.2&apos;, revision: &apos;41bccdd10cf2c0560f637404c2d96164b67d9d67&apos;, time: &apos;2015-10-09 13:08:06&apos;
System info: host: &apos;MrdeMacBook-Pro.local&apos;, ip: &apos;192.168.10.123&apos;, os.name: &apos;Mac OS X&apos;, os.arch: &apos;x86_64&apos;, os.version: &apos;10.12.5&apos;, java.version: &apos;1.8.0_131&apos;
Driver info: driver.version: unknown
	at io.appium.java_client.pagefactory.AppiumElementLocator.findElement(AppiumElementLocator.java:147)
	at io.appium.java_client.pagefactory.ElementInterceptor.intercept(ElementInterceptor.java:26)
	at org.openqa.selenium.remote.RemoteWebElement$$EnhancerByCGLIB$$3e70910a.getLocation(&lt;generated&gt;)
	at com.codoon.common.util.DeviceHelper.moveToHalfScreen(DeviceHelper.java:319)
	at com.codoon.test.SportCircleTest.test019(SportCircleTest.java:385)
... Removed 23 stack frames</pre></div><a href='#' onClick='toggleBox("stack-trace1070044969", this, "Click to show all stack frames", "Click to hide stack frames")'>Click to show all stack frames</a>
<div class='stack-trace' id='stack-trace1070044969'><pre>org.openqa.selenium.NoSuchElementException: Can&apos;t locate an element by this strategy: By.AndroidUIAutomator: text(&quot;&quot;)
For documentation on this error, please visit: http://seleniumhq.org/exceptions/no_such_element.html
Build info: version: &apos;2.48.2&apos;, revision: &apos;41bccdd10cf2c0560f637404c2d96164b67d9d67&apos;, time: &apos;2015-10-09 13:08:06&apos;
System info: host: &apos;MrdeMacBook-Pro.local&apos;, ip: &apos;192.168.10.123&apos;, os.name: &apos;Mac OS X&apos;, os.arch: &apos;x86_64&apos;, os.version: &apos;10.12.5&apos;, java.version: &apos;1.8.0_131&apos;
Driver info: driver.version: unknown
	at io.appium.java_client.pagefactory.AppiumElementLocator.findElement(AppiumElementLocator.java:147)
	at io.appium.java_client.pagefactory.ElementInterceptor.intercept(ElementInterceptor.java:26)
	at org.openqa.selenium.remote.RemoteWebElement$$EnhancerByCGLIB$$3e70910a.getLocation(&lt;generated&gt;)
	at com.codoon.common.util.DeviceHelper.moveToHalfScreen(DeviceHelper.java:319)
	at com.codoon.test.SportCircleTest.test019(SportCircleTest.java:385)
	at sun.reflect.NativeMethodAccessorImpl.invoke0(Native Method)
	at sun.reflect.NativeMethodAccessorImpl.invoke(NativeMethodAccessorImpl.java:62)
	at sun.reflect.DelegatingMethodAccessorImpl.invoke(DelegatingMethodAccessorImpl.java:43)
	at java.lang.reflect.Method.invoke(Method.java:498)
	at org.testng.internal.MethodInvocationHelper.invokeMethod(MethodInvocationHelper.java:85)
	at org.testng.internal.Invoker.invokeMethod(Invoker.java:659)
	at org.testng.internal.Invoker.retryFailed(Invoker.java:991)
	at org.testng.internal.Invoker.invokeTestMethods(Invoker.java:1171)
	at org.testng.internal.TestMethodWorker.invokeTestMethods(TestMethodWorker.java:125)
	at org.testng.internal.TestMethodWorker.run(TestMethodWorker.java:108)
	at org.testng.TestRunner.privateRun(TestRunner.java:771)
	at org.testng.TestRunner.run(TestRunner.java:621)
	at org.testng.SuiteRunner.runTest(SuiteRunner.java:357)
	at org.testng.SuiteRunner.runSequentially(SuiteRunner.java:352)
	at org.testng.SuiteRunner.privateRun(SuiteRunner.java:310)
	at org.testng.SuiteRunner.run(SuiteRunner.java:259)
	at org.testng.SuiteRunnerWorker.runSuite(SuiteRunnerWorker.java:52)
	at org.testng.SuiteRunnerWorker.run(SuiteRunnerWorker.java:86)
	at org.testng.TestNG.runSuitesSequentially(TestNG.java:1199)
	at org.testng.TestNG.runSuitesLocally(TestNG.java:1124)
	at org.testng.TestNG.run(TestNG.java:1032)
	at org.testng.TestNG.privateMain(TestNG.java:1339)
	at org.testng.TestNG.main(TestNG.java:1308)
</pre></div></td>
<td>40</td>
<td>com.codoon.test.SportCircleTest@7f9a81e8</td></tr>
<tr>
<td title='com.codoon.test.SportCircleTest.test020()'><b>test020</b><br>Test class: com.codoon.test.SportCircleTest<br/>
<a href="#Output-335580595" onClick='toggleBox("Output-335580595", this, "Show output", "Hide output");'>Show output</a>

<a href="#Output-335580595" onClick="toggleAllBoxes();">Show all outputs</a>
<div class='log' id="Output-335580595">
RunCount=1<br/>
</div>
</td>
<td><div><pre>org.openqa.selenium.WebDriverException: An unknown server-side error occurred while processing the command. (WARNING: The server did not provide any stacktrace information)
Command duration or timeout: 1.58 seconds
Build info: version: &apos;2.48.2&apos;, revision: &apos;41bccdd10cf2c0560f637404c2d96164b67d9d67&apos;, time: &apos;2015-10-09 13:08:06&apos;
System info: host: &apos;MrdeMacBook-Pro.local&apos;, ip: &apos;192.168.10.123&apos;, os.name: &apos;Mac OS X&apos;, os.arch: &apos;x86_64&apos;, os.version: &apos;10.12.5&apos;, java.version: &apos;1.8.0_131&apos;
Driver info: io.driver.SikuppiumDriver
Capabilities [{appPackage=com.codoon.gps, networkConnectionEnabled=true, recreateChromeDriverSessions=true, warnings={}, databaseEnabled=false, deviceName=125683fc, platform=LINUX, deviceUDID=125683fc, appActivity=.ui.SlideActivity, desired={appPackage=com.codoon.gps, appActivity=.ui.SlideActivity, recreateChromeDriverSessions=true, platformVersion=6.0.1, automationName=Appium, unicodeKeyboard=true, sessionOverride=true, platformName=Android, deviceName=125683fc, resetKeyboard=true, unexpectedAlertBehaviour=accept}, platformVersion=6.0.1, webStorageEnabled=false, locationContextEnabled=false, automationName=Appium, takesScreenshot=true, javascriptEnabled=true, unicodeKeyboard=true, sessionOverride=true, platformName=Android, resetKeyboard=true, unexpectedAlertBehaviour=accept}]
Session ID: b1eb96d5-df88-46d6-82a0-53f52ec81965
	at org.openqa.selenium.remote.ErrorHandler.createThrowable(ErrorHandler.java:206)
	at org.openqa.selenium.remote.ErrorHandler.throwIfResponseFailed(ErrorHandler.java:158)
	at org.openqa.selenium.remote.RemoteWebDriver.execute(RemoteWebDriver.java:647)
	at io.appium.java_client.AppiumDriver.execute(AppiumDriver.java:180)
	at io.appium.java_client.AppiumDriver.performTouchAction(AppiumDriver.java:293)
	at io.appium.java_client.TouchAction.perform(TouchAction.java:301)
	at io.appium.java_client.AppiumDriver.swipe(AppiumDriver.java:348)
	at com.codoon.common.util.DeviceHelper.swipeUp(DeviceHelper.java:118)
	at com.codoon.common.util.DeviceHelper.searchBy(DeviceHelper.java:566)
	at com.codoon.test.SportCircleTest.test020(SportCircleTest.java:403)
... Removed 27 stack frames</pre></div><a href='#' onClick='toggleBox("stack-trace335580595", this, "Click to show all stack frames", "Click to hide stack frames")'>Click to show all stack frames</a>
<div class='stack-trace' id='stack-trace335580595'><pre>org.openqa.selenium.WebDriverException: An unknown server-side error occurred while processing the command. (WARNING: The server did not provide any stacktrace information)
Command duration or timeout: 1.58 seconds
Build info: version: &apos;2.48.2&apos;, revision: &apos;41bccdd10cf2c0560f637404c2d96164b67d9d67&apos;, time: &apos;2015-10-09 13:08:06&apos;
System info: host: &apos;MrdeMacBook-Pro.local&apos;, ip: &apos;192.168.10.123&apos;, os.name: &apos;Mac OS X&apos;, os.arch: &apos;x86_64&apos;, os.version: &apos;10.12.5&apos;, java.version: &apos;1.8.0_131&apos;
Driver info: io.driver.SikuppiumDriver
Capabilities [{appPackage=com.codoon.gps, networkConnectionEnabled=true, recreateChromeDriverSessions=true, warnings={}, databaseEnabled=false, deviceName=125683fc, platform=LINUX, deviceUDID=125683fc, appActivity=.ui.SlideActivity, desired={appPackage=com.codoon.gps, appActivity=.ui.SlideActivity, recreateChromeDriverSessions=true, platformVersion=6.0.1, automationName=Appium, unicodeKeyboard=true, sessionOverride=true, platformName=Android, deviceName=125683fc, resetKeyboard=true, unexpectedAlertBehaviour=accept}, platformVersion=6.0.1, webStorageEnabled=false, locationContextEnabled=false, automationName=Appium, takesScreenshot=true, javascriptEnabled=true, unicodeKeyboard=true, sessionOverride=true, platformName=Android, resetKeyboard=true, unexpectedAlertBehaviour=accept}]
Session ID: b1eb96d5-df88-46d6-82a0-53f52ec81965
	at sun.reflect.NativeConstructorAccessorImpl.newInstance0(Native Method)
	at sun.reflect.NativeConstructorAccessorImpl.newInstance(NativeConstructorAccessorImpl.java:62)
	at sun.reflect.DelegatingConstructorAccessorImpl.newInstance(DelegatingConstructorAccessorImpl.java:45)
	at java.lang.reflect.Constructor.newInstance(Constructor.java:423)
	at org.openqa.selenium.remote.ErrorHandler.createThrowable(ErrorHandler.java:206)
	at org.openqa.selenium.remote.ErrorHandler.throwIfResponseFailed(ErrorHandler.java:158)
	at org.openqa.selenium.remote.RemoteWebDriver.execute(RemoteWebDriver.java:647)
	at io.appium.java_client.AppiumDriver.execute(AppiumDriver.java:180)
	at io.appium.java_client.AppiumDriver.performTouchAction(AppiumDriver.java:293)
	at io.appium.java_client.TouchAction.perform(TouchAction.java:301)
	at io.appium.java_client.AppiumDriver.swipe(AppiumDriver.java:348)
	at com.codoon.common.util.DeviceHelper.swipeUp(DeviceHelper.java:118)
	at com.codoon.common.util.DeviceHelper.searchBy(DeviceHelper.java:566)
	at com.codoon.test.SportCircleTest.test020(SportCircleTest.java:403)
	at sun.reflect.NativeMethodAccessorImpl.invoke0(Native Method)
	at sun.reflect.NativeMethodAccessorImpl.invoke(NativeMethodAccessorImpl.java:62)
	at sun.reflect.DelegatingMethodAccessorImpl.invoke(DelegatingMethodAccessorImpl.java:43)
	at java.lang.reflect.Method.invoke(Method.java:498)
	at org.testng.internal.MethodInvocationHelper.invokeMethod(MethodInvocationHelper.java:85)
	at org.testng.internal.Invoker.invokeMethod(Invoker.java:659)
	at org.testng.internal.Invoker.invokeTestMethod(Invoker.java:845)
	at org.testng.internal.Invoker.invokeTestMethods(Invoker.java:1153)
	at org.testng.internal.TestMethodWorker.invokeTestMethods(TestMethodWorker.java:125)
	at org.testng.internal.TestMethodWorker.run(TestMethodWorker.java:108)
	at org.testng.TestRunner.privateRun(TestRunner.java:771)
	at org.testng.TestRunner.run(TestRunner.java:621)
	at org.testng.SuiteRunner.runTest(SuiteRunner.java:357)
	at org.testng.SuiteRunner.runSequentially(SuiteRunner.java:352)
	at org.testng.SuiteRunner.privateRun(SuiteRunner.java:310)
	at org.testng.SuiteRunner.run(SuiteRunner.java:259)
	at org.testng.SuiteRunnerWorker.runSuite(SuiteRunnerWorker.java:52)
	at org.testng.SuiteRunnerWorker.run(SuiteRunnerWorker.java:86)
	at org.testng.TestNG.runSuitesSequentially(TestNG.java:1199)
	at org.testng.TestNG.runSuitesLocally(TestNG.java:1124)
	at org.testng.TestNG.run(TestNG.java:1032)
	at org.testng.TestNG.privateMain(TestNG.java:1339)
	at org.testng.TestNG.main(TestNG.java:1308)
</pre></div></td>
<td>491</td>
<td>com.codoon.test.SportCircleTest@7f9a81e8</td></tr>
<tr>
<td title='com.codoon.test.SportCircleTest.test023()'><b>test023</b><br>Test class: com.codoon.test.SportCircleTest<br/>
<a href="#Output-115433442" onClick='toggleBox("Output-115433442", this, "Show output", "Hide output");'>Show output</a>

<a href="#Output-115433442" onClick="toggleAllBoxes();">Show all outputs</a>
<div class='log' id="Output-115433442">
RunCount=1<br/>
</div>
</td>
<td><div><pre>org.openqa.selenium.NoSuchElementException: Can&apos;t locate an element by this strategy: By.id: com.codoon.gps:id/tv_comment_count
For documentation on this error, please visit: http://seleniumhq.org/exceptions/no_such_element.html
Build info: version: &apos;2.48.2&apos;, revision: &apos;41bccdd10cf2c0560f637404c2d96164b67d9d67&apos;, time: &apos;2015-10-09 13:08:06&apos;
System info: host: &apos;MrdeMacBook-Pro.local&apos;, ip: &apos;192.168.10.123&apos;, os.name: &apos;Mac OS X&apos;, os.arch: &apos;x86_64&apos;, os.version: &apos;10.12.5&apos;, java.version: &apos;1.8.0_131&apos;
Driver info: driver.version: unknown
	at io.appium.java_client.pagefactory.AppiumElementLocator.findElement(AppiumElementLocator.java:147)
	at io.appium.java_client.pagefactory.ElementInterceptor.intercept(ElementInterceptor.java:26)
	at org.openqa.selenium.remote.RemoteWebElement$$EnhancerByCGLIB$$3e70910a.click(&lt;generated&gt;)
	at com.codoon.common.model.SportcirclePage.feedComment(SportcirclePage.java:389)
	at com.codoon.test.SportCircleTest.test023(SportCircleTest.java:462)
... Removed 23 stack frames</pre></div><a href='#' onClick='toggleBox("stack-trace115433442", this, "Click to show all stack frames", "Click to hide stack frames")'>Click to show all stack frames</a>
<div class='stack-trace' id='stack-trace115433442'><pre>org.openqa.selenium.NoSuchElementException: Can&apos;t locate an element by this strategy: By.id: com.codoon.gps:id/tv_comment_count
For documentation on this error, please visit: http://seleniumhq.org/exceptions/no_such_element.html
Build info: version: &apos;2.48.2&apos;, revision: &apos;41bccdd10cf2c0560f637404c2d96164b67d9d67&apos;, time: &apos;2015-10-09 13:08:06&apos;
System info: host: &apos;MrdeMacBook-Pro.local&apos;, ip: &apos;192.168.10.123&apos;, os.name: &apos;Mac OS X&apos;, os.arch: &apos;x86_64&apos;, os.version: &apos;10.12.5&apos;, java.version: &apos;1.8.0_131&apos;
Driver info: driver.version: unknown
	at io.appium.java_client.pagefactory.AppiumElementLocator.findElement(AppiumElementLocator.java:147)
	at io.appium.java_client.pagefactory.ElementInterceptor.intercept(ElementInterceptor.java:26)
	at org.openqa.selenium.remote.RemoteWebElement$$EnhancerByCGLIB$$3e70910a.click(&lt;generated&gt;)
	at com.codoon.common.model.SportcirclePage.feedComment(SportcirclePage.java:389)
	at com.codoon.test.SportCircleTest.test023(SportCircleTest.java:462)
	at sun.reflect.NativeMethodAccessorImpl.invoke0(Native Method)
	at sun.reflect.NativeMethodAccessorImpl.invoke(NativeMethodAccessorImpl.java:62)
	at sun.reflect.DelegatingMethodAccessorImpl.invoke(DelegatingMethodAccessorImpl.java:43)
	at java.lang.reflect.Method.invoke(Method.java:498)
	at org.testng.internal.MethodInvocationHelper.invokeMethod(MethodInvocationHelper.java:85)
	at org.testng.internal.Invoker.invokeMethod(Invoker.java:659)
	at org.testng.internal.Invoker.invokeTestMethod(Invoker.java:845)
	at org.testng.internal.Invoker.invokeTestMethods(Invoker.java:1153)
	at org.testng.internal.TestMethodWorker.invokeTestMethods(TestMethodWorker.java:125)
	at org.testng.internal.TestMethodWorker.run(TestMethodWorker.java:108)
	at org.testng.TestRunner.privateRun(TestRunner.java:771)
	at org.testng.TestRunner.run(TestRunner.java:621)
	at org.testng.SuiteRunner.runTest(SuiteRunner.java:357)
	at org.testng.SuiteRunner.runSequentially(SuiteRunner.java:352)
	at org.testng.SuiteRunner.privateRun(SuiteRunner.java:310)
	at org.testng.SuiteRunner.run(SuiteRunner.java:259)
	at org.testng.SuiteRunnerWorker.runSuite(SuiteRunnerWorker.java:52)
	at org.testng.SuiteRunnerWorker.run(SuiteRunnerWorker.java:86)
	at org.testng.TestNG.runSuitesSequentially(TestNG.java:1199)
	at org.testng.TestNG.runSuitesLocally(TestNG.java:1124)
	at org.testng.TestNG.run(TestNG.java:1032)
	at org.testng.TestNG.privateMain(TestNG.java:1339)
	at org.testng.TestNG.main(TestNG.java:1308)
</pre></div></td>
<td>35</td>
<td>com.codoon.test.SportCircleTest@7f9a81e8</td></tr>
<tr>
<td title='com.codoon.test.SportCircleTest.test024()'><b>test024</b><br>Test class: com.codoon.test.SportCircleTest<br/>
<a href="#Output-462039519" onClick='toggleBox("Output-462039519", this, "Show output", "Hide output");'>Show output</a>

<a href="#Output-462039519" onClick="toggleAllBoxes();">Show all outputs</a>
<div class='log' id="Output-462039519">
RunCount=1<br/>
</div>
</td>
<td><div><pre>org.openqa.selenium.NoSuchElementException: Can&apos;t locate an element by this strategy: By.id: com.codoon.gps:id/btn_collect
For documentation on this error, please visit: http://seleniumhq.org/exceptions/no_such_element.html
Build info: version: &apos;2.48.2&apos;, revision: &apos;41bccdd10cf2c0560f637404c2d96164b67d9d67&apos;, time: &apos;2015-10-09 13:08:06&apos;
System info: host: &apos;MrdeMacBook-Pro.local&apos;, ip: &apos;192.168.10.123&apos;, os.name: &apos;Mac OS X&apos;, os.arch: &apos;x86_64&apos;, os.version: &apos;10.12.5&apos;, java.version: &apos;1.8.0_131&apos;
Driver info: driver.version: unknown
	at io.appium.java_client.pagefactory.AppiumElementLocator.findElement(AppiumElementLocator.java:147)
	at io.appium.java_client.pagefactory.ElementInterceptor.intercept(ElementInterceptor.java:26)
	at org.openqa.selenium.remote.RemoteWebElement$$EnhancerByCGLIB$$3e70910a.click(&lt;generated&gt;)
	at com.codoon.test.SportCircleTest.test024(SportCircleTest.java:481)
... Removed 23 stack frames</pre></div><a href='#' onClick='toggleBox("stack-trace462039519", this, "Click to show all stack frames", "Click to hide stack frames")'>Click to show all stack frames</a>
<div class='stack-trace' id='stack-trace462039519'><pre>org.openqa.selenium.NoSuchElementException: Can&apos;t locate an element by this strategy: By.id: com.codoon.gps:id/btn_collect
For documentation on this error, please visit: http://seleniumhq.org/exceptions/no_such_element.html
Build info: version: &apos;2.48.2&apos;, revision: &apos;41bccdd10cf2c0560f637404c2d96164b67d9d67&apos;, time: &apos;2015-10-09 13:08:06&apos;
System info: host: &apos;MrdeMacBook-Pro.local&apos;, ip: &apos;192.168.10.123&apos;, os.name: &apos;Mac OS X&apos;, os.arch: &apos;x86_64&apos;, os.version: &apos;10.12.5&apos;, java.version: &apos;1.8.0_131&apos;
Driver info: driver.version: unknown
	at io.appium.java_client.pagefactory.AppiumElementLocator.findElement(AppiumElementLocator.java:147)
	at io.appium.java_client.pagefactory.ElementInterceptor.intercept(ElementInterceptor.java:26)
	at org.openqa.selenium.remote.RemoteWebElement$$EnhancerByCGLIB$$3e70910a.click(&lt;generated&gt;)
	at com.codoon.test.SportCircleTest.test024(SportCircleTest.java:481)
	at sun.reflect.NativeMethodAccessorImpl.invoke0(Native Method)
	at sun.reflect.NativeMethodAccessorImpl.invoke(NativeMethodAccessorImpl.java:62)
	at sun.reflect.DelegatingMethodAccessorImpl.invoke(DelegatingMethodAccessorImpl.java:43)
	at java.lang.reflect.Method.invoke(Method.java:498)
	at org.testng.internal.MethodInvocationHelper.invokeMethod(MethodInvocationHelper.java:85)
	at org.testng.internal.Invoker.invokeMethod(Invoker.java:659)
	at org.testng.internal.Invoker.invokeTestMethod(Invoker.java:845)
	at org.testng.internal.Invoker.invokeTestMethods(Invoker.java:1153)
	at org.testng.internal.TestMethodWorker.invokeTestMethods(TestMethodWorker.java:125)
	at org.testng.internal.TestMethodWorker.run(TestMethodWorker.java:108)
	at org.testng.TestRunner.privateRun(TestRunner.java:771)
	at org.testng.TestRunner.run(TestRunner.java:621)
	at org.testng.SuiteRunner.runTest(SuiteRunner.java:357)
	at org.testng.SuiteRunner.runSequentially(SuiteRunner.java:352)
	at org.testng.SuiteRunner.privateRun(SuiteRunner.java:310)
	at org.testng.SuiteRunner.run(SuiteRunner.java:259)
	at org.testng.SuiteRunnerWorker.runSuite(SuiteRunnerWorker.java:52)
	at org.testng.SuiteRunnerWorker.run(SuiteRunnerWorker.java:86)
	at org.testng.TestNG.runSuitesSequentially(TestNG.java:1199)
	at org.testng.TestNG.runSuitesLocally(TestNG.java:1124)
	at org.testng.TestNG.run(TestNG.java:1032)
	at org.testng.TestNG.privateMain(TestNG.java:1339)
	at org.testng.TestNG.main(TestNG.java:1308)
</pre></div></td>
<td>26</td>
<td>com.codoon.test.SportCircleTest@7f9a81e8</td></tr>
<tr>
<td title='com.codoon.test.SportCircleTest.test024()'><b>test024</b><br>Test class: com.codoon.test.SportCircleTest<br/>
<a href="#Output-519492428" onClick='toggleBox("Output-519492428", this, "Show output", "Hide output");'>Show output</a>

<a href="#Output-519492428" onClick="toggleAllBoxes();">Show all outputs</a>
<div class='log' id="Output-519492428">
RunCount=2<br/>
</div>
</td>
<td><div><pre>java.lang.AssertionError: feed  expected [true] but found [false]
	at com.codoon.test.SportCircleTest.test024(SportCircleTest.java:483)
... Removed 26 stack frames</pre></div><a href='#' onClick='toggleBox("stack-trace519492428", this, "Click to show all stack frames", "Click to hide stack frames")'>Click to show all stack frames</a>
<div class='stack-trace' id='stack-trace519492428'><pre>java.lang.AssertionError: feed  expected [true] but found [false]
	at org.testng.Assert.fail(Assert.java:94)
	at org.testng.Assert.failNotEquals(Assert.java:496)
	at org.testng.Assert.assertTrue(Assert.java:42)
	at com.codoon.test.SportCircleTest.test024(SportCircleTest.java:483)
	at sun.reflect.NativeMethodAccessorImpl.invoke0(Native Method)
	at sun.reflect.NativeMethodAccessorImpl.invoke(NativeMethodAccessorImpl.java:62)
	at sun.reflect.DelegatingMethodAccessorImpl.invoke(DelegatingMethodAccessorImpl.java:43)
	at java.lang.reflect.Method.invoke(Method.java:498)
	at org.testng.internal.MethodInvocationHelper.invokeMethod(MethodInvocationHelper.java:85)
	at org.testng.internal.Invoker.invokeMethod(Invoker.java:659)
	at org.testng.internal.Invoker.retryFailed(Invoker.java:991)
	at org.testng.internal.Invoker.invokeTestMethods(Invoker.java:1171)
	at org.testng.internal.TestMethodWorker.invokeTestMethods(TestMethodWorker.java:125)
	at org.testng.internal.TestMethodWorker.run(TestMethodWorker.java:108)
	at org.testng.TestRunner.privateRun(TestRunner.java:771)
	at org.testng.TestRunner.run(TestRunner.java:621)
	at org.testng.SuiteRunner.runTest(SuiteRunner.java:357)
	at org.testng.SuiteRunner.runSequentially(SuiteRunner.java:352)
	at org.testng.SuiteRunner.privateRun(SuiteRunner.java:310)
	at org.testng.SuiteRunner.run(SuiteRunner.java:259)
	at org.testng.SuiteRunnerWorker.runSuite(SuiteRunnerWorker.java:52)
	at org.testng.SuiteRunnerWorker.run(SuiteRunnerWorker.java:86)
	at org.testng.TestNG.runSuitesSequentially(TestNG.java:1199)
	at org.testng.TestNG.runSuitesLocally(TestNG.java:1124)
	at org.testng.TestNG.run(TestNG.java:1032)
	at org.testng.TestNG.privateMain(TestNG.java:1339)
	at org.testng.TestNG.main(TestNG.java:1308)
</pre></div></td>
<td>50</td>
<td>com.codoon.test.SportCircleTest@7f9a81e8</td></tr>
<tr>
<td title='com.codoon.test.SportCircleTest.test025()'><b>test025</b><br>Test class: com.codoon.test.SportCircleTest<br/>
<a href="#Output-307400933" onClick='toggleBox("Output-307400933", this, "Show output", "Hide output");'>Show output</a>

<a href="#Output-307400933" onClick="toggleAllBoxes();">Show all outputs</a>
<div class='log' id="Output-307400933">
RunCount=1<br/>
</div>
</td>
<td><div><pre>org.openqa.selenium.NoSuchElementException: Can&apos;t locate an element by this strategy: By.id: com.codoon.gps:id/btn_more
For documentation on this error, please visit: http://seleniumhq.org/exceptions/no_such_element.html
Build info: version: &apos;2.48.2&apos;, revision: &apos;41bccdd10cf2c0560f637404c2d96164b67d9d67&apos;, time: &apos;2015-10-09 13:08:06&apos;
System info: host: &apos;MrdeMacBook-Pro.local&apos;, ip: &apos;192.168.10.123&apos;, os.name: &apos;Mac OS X&apos;, os.arch: &apos;x86_64&apos;, os.version: &apos;10.12.5&apos;, java.version: &apos;1.8.0_131&apos;
Driver info: driver.version: unknown
	at io.appium.java_client.pagefactory.AppiumElementLocator.findElement(AppiumElementLocator.java:147)
	at io.appium.java_client.pagefactory.ElementInterceptor.intercept(ElementInterceptor.java:26)
	at org.openqa.selenium.remote.RemoteWebElement$$EnhancerByCGLIB$$3e70910a.click(&lt;generated&gt;)
	at com.codoon.test.SportCircleTest.test025(SportCircleTest.java:502)
... Removed 23 stack frames</pre></div><a href='#' onClick='toggleBox("stack-trace307400933", this, "Click to show all stack frames", "Click to hide stack frames")'>Click to show all stack frames</a>
<div class='stack-trace' id='stack-trace307400933'><pre>org.openqa.selenium.NoSuchElementException: Can&apos;t locate an element by this strategy: By.id: com.codoon.gps:id/btn_more
For documentation on this error, please visit: http://seleniumhq.org/exceptions/no_such_element.html
Build info: version: &apos;2.48.2&apos;, revision: &apos;41bccdd10cf2c0560f637404c2d96164b67d9d67&apos;, time: &apos;2015-10-09 13:08:06&apos;
System info: host: &apos;MrdeMacBook-Pro.local&apos;, ip: &apos;192.168.10.123&apos;, os.name: &apos;Mac OS X&apos;, os.arch: &apos;x86_64&apos;, os.version: &apos;10.12.5&apos;, java.version: &apos;1.8.0_131&apos;
Driver info: driver.version: unknown
	at io.appium.java_client.pagefactory.AppiumElementLocator.findElement(AppiumElementLocator.java:147)
	at io.appium.java_client.pagefactory.ElementInterceptor.intercept(ElementInterceptor.java:26)
	at org.openqa.selenium.remote.RemoteWebElement$$EnhancerByCGLIB$$3e70910a.click(&lt;generated&gt;)
	at com.codoon.test.SportCircleTest.test025(SportCircleTest.java:502)
	at sun.reflect.NativeMethodAccessorImpl.invoke0(Native Method)
	at sun.reflect.NativeMethodAccessorImpl.invoke(NativeMethodAccessorImpl.java:62)
	at sun.reflect.DelegatingMethodAccessorImpl.invoke(DelegatingMethodAccessorImpl.java:43)
	at java.lang.reflect.Method.invoke(Method.java:498)
	at org.testng.internal.MethodInvocationHelper.invokeMethod(MethodInvocationHelper.java:85)
	at org.testng.internal.Invoker.invokeMethod(Invoker.java:659)
	at org.testng.internal.Invoker.invokeTestMethod(Invoker.java:845)
	at org.testng.internal.Invoker.invokeTestMethods(Invoker.java:1153)
	at org.testng.internal.TestMethodWorker.invokeTestMethods(TestMethodWorker.java:125)
	at org.testng.internal.TestMethodWorker.run(TestMethodWorker.java:108)
	at org.testng.TestRunner.privateRun(TestRunner.java:771)
	at org.testng.TestRunner.run(TestRunner.java:621)
	at org.testng.SuiteRunner.runTest(SuiteRunner.java:357)
	at org.testng.SuiteRunner.runSequentially(SuiteRunner.java:352)
	at org.testng.SuiteRunner.privateRun(SuiteRunner.java:310)
	at org.testng.SuiteRunner.run(SuiteRunner.java:259)
	at org.testng.SuiteRunnerWorker.runSuite(SuiteRunnerWorker.java:52)
	at org.testng.SuiteRunnerWorker.run(SuiteRunnerWorker.java:86)
	at org.testng.TestNG.runSuitesSequentially(TestNG.java:1199)
	at org.testng.TestNG.runSuitesLocally(TestNG.java:1124)
	at org.testng.TestNG.run(TestNG.java:1032)
	at org.testng.TestNG.privateMain(TestNG.java:1339)
	at org.testng.TestNG.main(TestNG.java:1308)
</pre></div></td>
<td>19</td>
<td>com.codoon.test.SportCircleTest@7f9a81e8</td></tr>
</table><p>
<table width='100%' border='1' class='invocation-passed'>
<tr><td colspan='4' align='center'><b>PASSED TESTS</b></td></tr>
<tr><td><b>Test method</b></td>
<td width="30%"><b>Exception</b></td>
<td width="10%"><b>Time (seconds)</b></td>
<td><b>Instance</b></td>
</tr>
<tr>
<td title='com.codoon.test.SportCircleTest.test001()'><b>test001</b><br>Test class: com.codoon.test.SportCircleTest</td>
<td></td>
<td>4</td>
<td>com.codoon.test.SportCircleTest@7f9a81e8</td></tr>
<tr>
<td title='com.codoon.test.DrycargoTest.test001()'><b>test001</b><br>Test class: com.codoon.test.DrycargoTest</td>
<td></td>
<td>24</td>
<td>com.codoon.test.DrycargoTest@2a2d45ba</td></tr>
<tr>
<td title='com.codoon.test.SportCircleTest.test002()'><b>test002</b><br>Test class: com.codoon.test.SportCircleTest</td>
<td></td>
<td>3</td>
<td>com.codoon.test.SportCircleTest@7f9a81e8</td></tr>
<tr>
<td title='com.codoon.test.DrycargoTest.test002()'><b>test002</b><br>Test class: com.codoon.test.DrycargoTest</td>
<td></td>
<td>20</td>
<td>com.codoon.test.DrycargoTest@2a2d45ba</td></tr>
<tr>
<td title='com.codoon.test.SportCircleTest.test003()'><b>test003</b><br>Test class: com.codoon.test.SportCircleTest</td>
<td></td>
<td>20</td>
<td>com.codoon.test.SportCircleTest@7f9a81e8</td></tr>
<tr>
<td title='com.codoon.test.DrycargoTest.test003()'><b>test003</b><br>Test class: com.codoon.test.DrycargoTest</td>
<td></td>
<td>41</td>
<td>com.codoon.test.DrycargoTest@2a2d45ba</td></tr>
<tr>
<td title='com.codoon.test.SportCircleTest.test004()'><b>test004</b><br>Test class: com.codoon.test.SportCircleTest</td>
<td></td>
<td>29</td>
<td>com.codoon.test.SportCircleTest@7f9a81e8</td></tr>
<tr>
<td title='com.codoon.test.DrycargoTest.test004()'><b>test004</b><br>Test class: com.codoon.test.DrycargoTest</td>
<td></td>
<td>4</td>
<td>com.codoon.test.DrycargoTest@2a2d45ba</td></tr>
<tr>
<td title='com.codoon.test.SportCircleTest.test005()'><b>test005</b><br>Test class: com.codoon.test.SportCircleTest</td>
<td></td>
<td>9</td>
<td>com.codoon.test.SportCircleTest@7f9a81e8</td></tr>
<tr>
<td title='com.codoon.test.DrycargoTest.test005()'><b>test005</b><br>Test class: com.codoon.test.DrycargoTest</td>
<td></td>
<td>53</td>
<td>com.codoon.test.DrycargoTest@2a2d45ba</td></tr>
<tr>
<td title='com.codoon.test.SportCircleTest.test006()'><b>test006</b><br>Test class: com.codoon.test.SportCircleTest</td>
<td></td>
<td>48</td>
<td>com.codoon.test.SportCircleTest@7f9a81e8</td></tr>
<tr>
<td title='com.codoon.test.DrycargoTest.test006()'><b>test006</b><br>Test class: com.codoon.test.DrycargoTest</td>
<td></td>
<td>62</td>
<td>com.codoon.test.DrycargoTest@2a2d45ba</td></tr>
<tr>
<td title='com.codoon.test.SportCircleTest.test007()'><b>test007</b><br>Test class: com.codoon.test.SportCircleTest</td>
<td></td>
<td>9</td>
<td>com.codoon.test.SportCircleTest@7f9a81e8</td></tr>
<tr>
<td title='com.codoon.test.DrycargoTest.test007()'><b>test007</b><br>Test class: com.codoon.test.DrycargoTest</td>
<td></td>
<td>9</td>
<td>com.codoon.test.DrycargoTest@2a2d45ba</td></tr>
<tr>
<td title='com.codoon.test.SportCircleTest.test008()'><b>test008</b><br>Test class: com.codoon.test.SportCircleTest</td>
<td></td>
<td>39</td>
<td>com.codoon.test.SportCircleTest@7f9a81e8</td></tr>
<tr>
<td title='com.codoon.test.SportCircleTest.test010()'><b>test010</b><br>Test class: com.codoon.test.SportCircleTest</td>
<td></td>
<td>20</td>
<td>com.codoon.test.SportCircleTest@7f9a81e8</td></tr>
<tr>
<td title='com.codoon.test.SportCircleTest.test011()'><b>test011</b><br>Test class: com.codoon.test.SportCircleTest</td>
<td></td>
<td>11</td>
<td>com.codoon.test.SportCircleTest@7f9a81e8</td></tr>
<tr>
<td title='com.codoon.test.SportCircleTest.test012()'><b>test012</b><br>Test class: com.codoon.test.SportCircleTest</td>
<td></td>
<td>11</td>
<td>com.codoon.test.SportCircleTest@7f9a81e8</td></tr>
<tr>
<td title='com.codoon.test.SportCircleTest.test013()'><b>test013</b><br>Test class: com.codoon.test.SportCircleTest</td>
<td></td>
<td>16</td>
<td>com.codoon.test.SportCircleTest@7f9a81e8</td></tr>
<tr>
<td title='com.codoon.test.SportCircleTest.test014()'><b>test014</b><br>Test class: com.codoon.test.SportCircleTest</td>
<td></td>
<td>60</td>
<td>com.codoon.test.SportCircleTest@7f9a81e8</td></tr>
<tr>
<td title='com.codoon.test.SportCircleTest.test015()'><b>test015</b><br>Test class: com.codoon.test.SportCircleTest</td>
<td></td>
<td>60</td>
<td>com.codoon.test.SportCircleTest@7f9a81e8</td></tr>
<tr>
<td title='com.codoon.test.SportCircleTest.test016()'><b>test016</b><br>Test class: com.codoon.test.SportCircleTest</td>
<td></td>
<td>63</td>
<td>com.codoon.test.SportCircleTest@7f9a81e8</td></tr>
<tr>
<td title='com.codoon.test.SportCircleTest.test017()'><b>test017</b><br>Test class: com.codoon.test.SportCircleTest</td>
<td></td>
<td>17</td>
<td>com.codoon.test.SportCircleTest@7f9a81e8</td></tr>
<tr>
<td title='com.codoon.test.SportCircleTest.test020()'><b>test020</b><br>Test class: com.codoon.test.SportCircleTest</td>
<td></td>
<td>29</td>
<td>com.codoon.test.SportCircleTest@7f9a81e8</td></tr>
<tr>
<td title='com.codoon.test.SportCircleTest.test021()'><b>test021</b><br>Test class: com.codoon.test.SportCircleTest</td>
<td></td>
<td>163</td>
<td>com.codoon.test.SportCircleTest@7f9a81e8</td></tr>
<tr>
<td title='com.codoon.test.SportCircleTest.test022()'><b>test022</b><br>Test class: com.codoon.test.SportCircleTest</td>
<td></td>
<td>32</td>
<td>com.codoon.test.SportCircleTest@7f9a81e8</td></tr>
<tr>
<td title='com.codoon.test.SportCircleTest.test023()'><b>test023</b><br>Test class: com.codoon.test.SportCircleTest</td>
<td></td>
<td>41</td>
<td>com.codoon.test.SportCircleTest@7f9a81e8</td></tr>
<tr>
<td title='com.codoon.test.SportCircleTest.test024()'><b>test024</b><br>Test class: com.codoon.test.SportCircleTest</td>
<td></td>
<td>35</td>
<td>com.codoon.test.SportCircleTest@7f9a81e8</td></tr>
<tr>
<td title='com.codoon.test.SportCircleTest.test025()'><b>test025</b><br>Test class: com.codoon.test.SportCircleTest</td>
<td></td>
<td>14</td>
<td>com.codoon.test.SportCircleTest@7f9a81e8</td></tr>
<tr>
<td title='com.codoon.test.SportCircleTest.test026()'><b>test026</b><br>Test class: com.codoon.test.SportCircleTest</td>
<td></td>
<td>41</td>
<td>com.codoon.test.SportCircleTest@7f9a81e8</td></tr>
</table><p>
<table width='100%' border='1' class='invocation-skipped'>
<tr><td colspan='4' align='center'><b>SKIPPED TESTS</b></td></tr>
<tr><td><b>Test method</b></td>
<td width="30%"><b>Exception</b></td>
<td width="10%"><b>Time (seconds)</b></td>
<td><b>Instance</b></td>
</tr>
<tr>
<td title='com.codoon.test.DrycargoTest.test008()'><b>test008</b><br>Test class: com.codoon.test.DrycargoTest</td>
<td></td>
<td>0</td>
<td>com.codoon.test.DrycargoTest@2a2d45ba</td></tr>
<tr>
<td title='com.codoon.test.DrycargoTest.test009()'><b>test009</b><br>Test class: com.codoon.test.DrycargoTest</td>
<td></td>
<td>0</td>
<td>com.codoon.test.DrycargoTest@2a2d45ba</td></tr>
<tr>
<td title='com.codoon.test.DrycargoTest.test010()'><b>test010</b><br>Test class: com.codoon.test.DrycargoTest</td>
<td></td>
<td>0</td>
<td>com.codoon.test.DrycargoTest@2a2d45ba</td></tr>
<tr>
<td title='com.codoon.test.DrycargoTest.test011()'><b>test011</b><br>Test class: com.codoon.test.DrycargoTest</td>
<td></td>
<td>0</td>
<td>com.codoon.test.DrycargoTest@2a2d45ba</td></tr>
<tr>
<td title='com.codoon.test.DrycargoTest.test012()'><b>test012</b><br>Test class: com.codoon.test.DrycargoTest</td>
<td></td>
<td>0</td>
<td>com.codoon.test.DrycargoTest@2a2d45ba</td></tr>
</table><p>
</body>
</html>