<?xml version="1.0" encoding="UTF-8"?>
<!-- Generated by org.testng.reporters.JUnitXMLReporter -->
<testsuite hostname="MrdeMacBook-Pro.local" name="test1" tests="37" failures="0" timestamp="9 Oct 2017 03:34:18 GMT" time="73.118" errors="0">
  <testcase name="@BeforeMethod setUp" time="0.0" classname="com.codoon.test.SportCircleTest">
    <failure type="org.openqa.selenium.NoSuchElementException" message="Can&amp;apos;t locate an element by this strategy: By.AndroidUIAutomator: text(&amp;quot;运动圈&amp;quot;)
For documentation on this error, please visit: http://seleniumhq.org/exceptions/no_such_element.html
Build info: version: &amp;apos;2.48.2&amp;apos;, revision: &amp;apos;41bccdd10cf2c0560f637404c2d96164b67d9d67&amp;apos;, time: &amp;apos;2015-10-09 13:08:06&amp;apos;
System info: host: &amp;apos;MrdeMacBook-Pro.local&amp;apos;, ip: &amp;apos;192.168.10.123&amp;apos;, os.name: &amp;apos;Mac OS X&amp;apos;, os.arch: &amp;apos;x86_64&amp;apos;, os.version: &amp;apos;10.12.5&amp;apos;, java.version: &amp;apos;1.8.0_131&amp;apos;
Driver info: driver.version: unknown">
      <![CDATA[org.openqa.selenium.NoSuchElementException: Can't locate an element by this strategy: By.AndroidUIAutomator: text("运动圈")
For documentation on this error, please visit: http://seleniumhq.org/exceptions/no_such_element.html
Build info: version: '2.48.2', revision: '41bccdd10cf2c0560f637404c2d96164b67d9d67', time: '2015-10-09 13:08:06'
System info: host: 'MrdeMacBook-Pro.local', ip: '192.168.10.123', os.name: 'Mac OS X', os.arch: 'x86_64', os.version: '10.12.5', java.version: '1.8.0_131'
Driver info: driver.version: unknown
	at io.appium.java_client.pagefactory.AppiumElementLocator.findElement(AppiumElementLocator.java:147)
	at io.appium.java_client.pagefactory.ElementInterceptor.intercept(ElementInterceptor.java:26)
	at org.openqa.selenium.remote.RemoteWebElement$$EnhancerByCGLIB$$c7388a5e.click(<generated>)
	at com.codoon.test.SportCircleTest.setUp(SportCircleTest.java:30)
... Removed 25 stack frames]]>
    </failure>
  </testcase> <!-- @BeforeMethod setUp -->
  <testcase name="@BeforeMethod setUp" time="0.0" classname="com.codoon.test.SportCircleTest">
    <skipped/>
  </testcase> <!-- @BeforeMethod setUp -->
  <testcase name="@BeforeMethod setUp" time="0.0" classname="com.codoon.test.SportCircleTest">
    <skipped/>
  </testcase> <!-- @BeforeMethod setUp -->
  <testcase name="@BeforeMethod setUp" time="0.0" classname="com.codoon.test.SportCircleTest">
    <skipped/>
  </testcase> <!-- @BeforeMethod setUp -->
  <testcase name="@BeforeMethod setUp" time="0.0" classname="com.codoon.test.SportCircleTest">
    <skipped/>
  </testcase> <!-- @BeforeMethod setUp -->
  <testcase name="@BeforeMethod setUp" time="0.0" classname="com.codoon.test.SportCircleTest">
    <skipped/>
  </testcase> <!-- @BeforeMethod setUp -->
  <testcase name="@BeforeMethod setUp" time="0.0" classname="com.codoon.test.SportCircleTest">
    <skipped/>
  </testcase> <!-- @BeforeMethod setUp -->
  <testcase name="@BeforeMethod setUp" time="0.0" classname="com.codoon.test.SportCircleTest">
    <skipped/>
  </testcase> <!-- @BeforeMethod setUp -->
  <testcase name="@BeforeMethod setUp" time="0.0" classname="com.codoon.test.SportCircleTest">
    <skipped/>
  </testcase> <!-- @BeforeMethod setUp -->
  <testcase name="@BeforeMethod setUp" time="0.0" classname="com.codoon.test.SportCircleTest">
    <skipped/>
  </testcase> <!-- @BeforeMethod setUp -->
  <testcase name="@BeforeMethod setUp" time="0.0" classname="com.codoon.test.SportCircleTest">
    <skipped/>
  </testcase> <!-- @BeforeMethod setUp -->
  <testcase name="@BeforeMethod setUp" time="0.0" classname="com.codoon.test.SportCircleTest">
    <skipped/>
  </testcase> <!-- @BeforeMethod setUp -->
  <testcase name="@BeforeMethod setUp" time="0.0" classname="com.codoon.test.SportCircleTest">
    <skipped/>
  </testcase> <!-- @BeforeMethod setUp -->
  <testcase name="@BeforeMethod setUp" time="0.0" classname="com.codoon.test.SportCircleTest">
    <skipped/>
  </testcase> <!-- @BeforeMethod setUp -->
  <testcase name="@BeforeMethod setUp" time="0.0" classname="com.codoon.test.SportCircleTest">
    <skipped/>
  </testcase> <!-- @BeforeMethod setUp -->
  <testcase name="@BeforeMethod setUp" time="0.0" classname="com.codoon.test.SportCircleTest">
    <skipped/>
  </testcase> <!-- @BeforeMethod setUp -->
  <testcase name="@BeforeMethod setUp" time="0.0" classname="com.codoon.test.SportCircleTest">
    <skipped/>
  </testcase> <!-- @BeforeMethod setUp -->
  <testcase name="@BeforeMethod setUp" time="0.0" classname="com.codoon.test.SportCircleTest">
    <skipped/>
  </testcase> <!-- @BeforeMethod setUp -->
  <testcase name="@BeforeMethod setUp" time="0.0" classname="com.codoon.test.SportCircleTest">
    <skipped/>
  </testcase> <!-- @BeforeMethod setUp -->
  <testcase name="@BeforeMethod setUp" time="0.0" classname="com.codoon.test.SportCircleTest">
    <skipped/>
  </testcase> <!-- @BeforeMethod setUp -->
  <testcase name="@BeforeMethod setUp" time="0.0" classname="com.codoon.test.SportCircleTest">
    <skipped/>
  </testcase> <!-- @BeforeMethod setUp -->
  <testcase name="@BeforeMethod setUp" time="0.0" classname="com.codoon.test.SportCircleTest">
    <skipped/>
  </testcase> <!-- @BeforeMethod setUp -->
  <testcase name="@BeforeMethod setUp" time="0.0" classname="com.codoon.test.SportCircleTest">
    <skipped/>
  </testcase> <!-- @BeforeMethod setUp -->
  <testcase name="@BeforeMethod setUp" time="0.0" classname="com.codoon.test.SportCircleTest">
    <skipped/>
  </testcase> <!-- @BeforeMethod setUp -->
  <testcase name="@BeforeMethod setUp" time="0.0" classname="com.codoon.test.SportCircleTest">
    <skipped/>
  </testcase> <!-- @BeforeMethod setUp -->
  <testcase name="@BeforeClass setUpClass" time="0.0" classname="com.codoon.test.DrycargoTest">
    <skipped/>
  </testcase> <!-- @BeforeClass setUpClass -->
  <testcase name="@BeforeMethod setUp" time="0.0" classname="com.codoon.test.DrycargoTest">
    <skipped/>
  </testcase> <!-- @BeforeMethod setUp -->
  <testcase name="@AfterMethod tearDown" time="0.0" classname="com.codoon.test.DrycargoTest">
    <failure type="org.openqa.selenium.remote.SessionNotFoundException" message="Session ID is null. Using WebDriver after calling quit()?
Build info: version: &amp;apos;2.48.2&amp;apos;, revision: &amp;apos;41bccdd10cf2c0560f637404c2d96164b67d9d67&amp;apos;, time: &amp;apos;2015-10-09 13:08:06&amp;apos;
System info: host: &amp;apos;MrdeMacBook-Pro.local&amp;apos;, ip: &amp;apos;192.168.10.123&amp;apos;, os.name: &amp;apos;Mac OS X&amp;apos;, os.arch: &amp;apos;x86_64&amp;apos;, os.version: &amp;apos;10.12.5&amp;apos;, java.version: &amp;apos;1.8.0_131&amp;apos;
Driver info: driver.version: AppiumDriver">
      <![CDATA[org.openqa.selenium.remote.SessionNotFoundException: Session ID is null. Using WebDriver after calling quit()?
Build info: version: '2.48.2', revision: '41bccdd10cf2c0560f637404c2d96164b67d9d67', time: '2015-10-09 13:08:06'
System info: host: 'MrdeMacBook-Pro.local', ip: '192.168.10.123', os.name: 'Mac OS X', os.arch: 'x86_64', os.version: '10.12.5', java.version: '1.8.0_131'
Driver info: driver.version: AppiumDriver
	at org.openqa.selenium.remote.HttpCommandExecutor.execute(HttpCommandExecutor.java:134)
	at org.openqa.selenium.remote.RemoteWebDriver.execute(RemoteWebDriver.java:620)
	at io.appium.java_client.AppiumDriver.execute(AppiumDriver.java:180)
	at io.appium.java_client.AppiumDriver.execute(AppiumDriver.java:185)
	at io.appium.java_client.AppiumDriver.getContext(AppiumDriver.java:546)
	at com.codoon.common.util.DeviceHelper.pressBackToHomePage(DeviceHelper.java:397)
	at com.codoon.test.DrycargoTest.tearDown(DrycargoTest.java:42)
... Removed 25 stack frames]]>
    </failure>
  </testcase> <!-- @AfterMethod tearDown -->
  <testcase name="@BeforeMethod setUp" time="0.0" classname="com.codoon.test.DrycargoTest">
    <skipped/>
  </testcase> <!-- @BeforeMethod setUp -->
  <testcase name="@AfterMethod tearDown" time="0.0" classname="com.codoon.test.DrycargoTest">
    <failure type="org.openqa.selenium.remote.SessionNotFoundException" message="Session ID is null. Using WebDriver after calling quit()?
Build info: version: &amp;apos;2.48.2&amp;apos;, revision: &amp;apos;41bccdd10cf2c0560f637404c2d96164b67d9d67&amp;apos;, time: &amp;apos;2015-10-09 13:08:06&amp;apos;
System info: host: &amp;apos;MrdeMacBook-Pro.local&amp;apos;, ip: &amp;apos;192.168.10.123&amp;apos;, os.name: &amp;apos;Mac OS X&amp;apos;, os.arch: &amp;apos;x86_64&amp;apos;, os.version: &amp;apos;10.12.5&amp;apos;, java.version: &amp;apos;1.8.0_131&amp;apos;
Driver info: driver.version: AppiumDriver">
      <![CDATA[org.openqa.selenium.remote.SessionNotFoundException: Session ID is null. Using WebDriver after calling quit()?
Build info: version: '2.48.2', revision: '41bccdd10cf2c0560f637404c2d96164b67d9d67', time: '2015-10-09 13:08:06'
System info: host: 'MrdeMacBook-Pro.local', ip: '192.168.10.123', os.name: 'Mac OS X', os.arch: 'x86_64', os.version: '10.12.5', java.version: '1.8.0_131'
Driver info: driver.version: AppiumDriver
	at org.openqa.selenium.remote.HttpCommandExecutor.execute(HttpCommandExecutor.java:134)
	at org.openqa.selenium.remote.RemoteWebDriver.execute(RemoteWebDriver.java:620)
	at io.appium.java_client.AppiumDriver.execute(AppiumDriver.java:180)
	at io.appium.java_client.AppiumDriver.execute(AppiumDriver.java:185)
	at io.appium.java_client.AppiumDriver.getContext(AppiumDriver.java:546)
	at com.codoon.common.util.DeviceHelper.pressBackToHomePage(DeviceHelper.java:397)
	at com.codoon.test.DrycargoTest.tearDown(DrycargoTest.java:42)
... Removed 25 stack frames]]>
    </failure>
  </testcase> <!-- @AfterMethod tearDown -->
  <testcase name="@BeforeMethod setUp" time="0.0" classname="com.codoon.test.DrycargoTest">
    <skipped/>
  </testcase> <!-- @BeforeMethod setUp -->
  <testcase name="@AfterMethod tearDown" time="0.0" classname="com.codoon.test.DrycargoTest">
    <failure type="org.openqa.selenium.remote.SessionNotFoundException" message="Session ID is null. Using WebDriver after calling quit()?
Build info: version: &amp;apos;2.48.2&amp;apos;, revision: &amp;apos;41bccdd10cf2c0560f637404c2d96164b67d9d67&amp;apos;, time: &amp;apos;2015-10-09 13:08:06&amp;apos;
System info: host: &amp;apos;MrdeMacBook-Pro.local&amp;apos;, ip: &amp;apos;192.168.10.123&amp;apos;, os.name: &amp;apos;Mac OS X&amp;apos;, os.arch: &amp;apos;x86_64&amp;apos;, os.version: &amp;apos;10.12.5&amp;apos;, java.version: &amp;apos;1.8.0_131&amp;apos;
Driver info: driver.version: AppiumDriver">
      <![CDATA[org.openqa.selenium.remote.SessionNotFoundException: Session ID is null. Using WebDriver after calling quit()?
Build info: version: '2.48.2', revision: '41bccdd10cf2c0560f637404c2d96164b67d9d67', time: '2015-10-09 13:08:06'
System info: host: 'MrdeMacBook-Pro.local', ip: '192.168.10.123', os.name: 'Mac OS X', os.arch: 'x86_64', os.version: '10.12.5', java.version: '1.8.0_131'
Driver info: driver.version: AppiumDriver
	at org.openqa.selenium.remote.HttpCommandExecutor.execute(HttpCommandExecutor.java:134)
	at org.openqa.selenium.remote.RemoteWebDriver.execute(RemoteWebDriver.java:620)
	at io.appium.java_client.AppiumDriver.execute(AppiumDriver.java:180)
	at io.appium.java_client.AppiumDriver.execute(AppiumDriver.java:185)
	at io.appium.java_client.AppiumDriver.getContext(AppiumDriver.java:546)
	at com.codoon.common.util.DeviceHelper.pressBackToHomePage(DeviceHelper.java:397)
	at com.codoon.test.DrycargoTest.tearDown(DrycargoTest.java:42)
... Removed 25 stack frames]]>
    </failure>
  </testcase> <!-- @AfterMethod tearDown -->
  <testcase name="@BeforeMethod setUp" time="0.0" classname="com.codoon.test.DrycargoTest">
    <skipped/>
  </testcase> <!-- @BeforeMethod setUp -->
  <testcase name="@AfterMethod tearDown" time="0.0" classname="com.codoon.test.DrycargoTest">
    <failure type="org.openqa.selenium.remote.SessionNotFoundException" message="Session ID is null. Using WebDriver after calling quit()?
Build info: version: &amp;apos;2.48.2&amp;apos;, revision: &amp;apos;41bccdd10cf2c0560f637404c2d96164b67d9d67&amp;apos;, time: &amp;apos;2015-10-09 13:08:06&amp;apos;
System info: host: &amp;apos;MrdeMacBook-Pro.local&amp;apos;, ip: &amp;apos;192.168.10.123&amp;apos;, os.name: &amp;apos;Mac OS X&amp;apos;, os.arch: &amp;apos;x86_64&amp;apos;, os.version: &amp;apos;10.12.5&amp;apos;, java.version: &amp;apos;1.8.0_131&amp;apos;
Driver info: driver.version: AppiumDriver">
      <![CDATA[org.openqa.selenium.remote.SessionNotFoundException: Session ID is null. Using WebDriver after calling quit()?
Build info: version: '2.48.2', revision: '41bccdd10cf2c0560f637404c2d96164b67d9d67', time: '2015-10-09 13:08:06'
System info: host: 'MrdeMacBook-Pro.local', ip: '192.168.10.123', os.name: 'Mac OS X', os.arch: 'x86_64', os.version: '10.12.5', java.version: '1.8.0_131'
Driver info: driver.version: AppiumDriver
	at org.openqa.selenium.remote.HttpCommandExecutor.execute(HttpCommandExecutor.java:134)
	at org.openqa.selenium.remote.RemoteWebDriver.execute(RemoteWebDriver.java:620)
	at io.appium.java_client.AppiumDriver.execute(AppiumDriver.java:180)
	at io.appium.java_client.AppiumDriver.execute(AppiumDriver.java:185)
	at io.appium.java_client.AppiumDriver.getContext(AppiumDriver.java:546)
	at com.codoon.common.util.DeviceHelper.pressBackToHomePage(DeviceHelper.java:397)
	at com.codoon.test.DrycargoTest.tearDown(DrycargoTest.java:42)
... Removed 25 stack frames]]>
    </failure>
  </testcase> <!-- @AfterMethod tearDown -->
  <testcase name="@BeforeMethod setUp" time="0.0" classname="com.codoon.test.DrycargoTest">
    <skipped/>
  </testcase> <!-- @BeforeMethod setUp -->
  <testcase name="@AfterMethod tearDown" time="0.0" classname="com.codoon.test.DrycargoTest">
    <failure type="org.openqa.selenium.remote.SessionNotFoundException" message="Session ID is null. Using WebDriver after calling quit()?
Build info: version: &amp;apos;2.48.2&amp;apos;, revision: &amp;apos;41bccdd10cf2c0560f637404c2d96164b67d9d67&amp;apos;, time: &amp;apos;2015-10-09 13:08:06&amp;apos;
System info: host: &amp;apos;MrdeMacBook-Pro.local&amp;apos;, ip: &amp;apos;192.168.10.123&amp;apos;, os.name: &amp;apos;Mac OS X&amp;apos;, os.arch: &amp;apos;x86_64&amp;apos;, os.version: &amp;apos;10.12.5&amp;apos;, java.version: &amp;apos;1.8.0_131&amp;apos;
Driver info: driver.version: AppiumDriver">
      <![CDATA[org.openqa.selenium.remote.SessionNotFoundException: Session ID is null. Using WebDriver after calling quit()?
Build info: version: '2.48.2', revision: '41bccdd10cf2c0560f637404c2d96164b67d9d67', time: '2015-10-09 13:08:06'
System info: host: 'MrdeMacBook-Pro.local', ip: '192.168.10.123', os.name: 'Mac OS X', os.arch: 'x86_64', os.version: '10.12.5', java.version: '1.8.0_131'
Driver info: driver.version: AppiumDriver
	at org.openqa.selenium.remote.HttpCommandExecutor.execute(HttpCommandExecutor.java:134)
	at org.openqa.selenium.remote.RemoteWebDriver.execute(RemoteWebDriver.java:620)
	at io.appium.java_client.AppiumDriver.execute(AppiumDriver.java:180)
	at io.appium.java_client.AppiumDriver.execute(AppiumDriver.java:185)
	at io.appium.java_client.AppiumDriver.getContext(AppiumDriver.java:546)
	at com.codoon.common.util.DeviceHelper.pressBackToHomePage(DeviceHelper.java:397)
	at com.codoon.test.DrycargoTest.tearDown(DrycargoTest.java:42)
... Removed 25 stack frames]]>
    </failure>
  </testcase> <!-- @AfterMethod tearDown -->
  <testcase name="@BeforeMethod setUp" time="0.0" classname="com.codoon.test.DrycargoTest">
    <skipped/>
  </testcase> <!-- @BeforeMethod setUp -->
  <testcase name="@AfterMethod tearDown" time="0.0" classname="com.codoon.test.DrycargoTest">
    <failure type="org.openqa.selenium.remote.SessionNotFoundException" message="Session ID is null. Using WebDriver after calling quit()?
Build info: version: &amp;apos;2.48.2&amp;apos;, revision: &amp;apos;41bccdd10cf2c0560f637404c2d96164b67d9d67&amp;apos;, time: &amp;apos;2015-10-09 13:08:06&amp;apos;
System info: host: &amp;apos;MrdeMacBook-Pro.local&amp;apos;, ip: &amp;apos;192.168.10.123&amp;apos;, os.name: &amp;apos;Mac OS X&amp;apos;, os.arch: &amp;apos;x86_64&amp;apos;, os.version: &amp;apos;10.12.5&amp;apos;, java.version: &amp;apos;1.8.0_131&amp;apos;
Driver info: driver.version: AppiumDriver">
      <![CDATA[org.openqa.selenium.remote.SessionNotFoundException: Session ID is null. Using WebDriver after calling quit()?
Build info: version: '2.48.2', revision: '41bccdd10cf2c0560f637404c2d96164b67d9d67', time: '2015-10-09 13:08:06'
System info: host: 'MrdeMacBook-Pro.local', ip: '192.168.10.123', os.name: 'Mac OS X', os.arch: 'x86_64', os.version: '10.12.5', java.version: '1.8.0_131'
Driver info: driver.version: AppiumDriver
	at org.openqa.selenium.remote.HttpCommandExecutor.execute(HttpCommandExecutor.java:134)
	at org.openqa.selenium.remote.RemoteWebDriver.execute(RemoteWebDriver.java:620)
	at io.appium.java_client.AppiumDriver.execute(AppiumDriver.java:180)
	at io.appium.java_client.AppiumDriver.execute(AppiumDriver.java:185)
	at io.appium.java_client.AppiumDriver.getContext(AppiumDriver.java:546)
	at com.codoon.common.util.DeviceHelper.pressBackToHomePage(DeviceHelper.java:397)
	at com.codoon.test.DrycargoTest.tearDown(DrycargoTest.java:42)
... Removed 25 stack frames]]>
    </failure>
  </testcase> <!-- @AfterMethod tearDown -->
  <testcase name="@BeforeMethod setUp" time="0.0" classname="com.codoon.test.DrycargoTest">
    <skipped/>
  </testcase> <!-- @BeforeMethod setUp -->
  <testcase name="@AfterMethod tearDown" time="0.0" classname="com.codoon.test.DrycargoTest">
    <failure type="org.openqa.selenium.remote.SessionNotFoundException" message="Session ID is null. Using WebDriver after calling quit()?
Build info: version: &amp;apos;2.48.2&amp;apos;, revision: &amp;apos;41bccdd10cf2c0560f637404c2d96164b67d9d67&amp;apos;, time: &amp;apos;2015-10-09 13:08:06&amp;apos;
System info: host: &amp;apos;MrdeMacBook-Pro.local&amp;apos;, ip: &amp;apos;192.168.10.123&amp;apos;, os.name: &amp;apos;Mac OS X&amp;apos;, os.arch: &amp;apos;x86_64&amp;apos;, os.version: &amp;apos;10.12.5&amp;apos;, java.version: &amp;apos;1.8.0_131&amp;apos;
Driver info: driver.version: AppiumDriver">
      <![CDATA[org.openqa.selenium.remote.SessionNotFoundException: Session ID is null. Using WebDriver after calling quit()?
Build info: version: '2.48.2', revision: '41bccdd10cf2c0560f637404c2d96164b67d9d67', time: '2015-10-09 13:08:06'
System info: host: 'MrdeMacBook-Pro.local', ip: '192.168.10.123', os.name: 'Mac OS X', os.arch: 'x86_64', os.version: '10.12.5', java.version: '1.8.0_131'
Driver info: driver.version: AppiumDriver
	at org.openqa.selenium.remote.HttpCommandExecutor.execute(HttpCommandExecutor.java:134)
	at org.openqa.selenium.remote.RemoteWebDriver.execute(RemoteWebDriver.java:620)
	at io.appium.java_client.AppiumDriver.execute(AppiumDriver.java:180)
	at io.appium.java_client.AppiumDriver.execute(AppiumDriver.java:185)
	at io.appium.java_client.AppiumDriver.getContext(AppiumDriver.java:546)
	at com.codoon.common.util.DeviceHelper.pressBackToHomePage(DeviceHelper.java:397)
	at com.codoon.test.DrycargoTest.tearDown(DrycargoTest.java:42)
... Removed 25 stack frames]]>
    </failure>
  </testcase> <!-- @AfterMethod tearDown -->
  <testcase name="@BeforeMethod setUp" time="0.0" classname="com.codoon.test.DrycargoTest">
    <skipped/>
  </testcase> <!-- @BeforeMethod setUp -->
  <testcase name="@AfterMethod tearDown" time="0.0" classname="com.codoon.test.DrycargoTest">
    <failure type="org.openqa.selenium.remote.SessionNotFoundException" message="Session ID is null. Using WebDriver after calling quit()?
Build info: version: &amp;apos;2.48.2&amp;apos;, revision: &amp;apos;41bccdd10cf2c0560f637404c2d96164b67d9d67&amp;apos;, time: &amp;apos;2015-10-09 13:08:06&amp;apos;
System info: host: &amp;apos;MrdeMacBook-Pro.local&amp;apos;, ip: &amp;apos;192.168.10.123&amp;apos;, os.name: &amp;apos;Mac OS X&amp;apos;, os.arch: &amp;apos;x86_64&amp;apos;, os.version: &amp;apos;10.12.5&amp;apos;, java.version: &amp;apos;1.8.0_131&amp;apos;
Driver info: driver.version: AppiumDriver">
      <![CDATA[org.openqa.selenium.remote.SessionNotFoundException: Session ID is null. Using WebDriver after calling quit()?
Build info: version: '2.48.2', revision: '41bccdd10cf2c0560f637404c2d96164b67d9d67', time: '2015-10-09 13:08:06'
System info: host: 'MrdeMacBook-Pro.local', ip: '192.168.10.123', os.name: 'Mac OS X', os.arch: 'x86_64', os.version: '10.12.5', java.version: '1.8.0_131'
Driver info: driver.version: AppiumDriver
	at org.openqa.selenium.remote.HttpCommandExecutor.execute(HttpCommandExecutor.java:134)
	at org.openqa.selenium.remote.RemoteWebDriver.execute(RemoteWebDriver.java:620)
	at io.appium.java_client.AppiumDriver.execute(AppiumDriver.java:180)
	at io.appium.java_client.AppiumDriver.execute(AppiumDriver.java:185)
	at io.appium.java_client.AppiumDriver.getContext(AppiumDriver.java:546)
	at com.codoon.common.util.DeviceHelper.pressBackToHomePage(DeviceHelper.java:397)
	at com.codoon.test.DrycargoTest.tearDown(DrycargoTest.java:42)
... Removed 25 stack frames]]>
    </failure>
  </testcase> <!-- @AfterMethod tearDown -->
  <testcase name="@BeforeMethod setUp" time="0.0" classname="com.codoon.test.DrycargoTest">
    <skipped/>
  </testcase> <!-- @BeforeMethod setUp -->
  <testcase name="@AfterMethod tearDown" time="0.0" classname="com.codoon.test.DrycargoTest">
    <failure type="org.openqa.selenium.remote.SessionNotFoundException" message="Session ID is null. Using WebDriver after calling quit()?
Build info: version: &amp;apos;2.48.2&amp;apos;, revision: &amp;apos;41bccdd10cf2c0560f637404c2d96164b67d9d67&amp;apos;, time: &amp;apos;2015-10-09 13:08:06&amp;apos;
System info: host: &amp;apos;MrdeMacBook-Pro.local&amp;apos;, ip: &amp;apos;192.168.10.123&amp;apos;, os.name: &amp;apos;Mac OS X&amp;apos;, os.arch: &amp;apos;x86_64&amp;apos;, os.version: &amp;apos;10.12.5&amp;apos;, java.version: &amp;apos;1.8.0_131&amp;apos;
Driver info: driver.version: AppiumDriver">
      <![CDATA[org.openqa.selenium.remote.SessionNotFoundException: Session ID is null. Using WebDriver after calling quit()?
Build info: version: '2.48.2', revision: '41bccdd10cf2c0560f637404c2d96164b67d9d67', time: '2015-10-09 13:08:06'
System info: host: 'MrdeMacBook-Pro.local', ip: '192.168.10.123', os.name: 'Mac OS X', os.arch: 'x86_64', os.version: '10.12.5', java.version: '1.8.0_131'
Driver info: driver.version: AppiumDriver
	at org.openqa.selenium.remote.HttpCommandExecutor.execute(HttpCommandExecutor.java:134)
	at org.openqa.selenium.remote.RemoteWebDriver.execute(RemoteWebDriver.java:620)
	at io.appium.java_client.AppiumDriver.execute(AppiumDriver.java:180)
	at io.appium.java_client.AppiumDriver.execute(AppiumDriver.java:185)
	at io.appium.java_client.AppiumDriver.getContext(AppiumDriver.java:546)
	at com.codoon.common.util.DeviceHelper.pressBackToHomePage(DeviceHelper.java:397)
	at com.codoon.test.DrycargoTest.tearDown(DrycargoTest.java:42)
... Removed 25 stack frames]]>
    </failure>
  </testcase> <!-- @AfterMethod tearDown -->
  <testcase name="@BeforeMethod setUp" time="0.0" classname="com.codoon.test.DrycargoTest">
    <skipped/>
  </testcase> <!-- @BeforeMethod setUp -->
  <testcase name="@AfterMethod tearDown" time="0.0" classname="com.codoon.test.DrycargoTest">
    <failure type="org.openqa.selenium.remote.SessionNotFoundException" message="Session ID is null. Using WebDriver after calling quit()?
Build info: version: &amp;apos;2.48.2&amp;apos;, revision: &amp;apos;41bccdd10cf2c0560f637404c2d96164b67d9d67&amp;apos;, time: &amp;apos;2015-10-09 13:08:06&amp;apos;
System info: host: &amp;apos;MrdeMacBook-Pro.local&amp;apos;, ip: &amp;apos;192.168.10.123&amp;apos;, os.name: &amp;apos;Mac OS X&amp;apos;, os.arch: &amp;apos;x86_64&amp;apos;, os.version: &amp;apos;10.12.5&amp;apos;, java.version: &amp;apos;1.8.0_131&amp;apos;
Driver info: driver.version: AppiumDriver">
      <![CDATA[org.openqa.selenium.remote.SessionNotFoundException: Session ID is null. Using WebDriver after calling quit()?
Build info: version: '2.48.2', revision: '41bccdd10cf2c0560f637404c2d96164b67d9d67', time: '2015-10-09 13:08:06'
System info: host: 'MrdeMacBook-Pro.local', ip: '192.168.10.123', os.name: 'Mac OS X', os.arch: 'x86_64', os.version: '10.12.5', java.version: '1.8.0_131'
Driver info: driver.version: AppiumDriver
	at org.openqa.selenium.remote.HttpCommandExecutor.execute(HttpCommandExecutor.java:134)
	at org.openqa.selenium.remote.RemoteWebDriver.execute(RemoteWebDriver.java:620)
	at io.appium.java_client.AppiumDriver.execute(AppiumDriver.java:180)
	at io.appium.java_client.AppiumDriver.execute(AppiumDriver.java:185)
	at io.appium.java_client.AppiumDriver.getContext(AppiumDriver.java:546)
	at com.codoon.common.util.DeviceHelper.pressBackToHomePage(DeviceHelper.java:397)
	at com.codoon.test.DrycargoTest.tearDown(DrycargoTest.java:42)
... Removed 25 stack frames]]>
    </failure>
  </testcase> <!-- @AfterMethod tearDown -->
  <testcase name="@BeforeMethod setUp" time="0.0" classname="com.codoon.test.DrycargoTest">
    <skipped/>
  </testcase> <!-- @BeforeMethod setUp -->
  <testcase name="@AfterMethod tearDown" time="0.0" classname="com.codoon.test.DrycargoTest">
    <failure type="org.openqa.selenium.remote.SessionNotFoundException" message="Session ID is null. Using WebDriver after calling quit()?
Build info: version: &amp;apos;2.48.2&amp;apos;, revision: &amp;apos;41bccdd10cf2c0560f637404c2d96164b67d9d67&amp;apos;, time: &amp;apos;2015-10-09 13:08:06&amp;apos;
System info: host: &amp;apos;MrdeMacBook-Pro.local&amp;apos;, ip: &amp;apos;192.168.10.123&amp;apos;, os.name: &amp;apos;Mac OS X&amp;apos;, os.arch: &amp;apos;x86_64&amp;apos;, os.version: &amp;apos;10.12.5&amp;apos;, java.version: &amp;apos;1.8.0_131&amp;apos;
Driver info: driver.version: AppiumDriver">
      <![CDATA[org.openqa.selenium.remote.SessionNotFoundException: Session ID is null. Using WebDriver after calling quit()?
Build info: version: '2.48.2', revision: '41bccdd10cf2c0560f637404c2d96164b67d9d67', time: '2015-10-09 13:08:06'
System info: host: 'MrdeMacBook-Pro.local', ip: '192.168.10.123', os.name: 'Mac OS X', os.arch: 'x86_64', os.version: '10.12.5', java.version: '1.8.0_131'
Driver info: driver.version: AppiumDriver
	at org.openqa.selenium.remote.HttpCommandExecutor.execute(HttpCommandExecutor.java:134)
	at org.openqa.selenium.remote.RemoteWebDriver.execute(RemoteWebDriver.java:620)
	at io.appium.java_client.AppiumDriver.execute(AppiumDriver.java:180)
	at io.appium.java_client.AppiumDriver.execute(AppiumDriver.java:185)
	at io.appium.java_client.AppiumDriver.getContext(AppiumDriver.java:546)
	at com.codoon.common.util.DeviceHelper.pressBackToHomePage(DeviceHelper.java:397)
	at com.codoon.test.DrycargoTest.tearDown(DrycargoTest.java:42)
... Removed 25 stack frames]]>
    </failure>
  </testcase> <!-- @AfterMethod tearDown -->
  <testcase name="@BeforeMethod setUp" time="0.0" classname="com.codoon.test.DrycargoTest">
    <skipped/>
  </testcase> <!-- @BeforeMethod setUp -->
  <testcase name="@AfterMethod tearDown" time="0.0" classname="com.codoon.test.DrycargoTest">
    <failure type="org.openqa.selenium.remote.SessionNotFoundException" message="Session ID is null. Using WebDriver after calling quit()?
Build info: version: &amp;apos;2.48.2&amp;apos;, revision: &amp;apos;41bccdd10cf2c0560f637404c2d96164b67d9d67&amp;apos;, time: &amp;apos;2015-10-09 13:08:06&amp;apos;
System info: host: &amp;apos;MrdeMacBook-Pro.local&amp;apos;, ip: &amp;apos;192.168.10.123&amp;apos;, os.name: &amp;apos;Mac OS X&amp;apos;, os.arch: &amp;apos;x86_64&amp;apos;, os.version: &amp;apos;10.12.5&amp;apos;, java.version: &amp;apos;1.8.0_131&amp;apos;
Driver info: driver.version: AppiumDriver">
      <![CDATA[org.openqa.selenium.remote.SessionNotFoundException: Session ID is null. Using WebDriver after calling quit()?
Build info: version: '2.48.2', revision: '41bccdd10cf2c0560f637404c2d96164b67d9d67', time: '2015-10-09 13:08:06'
System info: host: 'MrdeMacBook-Pro.local', ip: '192.168.10.123', os.name: 'Mac OS X', os.arch: 'x86_64', os.version: '10.12.5', java.version: '1.8.0_131'
Driver info: driver.version: AppiumDriver
	at org.openqa.selenium.remote.HttpCommandExecutor.execute(HttpCommandExecutor.java:134)
	at org.openqa.selenium.remote.RemoteWebDriver.execute(RemoteWebDriver.java:620)
	at io.appium.java_client.AppiumDriver.execute(AppiumDriver.java:180)
	at io.appium.java_client.AppiumDriver.execute(AppiumDriver.java:185)
	at io.appium.java_client.AppiumDriver.getContext(AppiumDriver.java:546)
	at com.codoon.common.util.DeviceHelper.pressBackToHomePage(DeviceHelper.java:397)
	at com.codoon.test.DrycargoTest.tearDown(DrycargoTest.java:42)
... Removed 25 stack frames]]>
    </failure>
  </testcase> <!-- @AfterMethod tearDown -->
  <testcase name="test001" time="0.0" classname="com.codoon.test.SportCircleTest">
    <skipped/>
  </testcase> <!-- test001 -->
  <testcase name="test002" time="0.001" classname="com.codoon.test.SportCircleTest">
    <skipped/>
  </testcase> <!-- test002 -->
  <testcase name="test003" time="0.0" classname="com.codoon.test.SportCircleTest">
    <skipped/>
  </testcase> <!-- test003 -->
  <testcase name="test004" time="0.0" classname="com.codoon.test.SportCircleTest">
    <skipped/>
  </testcase> <!-- test004 -->
  <testcase name="test005" time="0.0" classname="com.codoon.test.SportCircleTest">
    <skipped/>
  </testcase> <!-- test005 -->
  <testcase name="test006" time="0.001" classname="com.codoon.test.SportCircleTest">
    <skipped/>
  </testcase> <!-- test006 -->
  <testcase name="test007" time="0.0" classname="com.codoon.test.SportCircleTest">
    <skipped/>
  </testcase> <!-- test007 -->
  <testcase name="test008" time="0.0" classname="com.codoon.test.SportCircleTest">
    <skipped/>
  </testcase> <!-- test008 -->
  <testcase name="test010" time="0.001" classname="com.codoon.test.SportCircleTest">
    <skipped/>
  </testcase> <!-- test010 -->
  <testcase name="test011" time="0.0" classname="com.codoon.test.SportCircleTest">
    <skipped/>
  </testcase> <!-- test011 -->
  <testcase name="test012" time="0.0" classname="com.codoon.test.SportCircleTest">
    <skipped/>
  </testcase> <!-- test012 -->
  <testcase name="test013" time="0.0" classname="com.codoon.test.SportCircleTest">
    <skipped/>
  </testcase> <!-- test013 -->
  <testcase name="test014" time="0.0" classname="com.codoon.test.SportCircleTest">
    <skipped/>
  </testcase> <!-- test014 -->
  <testcase name="test015" time="0.0" classname="com.codoon.test.SportCircleTest">
    <skipped/>
  </testcase> <!-- test015 -->
  <testcase name="test016" time="0.0" classname="com.codoon.test.SportCircleTest">
    <skipped/>
  </testcase> <!-- test016 -->
  <testcase name="test017" time="0.001" classname="com.codoon.test.SportCircleTest">
    <skipped/>
  </testcase> <!-- test017 -->
  <testcase name="test018" time="0.001" classname="com.codoon.test.SportCircleTest">
    <skipped/>
  </testcase> <!-- test018 -->
  <testcase name="test019" time="0.0" classname="com.codoon.test.SportCircleTest">
    <skipped/>
  </testcase> <!-- test019 -->
  <testcase name="test020" time="0.0" classname="com.codoon.test.SportCircleTest">
    <skipped/>
  </testcase> <!-- test020 -->
  <testcase name="test021" time="0.0" classname="com.codoon.test.SportCircleTest">
    <skipped/>
  </testcase> <!-- test021 -->
  <testcase name="test022" time="0.0" classname="com.codoon.test.SportCircleTest">
    <skipped/>
  </testcase> <!-- test022 -->
  <testcase name="test023" time="0.0" classname="com.codoon.test.SportCircleTest">
    <skipped/>
  </testcase> <!-- test023 -->
  <testcase name="test024" time="0.0" classname="com.codoon.test.SportCircleTest">
    <skipped/>
  </testcase> <!-- test024 -->
  <testcase name="test025" time="0.0" classname="com.codoon.test.SportCircleTest">
    <skipped/>
  </testcase> <!-- test025 -->
  <testcase name="test026" time="0.0" classname="com.codoon.test.SportCircleTest">
    <skipped/>
  </testcase> <!-- test026 -->
  <testcase name="test001" time="0.0" classname="com.codoon.test.DrycargoTest">
    <skipped/>
  </testcase> <!-- test001 -->
  <testcase name="test002" time="0.001" classname="com.codoon.test.DrycargoTest">
    <skipped/>
  </testcase> <!-- test002 -->
  <testcase name="test003" time="0.001" classname="com.codoon.test.DrycargoTest">
    <skipped/>
  </testcase> <!-- test003 -->
  <testcase name="test004" time="0.0" classname="com.codoon.test.DrycargoTest">
    <skipped/>
  </testcase> <!-- test004 -->
  <testcase name="test005" time="0.0" classname="com.codoon.test.DrycargoTest">
    <skipped/>
  </testcase> <!-- test005 -->
  <testcase name="test006" time="0.0" classname="com.codoon.test.DrycargoTest">
    <skipped/>
  </testcase> <!-- test006 -->
  <testcase name="test007" time="0.0" classname="com.codoon.test.DrycargoTest">
    <skipped/>
  </testcase> <!-- test007 -->
  <testcase name="test008" time="0.001" classname="com.codoon.test.DrycargoTest">
    <skipped/>
  </testcase> <!-- test008 -->
  <testcase name="test009" time="0.001" classname="com.codoon.test.DrycargoTest">
    <skipped/>
  </testcase> <!-- test009 -->
  <testcase name="test010" time="0.0" classname="com.codoon.test.DrycargoTest">
    <skipped/>
  </testcase> <!-- test010 -->
  <testcase name="test011" time="0.0" classname="com.codoon.test.DrycargoTest">
    <skipped/>
  </testcase> <!-- test011 -->
  <testcase name="test012" time="0.0" classname="com.codoon.test.DrycargoTest">
    <skipped/>
  </testcase> <!-- test012 -->
</testsuite> <!-- test1 -->
